#
# There is insufficient memory for the Java Runtime Environment to continue.
# Native memory allocation (malloc) failed to allocate 113456 bytes for Chunk::new
# Possible reasons:
#   The system is out of physical RAM or swap space
#   In 32 bit mode, the process size limit was hit
# Possible solutions:
#   Reduce memory load on the system
#   Increase physical memory or swap space
#   Check if swap backing store is full
#   Use 64 bit Java on a 64 bit OS
#   Decrease Java heap size (-Xmx/-Xms)
#   Decrease number of Java threads
#   Decrease Java thread stack sizes (-Xss)
#   Set larger code cache with -XX:ReservedCodeCacheSize=
# This output file may be truncated or incomplete.
#
#  Out of Memory Error (allocation.cpp:390), pid=2144, tid=10428
#
# JRE version: Java(TM) SE Runtime Environment (8.0_65-b17) (build 1.8.0_65-b17)
# Java VM: Java HotSpot(TM) 64-Bit Server VM (25.65-b01 mixed mode windows-amd64 compressed oops)
# Failed to write core dump. Minidumps are not enabled by default on client versions of Windows
#

---------------  T H R E A D  ---------------

Current thread (0x00000000167f0800):  JavaThread "C2 CompilerThread1" daemon [_thread_in_native, id=10428, stack(0x0000000016bf0000,0x0000000016cf0000)]

Stack: [0x0000000016bf0000,0x0000000016cf0000]
[error occurred during error reporting (printing stack bounds), id 0xc0000005]

Native frames: (J=compiled Java code, j=interpreted, Vv=VM code, C=native code)


Current CompileTask:
C2:   1142  633       4       java.util.HashMap::containsKey (18 bytes)


---------------  P R O C E S S  ---------------

Java Threads: ( => current thread )
  0x0000000016a6c000 JavaThread "pool-1-thread-4" [_thread_in_Java, id=12796, stack(0x00000000173f0000,0x00000000174f0000)]
  0x0000000016a69800 JavaThread "pool-1-thread-2" [_thread_in_Java, id=10940, stack(0x00000000171f0000,0x00000000172f0000)]
  0x00000000169aa800 JavaThread "pool-2-thread-1" [_thread_blocked, id=6280, stack(0x00000000170f0000,0x00000000171f0000)]
  0x0000000016850800 JavaThread "Service Thread" daemon [_thread_blocked, id=12080, stack(0x0000000016df0000,0x0000000016ef0000)]
  0x000000001684e800 JavaThread "C1 CompilerThread2" daemon [_thread_in_native, id=8472, stack(0x0000000016cf0000,0x0000000016df0000)]
=>0x00000000167f0800 JavaThread "C2 CompilerThread1" daemon [_thread_in_native, id=10428, stack(0x0000000016bf0000,0x0000000016cf0000)]
  0x00000000151fb800 JavaThread "C2 CompilerThread0" daemon [_thread_in_native, id=12324, stack(0x00000000166f0000,0x00000000167f0000)]
  0x00000000151af800 JavaThread "Attach Listener" daemon [_thread_blocked, id=10572, stack(0x00000000165f0000,0x00000000166f0000)]
  0x00000000151ae800 JavaThread "Signal Dispatcher" daemon [_thread_blocked, id=10976, stack(0x00000000164f0000,0x00000000165f0000)]
  0x0000000002ac0800 JavaThread "Finalizer" daemon [_thread_blocked, id=11992, stack(0x00000000163f0000,0x00000000164f0000)]
  0x0000000002abd800 JavaThread "Reference Handler" daemon [_thread_blocked, id=10956, stack(0x00000000162f0000,0x00000000163f0000)]
  0x00000000028ce000 JavaThread "main" [_thread_blocked, id=9072, stack(0x00000000028d0000,0x00000000029d0000)]

Other Threads:
  0x0000000015168800 VMThread [stack: 0x00000000161f0000,0x00000000162f0000] [id=11192]
  0x00000000168bf000 WatcherThread [stack: 0x0000000016ef0000,0x0000000016ff0000] [id=9672]

VM state:not at safepoint (normal execution)

VM Mutex/Monitor currently owned by a thread: None

Heap:
 PSYoungGen      total 36864K, used 13977K [0x00000000eab00000, 0x00000000ed400000, 0x0000000100000000)
  eden space 31744K, 44% used [0x00000000eab00000,0x00000000eb8a6610,0x00000000eca00000)
  from space 5120K, 0% used [0x00000000ecf00000,0x00000000ecf00000,0x00000000ed400000)
  to   space 5120K, 0% used [0x00000000eca00000,0x00000000eca00000,0x00000000ecf00000)
 ParOldGen       total 84992K, used 0K [0x00000000c0000000, 0x00000000c5300000, 0x00000000eab00000)
  object space 84992K, 0% used [0x00000000c0000000,0x00000000c0000000,0x00000000c5300000)
 Metaspace       used 5599K, capacity 6578K, committed 6784K, reserved 1056768K
  class space    used 594K, capacity 618K, committed 640K, reserved 1048576K

Card table byte_map: [0x0000000011e90000,0x00000000120a0000] byte_map_base: 0x0000000011890000

Marking Bits: (ParMarkBitMap*) 0x00000000670ea5b0
 Begin Bits: [0x0000000012600000, 0x0000000013600000)
 End Bits:   [0x0000000013600000, 0x0000000014600000)

Polling page: 0x0000000000760000

CodeCache: size=245760Kb used=2743Kb max_used=2743Kb free=243016Kb
 bounds [0x0000000002ad0000, 0x0000000002d80000, 0x0000000011ad0000]
 total_blobs=910 nmethods=639 adapters=184
 compilation: enabled

Compilation events (10 events):
Event: 1.138 Thread 0x000000001684e800 nmethod 637 0x0000000002d72dd0 code [0x0000000002d72fa0, 0x0000000002d734e8]
Event: 1.138 Thread 0x000000001684e800  629       3       com.android.dx.ssa.LiteralOpUpgrader::tryReplacingWithConstant (161 bytes)
Event: 1.139 Thread 0x000000001684e800 nmethod 629 0x0000000002d70b10 code [0x0000000002d70dc0, 0x0000000002d722f8]
Event: 1.139 Thread 0x000000001684e800  639       3       com.android.dx.ssa.SetFactory::makeLivenessSet (26 bytes)
Event: 1.139 Thread 0x000000001684e800 nmethod 639 0x0000000002d79490 code [0x0000000002d79620, 0x0000000002d79a28]
Event: 1.139 Thread 0x000000001684e800  640       3       com.android.dx.ssa.back.LivenessAnalyzer::liveOutAtStatement (61 bytes)
Event: 1.140 Thread 0x000000001684e800 nmethod 640 0x0000000002d79c10 code [0x0000000002d79de0, 0x0000000002d7a788]
Event: 1.140 Thread 0x000000001684e800  641       3       com.android.dx.ssa.SsaInsn::isResultReg (24 bytes)
Event: 1.140 Thread 0x000000001684e800 nmethod 641 0x0000000002d7ac50 code [0x0000000002d7adc0, 0x0000000002d7b050]
Event: 1.140 Thread 0x000000001684e800  638       3       com.android.dx.ssa.back.LivenessAnalyzer::liveInAtStatement (55 bytes)

GC Heap History (0 events):
No events

Deoptimization events (2 events):
Event: 0.944 Thread 0x0000000016a69800 Uncommon trap: reason=unstable_if action=reinterpret pc=0x0000000002cc93c4 method=java.util.HashMap.getNode(ILjava/lang/Object;)Ljava/util/HashMap$Node; @ 62
Event: 0.946 Thread 0x0000000016a6c000 Uncommon trap: reason=unstable_if action=reinterpret pc=0x0000000002d07bb0 method=java.util.BitSet.nextSetBit(I)I @ 87

Internal exceptions (2 events):
Event: 0.096 Thread 0x00000000028ce000 Exception <a 'java/lang/NoSuchMethodError': Method sun.misc.Unsafe.defineClass(Ljava/lang/String;[BII)Ljava/lang/Class; name or signature does not match> (0x00000000eab130b0) thrown at [C:\workspace\8-2-build-windows-amd64-cygwin\jdk8u65\4987\hotspot\src\sØµRcùÖ∏?
Event: 0.096 Thread 0x00000000028ce000 Exception <a 'java/lang/NoSuchMethodError': Method sun.misc.Unsafe.prefetchRead(Ljava/lang/Object;J)V name or signature does not match> (0x00000000eab13398) thrown at [C:\workspace\8-2-build-windows-amd64-cygwin\jdk8u65\4987\hotspot\src\share\vm\prims\jni.

Events (10 events):
Event: 0.787 loading class com/android/dx/ssa/PhiInsn$Operand done
Event: 0.818 loading class com/android/dx/ssa/back/FirstFitLocalCombiningAllocator$Multiset
Event: 0.818 loading class com/android/dx/ssa/back/FirstFitLocalCombiningAllocator$Multiset done
Event: 0.831 Thread 0x0000000016a6a800 Thread exited: 0x0000000016a6a800
Event: 0.944 Thread 0x0000000016a69800 Uncommon trap: trap_request=0xffffff65 fr.pc=0x0000000002cc93c4
Event: 0.944 Thread 0x0000000016a69800 DEOPT PACKING pc=0x0000000002cc93c4 sp=0x00000000172eea90
Event: 0.944 Thread 0x0000000016a69800 DEOPT UNPACKING pc=0x0000000002b1582a sp=0x00000000172eea08 mode 2
Event: 0.946 Thread 0x0000000016a6c000 Uncommon trap: trap_request=0xffffff65 fr.pc=0x0000000002d07bb0
Event: 0.946 Thread 0x0000000016a6c000 DEOPT PACKING pc=0x0000000002d07bb0 sp=0x00000000174eee90
Event: 0.946 Thread 0x0000000016a6c000 DEOPT UNPACKING pc=0x0000000002b1582a sp=0x00000000174eee28 mode 2


Dynamic libraries:
0x00007ff795f10000 - 0x00007ff795f47000 	C:\Program Files\Java\jdk1.8.0_65\bin\java.exe
0x00007ffcdfd60000 - 0x00007ffcdff21000 	C:\WINDOWS\SYSTEM32\ntdll.dll
0x00007ffcddd90000 - 0x00007ffcdde3d000 	C:\WINDOWS\system32\KERNEL32.DLL
0x00007ffcdcd50000 - 0x00007ffcdcf38000 	C:\WINDOWS\system32\KERNELBASE.dll
0x00007ffcddce0000 - 0x00007ffcddd87000 	C:\WINDOWS\system32\ADVAPI32.dll
0x00007ffcdd400000 - 0x00007ffcdd49d000 	C:\WINDOWS\system32\msvcrt.dll
0x00007ffcdfd00000 - 0x00007ffcdfd5b000 	C:\WINDOWS\system32\sechost.dll
0x00007ffcde200000 - 0x00007ffcde31c000 	C:\WINDOWS\system32\RPCRT4.dll
0x00007ffcde0a0000 - 0x00007ffcde1f6000 	C:\WINDOWS\system32\USER32.dll
0x00007ffcdf8f0000 - 0x00007ffcdfa76000 	C:\WINDOWS\system32\GDI32.dll
0x00007ffcd37c0000 - 0x00007ffcd3a34000 	C:\WINDOWS\WinSxS\amd64_microsoft.windows.common-controls_6595b64144ccf1df_6.0.10586.589_none_a2ddb3caa539acce\COMCTL32.dll
0x00007ffcdfa80000 - 0x00007ffcdfcfd000 	C:\WINDOWS\system32\combase.dll
0x00007ffcdc460000 - 0x00007ffcdc4ca000 	C:\WINDOWS\system32\bcryptPrimitives.dll
0x00007ffcdd710000 - 0x00007ffcdd74b000 	C:\WINDOWS\system32\IMM32.DLL
0x0000000066460000 - 0x0000000066532000 	C:\Program Files\Java\jdk1.8.0_65\jre\bin\msvcr100.dll
0x00000000668e0000 - 0x0000000067169000 	C:\Program Files\Java\jdk1.8.0_65\jre\bin\server\jvm.dll
0x00007ffcddeb0000 - 0x00007ffcddeb8000 	C:\WINDOWS\system32\PSAPI.DLL
0x00007ffcda7b0000 - 0x00007ffcda7d3000 	C:\WINDOWS\SYSTEM32\WINMM.dll
0x00007ffccb160000 - 0x00007ffccb169000 	C:\WINDOWS\SYSTEM32\WSOCK32.dll
0x00007ffcd3a40000 - 0x00007ffcd3a4a000 	C:\WINDOWS\SYSTEM32\VERSION.dll
0x00007ffcdf880000 - 0x00007ffcdf8eb000 	C:\WINDOWS\system32\WS2_32.dll
0x00007ffcda750000 - 0x00007ffcda77c000 	C:\WINDOWS\SYSTEM32\WINMMBASE.dll
0x00007ffcdc410000 - 0x00007ffcdc453000 	C:\WINDOWS\system32\cfgmgr32.dll
0x00000000668d0000 - 0x00000000668df000 	C:\Program Files\Java\jdk1.8.0_65\jre\bin\verify.dll
0x00000000668a0000 - 0x00000000668c9000 	C:\Program Files\Java\jdk1.8.0_65\jre\bin\java.dll
0x0000000066880000 - 0x0000000066896000 	C:\Program Files\Java\jdk1.8.0_65\jre\bin\zip.dll
0x00007ffcde320000 - 0x00007ffcdf87c000 	C:\WINDOWS\system32\SHELL32.dll
0x00007ffcdc700000 - 0x00007ffcdcd45000 	C:\WINDOWS\system32\windows.storage.dll
0x00007ffcddec0000 - 0x00007ffcddf12000 	C:\WINDOWS\system32\shlwapi.dll
0x00007ffcdc400000 - 0x00007ffcdc40f000 	C:\WINDOWS\system32\kernel.appcore.dll
0x00007ffcdcf40000 - 0x00007ffcdcff5000 	C:\WINDOWS\system32\shcore.dll
0x00007ffcdc3b0000 - 0x00007ffcdc3fb000 	C:\WINDOWS\system32\powrprof.dll
0x00007ffcdc380000 - 0x00007ffcdc394000 	C:\WINDOWS\system32\profapi.dll

VM Arguments:
jvm_args: -Djava.awt.headless=true -Xmx1024M -Dfile.encoding=GBK -Duser.country=CN -Duser.language=zh -Duser.variant 
java_command: com.android.dx.command.Main --dex --num-threads=4 --output C:\Users\Administrator\AndroidStudioProjects\DemoTest\app\build\intermediates\pre-dexed\debug\me.drakeet.materialdialog-library-1.2.8_324178de92100fad7e8be7b8540b122204070eac.jar C:\Users\Administrator\AndroidStudioProjects\DemoTest\app\build\intermediates\exploded-aar\me.drakeet.materialdialog\library\1.2.8\jars\classes.jar
java_class_path (initial): E:\AndroidSDK\build-tools\23.0.2\lib\dx.jar
Launcher Type: SUN_STANDARD

Environment Variables:
JAVA_HOME=C:\Program Files\Java\jdk1.8.0_65
CLASSPATH=D:\apache-tomcat-7.0.70\lib\servlet-api.jar
PATH=C:\Program Files\Java\jdk1.8.0_65\bin;C:\ProgramData\Oracle\Java\javapath;C:\Program Files (x86)\Intel\iCLS Client\;C:\Program Files\Intel\iCLS Client\;C:\Windows\system32;C:\Windows;C:\Windows\System32\Wbem;C:\Windows\System32\WindowsPowerShell\v1.0\;C:\Program Files (x86)\Intel\Intel(R) Management Engine Components\DAL;C:\Program Files\Intel\Intel(R) Management Engine Components\DAL;C:\Program Files (x86)\Intel\Intel(R) Management Engine Components\IPT;C:\Program Files\Intel\Intel(R) Management Engine Components\IPT;C:\Program Files (x86)\NVIDIA Corporation\PhysX\Common;C:\WINDOWS\system32;C:\WINDOWS;C:\WINDOWS\System32\Wbem;C:\WINDOWS\System32\WindowsPowerShell\v1.0\;F:\xampps\perl\bin\;D:\TortoiseSVN\bin;E:\AndroidSDK\platform-tools;C:\Program Files (x86)\Windows Kits\8.1\Windows Performance Toolkit\;C:\Program Files\Microsoft SQL Server\110\Tools\Binn\;C:\Program Files\Microsoft\Web Platform Installer\;C:\Program Files\Intel\WiFi\bin\;C:\Program Files\Common Files\Intel\WirelessCommon\;D:\apache-tomcat-7.0.70\lib\servlet-api.jar;D:\maven\apache-maven-3.3.9\bin;F:\HashiCorp\Vagrant\bin;F:\Ruby22-x64\bin;F:\Ruby21-x64\bin;C:\Program Files\Java\jdk1.8.0_65/bin;C:\Program Files\Java\jdk1.8.0_65/jre/bin; ;C:\Users\Administrator\AppData\Local\atom\bin;C:\Program Files\Intel\WiFi\bin\;C:\Program Files\Common Files\Intel\WirelessCommon\
USERNAME=Administrator
OS=Windows_NT
PROCESSOR_IDENTIFIER=Intel64 Family 6 Model 78 Stepping 3, GenuineIntel



---------------  S Y S T E M  ---------------

OS: Windows 10.0 , 64 bit Build 10586 (10.0.10586.589)

CPU:total 4 (2 cores per cpu, 2 threads per core) family 6 model 78 stepping 3, cmov, cx8, fxsr, mmx, sse, sse2, sse3, ssse3, sse4.1, sse4.2, popcnt, avx, avx2, aes, clmul, erms, 3dnowpref, lzcnt, ht, tsc, tscinvbit, bmi1, bmi2, adx

Memory: 4k page, physical 8082820k(1523216k free), swap 8082820k(4096k free)

vm_info: Java HotSpot(TM) 64-Bit Server VM (25.65-b01) for windows-amd64 JRE (1.8.0_65-b17), built on Oct  6 2015 16:39:20 by "java_re" with MS VC++ 10.0 (VS2010)

time: Wed Sep 28 17:03:55 2016
elapsed time: 1 seconds (0d 0h 0m 1s)

