#
# There is insufficient memory for the Java Runtime Environment to continue.
# Native memory allocation (malloc) failed to allocate 52336 bytes for Chunk::new
# Possible reasons:
#   The system is out of physical RAM or swap space
#   In 32 bit mode, the process size limit was hit
# Possible solutions:
#   Reduce memory load on the system
#   Increase physical memory or swap space
#   Check if swap backing store is full
#   Use 64 bit Java on a 64 bit OS
#   Decrease Java heap size (-Xmx/-Xms)
#   Decrease number of Java threads
#   Decrease Java thread stack sizes (-Xss)
#   Set larger code cache with -XX:ReservedCodeCacheSize=
# This output file may be truncated or incomplete.
#
#  Out of Memory Error (allocation.cpp:390), pid=7228, tid=14208
#
# JRE version: Java(TM) SE Runtime Environment (8.0_65-b17) (build 1.8.0_65-b17)
# Java VM: Java HotSpot(TM) 64-Bit Server VM (25.65-b01 mixed mode windows-amd64 compressed oops)
# Failed to write core dump. Minidumps are not enabled by default on client versions of Windows
#

---------------  T H R E A D  ---------------

Current thread (0x0000000015a6b000):  JavaThread "C2 CompilerThread0" daemon [_thread_in_native, id=14208, stack(0x0000000016f70000,0x0000000017070000)]

Stack: [0x0000000016f70000,0x0000000017070000]
[error occurred during error reporting (printing stack bounds), id 0xc0000005]

Native frames: (J=compiled Java code, j=interpreted, Vv=VM code, C=native code)


Current CompileTask:
C2:   4242 1019       4       java.util.Arrays::equals (78 bytes)


---------------  P R O C E S S  ---------------

Java Threads: ( => current thread )
  0x00000000172f3000 JavaThread "pool-1-thread-4" [_thread_blocked, id=13772, stack(0x0000000017c70000,0x0000000017d70000)]
  0x00000000172f2800 JavaThread "pool-1-thread-3" [_thread_blocked, id=12072, stack(0x0000000017b70000,0x0000000017c70000)]
  0x00000000172f1800 JavaThread "pool-1-thread-2" [_thread_blocked, id=10936, stack(0x0000000017a70000,0x0000000017b70000)]
  0x00000000172ef800 JavaThread "pool-2-thread-1" [_thread_blocked, id=6252, stack(0x0000000017970000,0x0000000017a70000)]
  0x0000000017339000 JavaThread "pool-1-thread-1" [_thread_in_Java, id=13184, stack(0x0000000017870000,0x0000000017970000)]
  0x00000000170d1000 JavaThread "Service Thread" daemon [_thread_blocked, id=2508, stack(0x0000000017670000,0x0000000017770000)]
  0x00000000170cb000 JavaThread "C1 CompilerThread2" daemon [_thread_in_native, id=13132, stack(0x0000000017570000,0x0000000017670000)]
  0x00000000170c5800 JavaThread "C2 CompilerThread1" daemon [_thread_in_vm, id=14004, stack(0x0000000017470000,0x0000000017570000)]
=>0x0000000015a6b000 JavaThread "C2 CompilerThread0" daemon [_thread_in_native, id=14208, stack(0x0000000016f70000,0x0000000017070000)]
  0x0000000015a68800 JavaThread "Attach Listener" daemon [_thread_blocked, id=8488, stack(0x0000000016e70000,0x0000000016f70000)]
  0x0000000015a1e800 JavaThread "Signal Dispatcher" daemon [_thread_blocked, id=1864, stack(0x0000000016d70000,0x0000000016e70000)]
  0x0000000003330800 JavaThread "Finalizer" daemon [_thread_blocked, id=4892, stack(0x0000000016c70000,0x0000000016d70000)]
  0x000000000332d800 JavaThread "Reference Handler" daemon [_thread_blocked, id=12596, stack(0x0000000016b70000,0x0000000016c70000)]
  0x0000000002c8e000 JavaThread "main" [_thread_in_Java, id=14056, stack(0x0000000003040000,0x0000000003140000)]

Other Threads:
  0x00000000159d8800 VMThread [stack: 0x0000000016a70000,0x0000000016b70000] [id=6956]
  0x0000000017125800 WatcherThread [stack: 0x0000000017770000,0x0000000017870000] [id=13684]

VM state:not at safepoint (normal execution)

VM Mutex/Monitor currently owned by a thread:  ([mutex/lock_event])
[0x0000000003240250] Compile_lock - owner thread: 0x0000000000000000

Heap:
 PSYoungGen      total 36864K, used 23753K [0x00000000eab00000, 0x00000000ed400000, 0x0000000100000000)
  eden space 31744K, 74% used [0x00000000eab00000,0x00000000ec232650,0x00000000eca00000)
  from space 5120K, 0% used [0x00000000ecf00000,0x00000000ecf00000,0x00000000ed400000)
  to   space 5120K, 0% used [0x00000000eca00000,0x00000000eca00000,0x00000000ecf00000)
 ParOldGen       total 84992K, used 0K [0x00000000c0000000, 0x00000000c5300000, 0x00000000eab00000)
  object space 84992K, 0% used [0x00000000c0000000,0x00000000c0000000,0x00000000c5300000)
 Metaspace       used 5939K, capacity 6834K, committed 7040K, reserved 1056768K
  class space    used 600K, capacity 618K, committed 640K, reserved 1048576K

Card table byte_map: [0x0000000012700000,0x0000000012910000] byte_map_base: 0x0000000012100000

Marking Bits: (ParMarkBitMap*) 0x0000000054eba5b0
 Begin Bits: [0x0000000012e70000, 0x0000000013e70000)
 End Bits:   [0x0000000013e70000, 0x0000000014e70000)

Polling page: 0x0000000002bb0000

CodeCache: size=245760Kb used=4138Kb max_used=4150Kb free=241621Kb
 bounds [0x0000000003340000, 0x0000000003750000, 0x0000000012340000]
 total_blobs=1305 nmethods=1034 adapters=184
 compilation: enabled

Compilation events (10 events):
Event: 4.237 Thread 0x00000000170cb000 nmethod 1028 0x0000000003743410 code [0x0000000003743560, 0x0000000003743670]
Event: 4.237 Thread 0x00000000170cb000 1029       3       com.android.dx.dex.file.Section::validateAlignment (23 bytes)
Event: 4.237 Thread 0x00000000170cb000 nmethod 1029 0x00000000037436d0 code [0x0000000003743840, 0x0000000003743aa8]
Event: 4.237 Thread 0x00000000170cb000 1030   !   3       java.util.zip.ZipFile::getInflater (56 bytes)
Event: 4.238 Thread 0x00000000170cb000 nmethod 1030 0x0000000003743b90 code [0x0000000003743d80, 0x0000000003744938]
Event: 4.238 Thread 0x00000000170cb000 1031       3       com.android.dx.cf.code.OneLocalsArray::getOrNull (7 bytes)
Event: 4.238 Thread 0x00000000170cb000 nmethod 1031 0x0000000003744f90 code [0x00000000037450e0, 0x0000000003745250]
Event: 4.238 Thread 0x00000000170cb000 1032       3       com.android.dx.cf.code.Merger::mergeType (142 bytes)
Event: 4.239 Thread 0x00000000170cb000 nmethod 1032 0x0000000003745350 code [0x0000000003745600, 0x0000000003746a88]
Event: 4.239 Thread 0x00000000170cb000 1033       3       com.android.dx.ssa.DeadCodeRemover::run (194 bytes)

GC Heap History (0 events):
No events

Deoptimization events (2 events):
Event: 3.075 Thread 0x0000000002c8e000 Uncommon trap: reason=unstable_if action=reinterpret pc=0x0000000003499194 method=java.lang.String.compareTo(Ljava/lang/String;)I @ 38
Event: 3.872 Thread 0x0000000002c8e000 Uncommon trap: reason=unstable_if action=reinterpret pc=0x0000000003571a9c method=java.util.HashMap.getNode(ILjava/lang/Object;)Ljava/util/HashMap$Node; @ 129

Internal exceptions (2 events):
Event: 2.179 Thread 0x0000000002c8e000 Exception <a 'java/lang/NoSuchMethodError': Method sun.misc.Unsafe.defineClass(Ljava/lang/String;[BII)Ljava/lang/Class; name or signature does not match> (0x00000000eab130b0) thrown at [C:\workspace\8-2-build-windows-amd64-cygwin\jdk8u65\4987\hotspot\src\sS){H`n@
Event: 2.179 Thread 0x0000000002c8e000 Exception <a 'java/lang/NoSuchMethodError': Method sun.misc.Unsafe.prefetchRead(Ljava/lang/Object;J)V name or signature does not match> (0x00000000eab13398) thrown at [C:\workspace\8-2-build-windows-amd64-cygwin\jdk8u65\4987\hotspot\src\share\vm\prims\jni.

Events (10 events):
Event: 4.159 loading class com/android/dx/cf/attrib/AttExceptions
Event: 4.159 loading class com/android/dx/cf/attrib/AttExceptions done
Event: 4.210 loading class com/android/dx/cf/direct/AnnotationParser
Event: 4.210 loading class com/android/dx/cf/direct/AnnotationParser done
Event: 4.212 loading class com/android/dx/cf/attrib/AttRuntimeInvisibleParameterAnnotations
Event: 4.212 loading class com/android/dx/cf/attrib/AttRuntimeInvisibleParameterAnnotations done
Event: 4.213 loading class com/android/dx/cf/attrib/BaseParameterAnnotations
Event: 4.213 loading class com/android/dx/cf/attrib/BaseParameterAnnotations done
Event: 4.239 loading class com/android/dx/dex/file/ParameterAnnotationStruct
Event: 4.239 loading class com/android/dx/dex/file/ParameterAnnotationStruct done


Dynamic libraries:
0x00007ff749fe0000 - 0x00007ff74a017000 	C:\Program Files\Java\jdk1.8.0_65\bin\java.exe
0x00007ffe38770000 - 0x00007ffe38931000 	C:\WINDOWS\SYSTEM32\ntdll.dll
0x00007ffe37ba0000 - 0x00007ffe37c4d000 	C:\WINDOWS\system32\KERNEL32.DLL
0x00007ffe34f60000 - 0x00007ffe35148000 	C:\WINDOWS\system32\KERNELBASE.dll
0x00007ffe37f70000 - 0x00007ffe38017000 	C:\WINDOWS\system32\ADVAPI32.dll
0x00007ffe382a0000 - 0x00007ffe3833d000 	C:\WINDOWS\system32\msvcrt.dll
0x00007ffe37910000 - 0x00007ffe3796b000 	C:\WINDOWS\system32\sechost.dll
0x00007ffe384a0000 - 0x00007ffe385bc000 	C:\WINDOWS\system32\RPCRT4.dll
0x00007ffe38340000 - 0x00007ffe38496000 	C:\WINDOWS\system32\USER32.dll
0x00007ffe385e0000 - 0x00007ffe38766000 	C:\WINDOWS\system32\GDI32.dll
0x00007ffe2ed40000 - 0x00007ffe2efb4000 	C:\WINDOWS\WinSxS\amd64_microsoft.windows.common-controls_6595b64144ccf1df_6.0.10586.494_none_a2d8b04ea53e3145\COMCTL32.dll
0x00007ffe375c0000 - 0x00007ffe3783d000 	C:\WINDOWS\system32\combase.dll
0x00007ffe34e20000 - 0x00007ffe34e8a000 	C:\WINDOWS\system32\bcryptPrimitives.dll
0x00007ffe37f30000 - 0x00007ffe37f6b000 	C:\WINDOWS\system32\IMM32.DLL
0x0000000054230000 - 0x0000000054302000 	C:\Program Files\Java\jdk1.8.0_65\jre\bin\msvcr100.dll
0x00000000546b0000 - 0x0000000054f39000 	C:\Program Files\Java\jdk1.8.0_65\jre\bin\server\jvm.dll
0x00007ffe38230000 - 0x00007ffe38238000 	C:\WINDOWS\system32\PSAPI.DLL
0x00007ffe23db0000 - 0x00007ffe23db9000 	C:\WINDOWS\SYSTEM32\WSOCK32.dll
0x00007ffe37d60000 - 0x00007ffe37dcb000 	C:\WINDOWS\system32\WS2_32.dll
0x00007ffe33490000 - 0x00007ffe334b3000 	C:\WINDOWS\SYSTEM32\WINMM.dll
0x00007ffe2f060000 - 0x00007ffe2f06a000 	C:\WINDOWS\SYSTEM32\VERSION.dll
0x00007ffe33430000 - 0x00007ffe3345c000 	C:\WINDOWS\SYSTEM32\WINMMBASE.dll
0x00007ffe34ef0000 - 0x00007ffe34f33000 	C:\WINDOWS\system32\cfgmgr32.dll
0x00000000546a0000 - 0x00000000546af000 	C:\Program Files\Java\jdk1.8.0_65\jre\bin\verify.dll
0x0000000054670000 - 0x0000000054699000 	C:\Program Files\Java\jdk1.8.0_65\jre\bin\java.dll
0x0000000054650000 - 0x0000000054666000 	C:\Program Files\Java\jdk1.8.0_65\jre\bin\zip.dll
0x00007ffe36060000 - 0x00007ffe375bc000 	C:\WINDOWS\system32\SHELL32.dll
0x00007ffe35210000 - 0x00007ffe35855000 	C:\WINDOWS\system32\windows.storage.dll
0x00007ffe38020000 - 0x00007ffe38072000 	C:\WINDOWS\system32\shlwapi.dll
0x00007ffe34d90000 - 0x00007ffe34d9f000 	C:\WINDOWS\system32\kernel.appcore.dll
0x00007ffe35150000 - 0x00007ffe35205000 	C:\WINDOWS\system32\shcore.dll
0x00007ffe34db0000 - 0x00007ffe34dfb000 	C:\WINDOWS\system32\powrprof.dll
0x00007ffe34e00000 - 0x00007ffe34e14000 	C:\WINDOWS\system32\profapi.dll

VM Arguments:
jvm_args: -Djava.awt.headless=true -Xmx1024M -Dfile.encoding=GBK -Duser.country=CN -Duser.language=zh -Duser.variant 
java_command: com.android.dx.command.Main --dex --num-threads=4 --output C:\Users\Administrator\AndroidStudioProjects\DemoTest\app\build\intermediates\pre-dexed\debug\internal_impl-24.1.1_b4fb4d03ca600669eff2558677b6ef3cbf8d38aa.jar C:\Users\Administrator\AndroidStudioProjects\DemoTest\app\build\intermediates\exploded-aar\com.android.support\support-v4\24.1.1\jars\libs\internal_impl-24.1.1.jar
java_class_path (initial): E:\AndroidSDK\build-tools\23.0.2\lib\dx.jar
Launcher Type: SUN_STANDARD

Environment Variables:
JAVA_HOME=C:\Program Files\Java\jdk1.8.0_65
CLASSPATH=D:\apache-tomcat-7.0.70\lib\servlet-api.jar
PATH=C:\Program Files\Java\jdk1.8.0_65\bin;C:\ProgramData\Oracle\Java\javapath;C:\Program Files (x86)\Intel\iCLS Client\;C:\Program Files\Intel\iCLS Client\;C:\Windows\system32;C:\Windows;C:\Windows\System32\Wbem;C:\Windows\System32\WindowsPowerShell\v1.0\;C:\Program Files (x86)\Intel\Intel(R) Management Engine Components\DAL;C:\Program Files\Intel\Intel(R) Management Engine Components\DAL;C:\Program Files (x86)\Intel\Intel(R) Management Engine Components\IPT;C:\Program Files\Intel\Intel(R) Management Engine Components\IPT;C:\Program Files (x86)\NVIDIA Corporation\PhysX\Common;C:\WINDOWS\system32;C:\WINDOWS;C:\WINDOWS\System32\Wbem;C:\WINDOWS\System32\WindowsPowerShell\v1.0\;F:\xampps\perl\bin\;D:\TortoiseSVN\bin;E:\AndroidSDK\platform-tools;C:\Program Files (x86)\Windows Kits\8.1\Windows Performance Toolkit\;C:\Program Files\Microsoft SQL Server\110\Tools\Binn\;C:\Program Files\Microsoft\Web Platform Installer\;C:\Program Files\Intel\WiFi\bin\;C:\Program Files\Common Files\Intel\WirelessCommon\;D:\apache-tomcat-7.0.70\lib\servlet-api.jar;D:\maven\apache-maven-3.3.9\bin;F:\HashiCorp\Vagrant\bin;F:\Ruby22-x64\bin;F:\Ruby21-x64\bin;C:\Program Files\Java\jdk1.8.0_65/bin;C:\Program Files\Java\jdk1.8.0_65/jre/bin; ;C:\Users\Administrator\AppData\Local\atom\bin;C:\Program Files\Intel\WiFi\bin\;C:\Program Files\Common Files\Intel\WirelessCommon\
USERNAME=Administrator
OS=Windows_NT
PROCESSOR_IDENTIFIER=Intel64 Family 6 Model 78 Stepping 3, GenuineIntel



---------------  S Y S T E M  ---------------

OS: Windows 10.0 , 64 bit Build 10586 (10.0.10586.0)

CPU:total 4 (2 cores per cpu, 2 threads per core) family 6 model 78 stepping 3, cmov, cx8, fxsr, mmx, sse, sse2, sse3, ssse3, sse4.1, sse4.2, popcnt, avx, avx2, aes, clmul, erms, 3dnowpref, lzcnt, ht, tsc, tscinvbit, bmi1, bmi2, adx

Memory: 4k page, physical 8082820k(1075740k free), swap 8082820k(4096k free)

vm_info: Java HotSpot(TM) 64-Bit Server VM (25.65-b01) for windows-amd64 JRE (1.8.0_65-b17), built on Oct  6 2015 16:39:20 by "java_re" with MS VC++ 10.0 (VS2010)

time: Fri Aug 26 11:47:39 2016
elapsed time: 4 seconds (0d 0h 0m 4s)

