#
# There is insufficient memory for the Java Runtime Environment to continue.
# Native memory allocation (malloc) failed to allocate 304176 bytes for Chunk::new
# Possible reasons:
#   The system is out of physical RAM or swap space
#   In 32 bit mode, the process size limit was hit
# Possible solutions:
#   Reduce memory load on the system
#   Increase physical memory or swap space
#   Check if swap backing store is full
#   Use 64 bit Java on a 64 bit OS
#   Decrease Java heap size (-Xmx/-Xms)
#   Decrease number of Java threads
#   Decrease Java thread stack sizes (-Xss)
#   Set larger code cache with -XX:ReservedCodeCacheSize=
# This output file may be truncated or incomplete.
#
#  Out of Memory Error (allocation.cpp:390), pid=10688, tid=13236
#
# JRE version: Java(TM) SE Runtime Environment (8.0_65-b17) (build 1.8.0_65-b17)
# Java VM: Java HotSpot(TM) 64-Bit Server VM (25.65-b01 mixed mode windows-amd64 compressed oops)
# Failed to write core dump. Minidumps are not enabled by default on client versions of Windows
#

---------------  T H R E A D  ---------------

Current thread (0x000000001501b800):  JavaThread "C2 CompilerThread0" daemon [_thread_in_native, id=13236, stack(0x0000000016580000,0x0000000016680000)]

Stack: [0x0000000016580000,0x0000000016680000]
[error occurred during error reporting (printing stack bounds), id 0xc0000005]

Native frames: (J=compiled Java code, j=interpreted, Vv=VM code, C=native code)


Current CompileTask:
C2:   1766 1156   !   4       com.android.dx.cf.code.BytecodeArray::parseInstruction (2764 bytes)


---------------  P R O C E S S  ---------------

Java Threads: ( => current thread )
  0x00000000168d8800 JavaThread "pool-1-thread-4" [_thread_in_Java, id=12856, stack(0x0000000017280000,0x0000000017380000)]
  0x00000000168d7000 JavaThread "pool-1-thread-3" [_thread_blocked, id=9100, stack(0x0000000017180000,0x0000000017280000)]
  0x00000000168d6800 JavaThread "pool-1-thread-2" [_thread_in_Java, id=11896, stack(0x0000000017080000,0x0000000017180000)]
  0x00000000168d5800 JavaThread "pool-2-thread-1" [_thread_blocked, id=11508, stack(0x0000000016f80000,0x0000000017080000)]
  0x0000000016980000 JavaThread "pool-1-thread-1" [_thread_blocked, id=12384, stack(0x0000000016e80000,0x0000000016f80000)]
  0x00000000166e2800 JavaThread "Service Thread" daemon [_thread_blocked, id=9532, stack(0x0000000016c80000,0x0000000016d80000)]
  0x00000000166dd800 JavaThread "C1 CompilerThread2" daemon [_thread_blocked, id=1840, stack(0x0000000016b80000,0x0000000016c80000)]
  0x00000000166da000 JavaThread "C2 CompilerThread1" daemon [_thread_in_native, id=13088, stack(0x0000000016a80000,0x0000000016b80000)]
=>0x000000001501b800 JavaThread "C2 CompilerThread0" daemon [_thread_in_native, id=13236, stack(0x0000000016580000,0x0000000016680000)]
  0x0000000014fcf800 JavaThread "Attach Listener" daemon [_thread_blocked, id=120, stack(0x0000000016480000,0x0000000016580000)]
  0x0000000014fce800 JavaThread "Signal Dispatcher" daemon [_thread_blocked, id=6468, stack(0x0000000016380000,0x0000000016480000)]
  0x00000000028e0800 JavaThread "Finalizer" daemon [_thread_blocked, id=1496, stack(0x0000000016220000,0x0000000016320000)]
  0x00000000028dd800 JavaThread "Reference Handler" daemon [_thread_blocked, id=12324, stack(0x0000000016120000,0x0000000016220000)]
  0x000000000228e000 JavaThread "main" [_thread_blocked, id=884, stack(0x0000000002290000,0x0000000002390000)]

Other Threads:
  0x0000000014f88800 VMThread [stack: 0x0000000016020000,0x0000000016120000] [id=4036]
  0x000000001673c000 WatcherThread [stack: 0x0000000016d80000,0x0000000016e80000] [id=12228]

VM state:not at safepoint (normal execution)

VM Mutex/Monitor currently owned by a thread: None

Heap:
 PSYoungGen      total 36864K, used 7706K [0x00000000eab00000, 0x00000000ef300000, 0x0000000100000000)
  eden space 31744K, 8% used [0x00000000eab00000,0x00000000ead89dc8,0x00000000eca00000)
  from space 5120K, 99% used [0x00000000eca00000,0x00000000ecefcab8,0x00000000ecf00000)
  to   space 5120K, 0% used [0x00000000eee00000,0x00000000eee00000,0x00000000ef300000)
 ParOldGen       total 84992K, used 1854K [0x00000000c0000000, 0x00000000c5300000, 0x00000000eab00000)
  object space 84992K, 2% used [0x00000000c0000000,0x00000000c01cfb90,0x00000000c5300000)
 Metaspace       used 6042K, capacity 6902K, committed 7040K, reserved 1056768K
  class space    used 601K, capacity 622K, committed 640K, reserved 1048576K

Card table byte_map: [0x0000000011cb0000,0x0000000011ec0000] byte_map_base: 0x00000000116b0000

Marking Bits: (ParMarkBitMap*) 0x000000005b05a5b0
 Begin Bits: [0x0000000012420000, 0x0000000013420000)
 End Bits:   [0x0000000013420000, 0x0000000014420000)

Polling page: 0x0000000000700000

CodeCache: size=245760Kb used=4991Kb max_used=5007Kb free=240768Kb
 bounds [0x00000000028f0000, 0x0000000002de0000, 0x00000000118f0000]
 total_blobs=1492 nmethods=1221 adapters=184
 compilation: enabled

Compilation events (10 events):
Event: 1.655 Thread 0x00000000166dd800 1230       3       com.android.dx.ssa.Optimizer::getAdvice (4 bytes)
Event: 1.656 Thread 0x00000000166dd800 nmethod 1230 0x0000000002dd11d0 code [0x0000000002dd1320, 0x0000000002dd1450]
Event: 1.656 Thread 0x00000000166dd800 1229       3       com.android.dx.dex.cf.AttributeTranslator::getSignature (26 bytes)
Event: 1.656 Thread 0x00000000166dd800 nmethod 1229 0x0000000002dd14d0 code [0x0000000002dd1660, 0x0000000002dd1a18]
Event: 1.656 Thread 0x00000000166dd800 1231       3       com.android.dx.rop.code.ThrowingInsn::accept (8 bytes)
Event: 1.656 Thread 0x00000000166dd800 nmethod 1231 0x0000000002dd1b50 code [0x0000000002dd1cc0, 0x0000000002dd1ee8]
Event: 1.669 Thread 0x00000000166da000 nmethod 1216 0x0000000002dd60d0 code [0x0000000002dd62e0, 0x0000000002dd7770]
Event: 1.669 Thread 0x00000000166da000 1223       4       com.android.dx.rop.code.InsnList::set (7 bytes)
Event: 1.670 Thread 0x00000000166da000 nmethod 1223 0x0000000002dd3010 code [0x0000000002dd3160, 0x0000000002dd3278]
Event: 1.670 Thread 0x00000000166da000 1219       4       com.android.dx.ssa.SCCP::simulateStmt (481 bytes)

GC Heap History (2 events):
Event: 1.675 GC heap before
{Heap before GC invocations=1 (full 0):
 PSYoungGen      total 36864K, used 31744K [0x00000000eab00000, 0x00000000ed400000, 0x0000000100000000)
  eden space 31744K, 100% used [0x00000000eab00000,0x00000000eca00000,0x00000000eca00000)
  from space 5120K, 0% used [0x00000000ecf00000,0x00000000ecf00000,0x00000000ed400000)
  to   space 5120K, 0% used [0x00000000eca00000,0x00000000eca00000,0x00000000ecf00000)
 ParOldGen       total 84992K, used 0K [0x00000000c0000000, 0x00000000c5300000, 0x00000000eab00000)
  object space 84992K, 0% used [0x00000000c0000000,0x00000000c0000000,0x00000000c5300000)
 Metaspace       used 6038K, capacity 6902K, committed 7040K, reserved 1056768K
  class space    used 601K, capacity 622K, committed 640K, reserved 1048576K
Event: 1.724 GC heap after
Heap after GC invocations=1 (full 0):
 PSYoungGen      total 36864K, used 5106K [0x00000000eab00000, 0x00000000ef300000, 0x0000000100000000)
  eden space 31744K, 0% used [0x00000000eab00000,0x00000000eab00000,0x00000000eca00000)
  from space 5120K, 99% used [0x00000000eca00000,0x00000000ecefcab8,0x00000000ecf00000)
  to   space 5120K, 0% used [0x00000000eee00000,0x00000000eee00000,0x00000000ef300000)
 ParOldGen       total 84992K, used 1854K [0x00000000c0000000, 0x00000000c5300000, 0x00000000eab00000)
  object space 84992K, 2% used [0x00000000c0000000,0x00000000c01cfb90,0x00000000c5300000)
 Metaspace       used 6038K, capacity 6902K, committed 7040K, reserved 1056768K
  class space    used 601K, capacity 622K, committed 640K, reserved 1048576K
}

Deoptimization events (2 events):
Event: 1.095 Thread 0x000000000228e000 Uncommon trap: reason=unstable_if action=reinterpret pc=0x0000000002bf3e00 method=com.android.dx.rop.code.RegisterSpec.equals(ILcom/android/dx/rop/type/TypeBearer;Lcom/android/dx/rop/code/LocalItem;)Z @ 42
Event: 1.444 Thread 0x00000000168d7000 Uncommon trap: reason=null_check action=make_not_entrant pc=0x0000000002b9ef74 method=com.android.dx.ssa.SsaRenamer.getLocalForNewReg(I)Lcom/android/dx/rop/code/LocalItem; @ 19

Internal exceptions (3 events):
Event: 0.093 Thread 0x000000000228e000 Exception <a 'java/lang/NoSuchMethodError': Method sun.misc.Unsafe.defineClass(Ljava/lang/String;[BII)Ljava/lang/Class; name or signature does not match> (0x00000000eab130b0) thrown at [C:\workspace\8-2-build-windows-amd64-cygwin\jdk8u65\4987\hotspot\src\s¶pµ∏Å¡∑?
Event: 0.093 Thread 0x000000000228e000 Exception <a 'java/lang/NoSuchMethodError': Method sun.misc.Unsafe.prefetchRead(Ljava/lang/Object;J)V name or signature does not match> (0x00000000eab13398) thrown at [C:\workspace\8-2-build-windows-amd64-cygwin\jdk8u65\4987\hotspot\src\share\vm\prims\jni.ªn≈ -˜?
Event: 1.444 Thread 0x00000000168d7000 Implicit null exception at 0x0000000002b9d6d1 to 0x0000000002b9ef4d

Events (10 events):
Event: 1.096 Thread 0x000000000228e000 DEOPT UNPACKING pc=0x000000000293582a sp=0x000000000238e5f8 mode 2
Event: 1.437 Executing VM operation: ForceSafepoint
Event: 1.443 Executing VM operation: ForceSafepoint done
Event: 1.444 Thread 0x00000000168d7000 Uncommon trap: trap_request=0xfffffff4 fr.pc=0x0000000002b9ef74
Event: 1.444 Thread 0x00000000168d7000 DEOPT PACKING pc=0x0000000002b9ef74 sp=0x000000001727ea90
Event: 1.444 Thread 0x00000000168d7000 DEOPT UNPACKING pc=0x000000000293582a sp=0x000000001727e938 mode 2
Event: 1.674 Executing VM operation: ParallelGCFailedAllocation
Event: 1.724 Executing VM operation: ParallelGCFailedAllocation done
Event: 1.757 Thread 0x00000000168d8800 DEOPT PACKING pc=0x0000000002c9d57a sp=0x000000001737ec40
Event: 1.757 Thread 0x00000000168d8800 DEOPT UNPACKING pc=0x000000000293787f sp=0x000000001737e9a8 mode 0


Dynamic libraries:
0x00007ff7b5ef0000 - 0x00007ff7b5f27000 	C:\Program Files\Java\jdk1.8.0_65\bin\java.exe
0x00007ffb4b440000 - 0x00007ffb4b601000 	C:\WINDOWS\SYSTEM32\ntdll.dll
0x00007ffb49e30000 - 0x00007ffb49edd000 	C:\WINDOWS\system32\KERNEL32.DLL
0x00007ffb48400000 - 0x00007ffb485e8000 	C:\WINDOWS\system32\KERNELBASE.dll
0x00007ffb497e0000 - 0x00007ffb49887000 	C:\WINDOWS\system32\ADVAPI32.dll
0x00007ffb49d30000 - 0x00007ffb49dcd000 	C:\WINDOWS\system32\msvcrt.dll
0x00007ffb48a80000 - 0x00007ffb48adb000 	C:\WINDOWS\system32\sechost.dll
0x00007ffb48ae0000 - 0x00007ffb48bfc000 	C:\WINDOWS\system32\RPCRT4.dll
0x00007ffb48910000 - 0x00007ffb48a66000 	C:\WINDOWS\system32\USER32.dll
0x00007ffb49b00000 - 0x00007ffb49c86000 	C:\WINDOWS\system32\GDI32.dll
0x00007ffb439e0000 - 0x00007ffb43c54000 	C:\WINDOWS\WinSxS\amd64_microsoft.windows.common-controls_6595b64144ccf1df_6.0.10586.589_none_a2ddb3caa539acce\COMCTL32.dll
0x00007ffb48f80000 - 0x00007ffb491fd000 	C:\WINDOWS\system32\combase.dll
0x00007ffb486a0000 - 0x00007ffb4870a000 	C:\WINDOWS\system32\bcryptPrimitives.dll
0x00007ffb49210000 - 0x00007ffb4924b000 	C:\WINDOWS\system32\IMM32.DLL
0x000000005a3d0000 - 0x000000005a4a2000 	C:\Program Files\Java\jdk1.8.0_65\jre\bin\msvcr100.dll
0x000000005a850000 - 0x000000005b0d9000 	C:\Program Files\Java\jdk1.8.0_65\jre\bin\server\jvm.dll
0x00007ffb49200000 - 0x00007ffb49208000 	C:\WINDOWS\system32\PSAPI.DLL
0x00007ffb37e40000 - 0x00007ffb37e49000 	C:\WINDOWS\SYSTEM32\WSOCK32.dll
0x00007ffb49a90000 - 0x00007ffb49afb000 	C:\WINDOWS\system32\WS2_32.dll
0x00007ffb46190000 - 0x00007ffb461b3000 	C:\WINDOWS\SYSTEM32\WINMM.dll
0x00007ffb439d0000 - 0x00007ffb439da000 	C:\WINDOWS\SYSTEM32\VERSION.dll
0x0000000000b60000 - 0x0000000000b8c000 	C:\WINDOWS\SYSTEM32\WINMMBASE.dll
0x00007ffb48710000 - 0x00007ffb48753000 	C:\WINDOWS\system32\cfgmgr32.dll
0x000000005a840000 - 0x000000005a84f000 	C:\Program Files\Java\jdk1.8.0_65\jre\bin\verify.dll
0x000000005a810000 - 0x000000005a839000 	C:\Program Files\Java\jdk1.8.0_65\jre\bin\java.dll
0x000000005a7f0000 - 0x000000005a806000 	C:\Program Files\Java\jdk1.8.0_65\jre\bin\zip.dll
0x00007ffb49ee0000 - 0x00007ffb4b43c000 	C:\WINDOWS\system32\SHELL32.dll
0x00007ffb47af0000 - 0x00007ffb48135000 	C:\WINDOWS\system32\windows.storage.dll
0x00007ffb48e10000 - 0x00007ffb48e62000 	C:\WINDOWS\system32\shlwapi.dll
0x00007ffb47ae0000 - 0x00007ffb47aef000 	C:\WINDOWS\system32\kernel.appcore.dll
0x00007ffb48760000 - 0x00007ffb48815000 	C:\WINDOWS\system32\shcore.dll
0x00007ffb47a80000 - 0x00007ffb47acb000 	C:\WINDOWS\system32\powrprof.dll
0x00007ffb47a60000 - 0x00007ffb47a74000 	C:\WINDOWS\system32\profapi.dll

VM Arguments:
jvm_args: -Djava.awt.headless=true -Xmx1024M -Dfile.encoding=GBK -Duser.country=CN -Duser.language=zh -Duser.variant 
java_command: com.android.dx.command.Main --dex --num-threads=4 --output C:\Users\Administrator\AndroidStudioProjects\DemoTest\app\build\intermediates\pre-dexed\debug\okhttp-3.0.1_6c4a13f1ae29fbf79d4daae798a189678a938639.jar C:\Users\Administrator\.gradle\caches\modules-2\files-2.1\com.squareup.okhttp3\okhttp\3.0.1\b34c1f2d993044656e87f88970b6818e99e886ba\okhttp-3.0.1.jar
java_class_path (initial): E:\AndroidSDK\build-tools\23.0.2\lib\dx.jar
Launcher Type: SUN_STANDARD

Environment Variables:
JAVA_HOME=C:\Program Files\Java\jdk1.8.0_65
CLASSPATH=D:\apache-tomcat-7.0.70\lib\servlet-api.jar
PATH=C:\Program Files\Java\jdk1.8.0_65\bin;C:\ProgramData\Oracle\Java\javapath;C:\Program Files (x86)\Intel\iCLS Client\;C:\Program Files\Intel\iCLS Client\;C:\Windows\system32;C:\Windows;C:\Windows\System32\Wbem;C:\Windows\System32\WindowsPowerShell\v1.0\;C:\Program Files (x86)\Intel\Intel(R) Management Engine Components\DAL;C:\Program Files\Intel\Intel(R) Management Engine Components\DAL;C:\Program Files (x86)\Intel\Intel(R) Management Engine Components\IPT;C:\Program Files\Intel\Intel(R) Management Engine Components\IPT;C:\Program Files (x86)\NVIDIA Corporation\PhysX\Common;C:\WINDOWS\system32;C:\WINDOWS;C:\WINDOWS\System32\Wbem;C:\WINDOWS\System32\WindowsPowerShell\v1.0\;F:\xampps\perl\bin\;D:\TortoiseSVN\bin;E:\AndroidSDK\platform-tools;C:\Program Files (x86)\Windows Kits\8.1\Windows Performance Toolkit\;C:\Program Files\Microsoft SQL Server\110\Tools\Binn\;C:\Program Files\Microsoft\Web Platform Installer\;C:\Program Files\Intel\WiFi\bin\;C:\Program Files\Common Files\Intel\WirelessCommon\;D:\apache-tomcat-7.0.70\lib\servlet-api.jar;D:\maven\apache-maven-3.3.9\bin;F:\HashiCorp\Vagrant\bin;F:\Ruby22-x64\bin;F:\Ruby21-x64\bin;C:\Program Files\Java\jdk1.8.0_65/bin;C:\Program Files\Java\jdk1.8.0_65/jre/bin; ;C:\Users\Administrator\AppData\Local\atom\bin;C:\Program Files\Intel\WiFi\bin\;C:\Program Files\Common Files\Intel\WirelessCommon\
USERNAME=Administrator
OS=Windows_NT
PROCESSOR_IDENTIFIER=Intel64 Family 6 Model 78 Stepping 3, GenuineIntel



---------------  S Y S T E M  ---------------

OS: Windows 10.0 , 64 bit Build 10586 (10.0.10586.589)

CPU:total 4 (2 cores per cpu, 2 threads per core) family 6 model 78 stepping 3, cmov, cx8, fxsr, mmx, sse, sse2, sse3, ssse3, sse4.1, sse4.2, popcnt, avx, avx2, aes, clmul, erms, 3dnowpref, lzcnt, ht, tsc, tscinvbit, bmi1, bmi2, adx

Memory: 4k page, physical 8082820k(1236520k free), swap 8082820k(5284k free)

vm_info: Java HotSpot(TM) 64-Bit Server VM (25.65-b01) for windows-amd64 JRE (1.8.0_65-b17), built on Oct  6 2015 16:39:20 by "java_re" with MS VC++ 10.0 (VS2010)

time: Wed Sep 21 12:18:33 2016
elapsed time: 1 seconds (0d 0h 0m 1s)

