#
# There is insufficient memory for the Java Runtime Environment to continue.
# Native memory allocation (malloc) failed to allocate 1048576 bytes for AllocateHeap
# Possible reasons:
#   The system is out of physical RAM or swap space
#   In 32 bit mode, the process size limit was hit
# Possible solutions:
#   Reduce memory load on the system
#   Increase physical memory or swap space
#   Check if swap backing store is full
#   Use 64 bit Java on a 64 bit OS
#   Decrease Java heap size (-Xmx/-Xms)
#   Decrease number of Java threads
#   Decrease Java thread stack sizes (-Xss)
#   Set larger code cache with -XX:ReservedCodeCacheSize=
# This output file may be truncated or incomplete.
#
#  Out of Memory Error (memory/allocation.inline.hpp:61), pid=4288, tid=7688
#
# JRE version:  (8.0_65-b17) (build )
# Java VM: Java HotSpot(TM) 64-Bit Server VM (25.65-b01 mixed mode windows-amd64 compressed oops)
# Failed to write core dump. Minidumps are not enabled by default on client versions of Windows
#

---------------  T H R E A D  ---------------

Current thread (0x0000000002b3e000):  JavaThread "Unknown thread" [_thread_in_vm, id=7688, stack(0x00000000029d0000,0x0000000002ad0000)]

Stack: [0x00000000029d0000,0x0000000002ad0000]
[error occurred during error reporting (printing stack bounds), id 0xc0000005]

Native frames: (J=compiled Java code, j=interpreted, Vv=VM code, C=native code)


---------------  P R O C E S S  ---------------

Java Threads: ( => current thread )

Other Threads:

=>0x0000000002b3e000 (exited) JavaThread "Unknown thread" [_thread_in_vm, id=7688, stack(0x00000000029d0000,0x0000000002ad0000)]

VM state:not at safepoint (normal execution)

VM Mutex/Monitor currently owned by a thread: None

Heap:
 PSYoungGen      total 36864K, used 634K [0x00000000eab00000, 0x00000000ed400000, 0x0000000100000000)
  eden space 31744K, 2% used [0x00000000eab00000,0x00000000eab9eb90,0x00000000eca00000)
  from space 5120K, 0% used [0x00000000ecf00000,0x00000000ecf00000,0x00000000ed400000)
  to   space 5120K, 0% used [0x00000000eca00000,0x00000000eca00000,0x00000000ecf00000)
 ParOldGen       total 84992K, used 0K [0x00000000c0000000, 0x00000000c5300000, 0x00000000eab00000)
  object space 84992K, 0% used [0x00000000c0000000,0x00000000c0000000,0x00000000c5300000)
 Metaspace       used 767K, capacity 4480K, committed 4480K, reserved 1056768K
  class space    used 75K, capacity 384K, committed 384K, reserved 1048576K

Card table byte_map: [0x0000000012000000,0x0000000012210000] byte_map_base: 0x0000000011a00000

Marking Bits: (ParMarkBitMap*) 0x0000000055b9a5b0
 Begin Bits: [0x0000000012770000, 0x0000000013770000)
 End Bits:   [0x0000000013770000, 0x0000000014770000)

Polling page: 0x0000000000e90000

CodeCache: size=245760Kb used=328Kb max_used=328Kb free=245431Kb
 bounds [0x0000000002c40000, 0x0000000002eb0000, 0x0000000011c40000]
 total_blobs=57 nmethods=0 adapters=37
 compilation: enabled

Compilation events (0 events):
No events

GC Heap History (0 events):
No events

Deoptimization events (0 events):
No events

Internal exceptions (0 events):
No events

Events (10 events):
Event: 0.049 loading class java/lang/Short
Event: 0.049 loading class java/lang/Short done
Event: 0.049 loading class java/lang/Integer
Event: 0.049 loading class java/lang/Integer done
Event: 0.049 loading class java/lang/Long
Event: 0.049 loading class java/lang/Long done
Event: 0.050 loading class java/lang/NullPointerException
Event: 0.050 loading class java/lang/NullPointerException done
Event: 0.050 loading class java/lang/ArithmeticException
Event: 0.050 loading class java/lang/ArithmeticException done


Dynamic libraries:
0x00007ff6106a0000 - 0x00007ff6106d7000 	C:\Program Files\Java\jdk1.8.0_65\bin\java.exe
0x00007ff8ea720000 - 0x00007ff8ea8e1000 	C:\WINDOWS\SYSTEM32\ntdll.dll
0x00007ff8e82d0000 - 0x00007ff8e837d000 	C:\WINDOWS\system32\KERNEL32.DLL
0x00007ff8e6f10000 - 0x00007ff8e70f8000 	C:\WINDOWS\system32\KERNELBASE.dll
0x00007ff8ea410000 - 0x00007ff8ea4b7000 	C:\WINDOWS\system32\ADVAPI32.dll
0x00007ff8e88c0000 - 0x00007ff8e895d000 	C:\WINDOWS\system32\msvcrt.dll
0x00007ff8ea6c0000 - 0x00007ff8ea71b000 	C:\WINDOWS\system32\sechost.dll
0x00007ff8e8730000 - 0x00007ff8e884c000 	C:\WINDOWS\system32\RPCRT4.dll
0x00007ff8e7e30000 - 0x00007ff8e7f86000 	C:\WINDOWS\system32\USER32.dll
0x00007ff8e85a0000 - 0x00007ff8e8726000 	C:\WINDOWS\system32\GDI32.dll
0x00007ff8dd9e0000 - 0x00007ff8ddc54000 	C:\WINDOWS\WinSxS\amd64_microsoft.windows.common-controls_6595b64144ccf1df_6.0.10586.589_none_a2ddb3caa539acce\COMCTL32.dll
0x00007ff8e7b20000 - 0x00007ff8e7d9d000 	C:\WINDOWS\system32\combase.dll
0x00007ff8e6df0000 - 0x00007ff8e6e5a000 	C:\WINDOWS\system32\bcryptPrimitives.dll
0x00007ff8ea670000 - 0x00007ff8ea6ab000 	C:\WINDOWS\system32\IMM32.DLL
0x0000000054a00000 - 0x0000000054ad2000 	C:\Program Files\Java\jdk1.8.0_65\jre\bin\msvcr100.dll
0x0000000055390000 - 0x0000000055c19000 	C:\Program Files\Java\jdk1.8.0_65\jre\bin\server\jvm.dll
0x00007ff8ea6b0000 - 0x00007ff8ea6b8000 	C:\WINDOWS\system32\PSAPI.DLL
0x00007ff8d54a0000 - 0x00007ff8d54a9000 	C:\WINDOWS\SYSTEM32\WSOCK32.dll
0x00007ff8e7da0000 - 0x00007ff8e7e0b000 	C:\WINDOWS\system32\WS2_32.dll
0x00007ff8e5470000 - 0x00007ff8e5493000 	C:\WINDOWS\SYSTEM32\WINMM.dll
0x00007ff8ddce0000 - 0x00007ff8ddcea000 	C:\WINDOWS\SYSTEM32\VERSION.dll
0x00007ff8e5410000 - 0x00007ff8e543c000 	C:\WINDOWS\SYSTEM32\WINMMBASE.dll
0x00007ff8e7a40000 - 0x00007ff8e7a83000 	C:\WINDOWS\system32\cfgmgr32.dll
0x0000000055df0000 - 0x0000000055dff000 	C:\Program Files\Java\jdk1.8.0_65\jre\bin\verify.dll
0x0000000055dc0000 - 0x0000000055de9000 	C:\Program Files\Java\jdk1.8.0_65\jre\bin\java.dll
0x0000000055da0000 - 0x0000000055db6000 	C:\Program Files\Java\jdk1.8.0_65\jre\bin\zip.dll

VM Arguments:
jvm_args: -Djava.awt.headless=true -Xmx1024M -Dfile.encoding=GBK -Duser.country=CN -Duser.language=zh -Duser.variant 
java_command: com.android.dx.command.Main --dex --num-threads=4 --output C:\Users\Administrator\AndroidStudioProjects\DemoTest\app\build\intermediates\pre-dexed\debug\okhttp-2.2.0_d673a1553562e0d8bd25c0519dd2c573f6987e2b.jar C:\Users\Administrator\.gradle\caches\modules-2\files-2.1\com.squareup.okhttp\okhttp\2.2.0\959c454243581fdf730abfd4f4745441724bcf2c\okhttp-2.2.0.jar
java_class_path (initial): E:\AndroidSDK\build-tools\23.0.2\lib\dx.jar
Launcher Type: SUN_STANDARD

Environment Variables:
JAVA_HOME=C:\Program Files\Java\jdk1.8.0_65
CLASSPATH=D:\apache-tomcat-7.0.70\lib\servlet-api.jar
PATH=C:\Program Files\Java\jdk1.8.0_65\bin;C:\ProgramData\Oracle\Java\javapath;C:\Program Files (x86)\Intel\iCLS Client\;C:\Program Files\Intel\iCLS Client\;C:\Windows\system32;C:\Windows;C:\Windows\System32\Wbem;C:\Windows\System32\WindowsPowerShell\v1.0\;C:\Program Files (x86)\Intel\Intel(R) Management Engine Components\DAL;C:\Program Files\Intel\Intel(R) Management Engine Components\DAL;C:\Program Files (x86)\Intel\Intel(R) Management Engine Components\IPT;C:\Program Files\Intel\Intel(R) Management Engine Components\IPT;C:\Program Files (x86)\NVIDIA Corporation\PhysX\Common;C:\WINDOWS\system32;C:\WINDOWS;C:\WINDOWS\System32\Wbem;C:\WINDOWS\System32\WindowsPowerShell\v1.0\;F:\xampps\perl\bin\;D:\TortoiseSVN\bin;E:\AndroidSDK\platform-tools;C:\Program Files (x86)\Windows Kits\8.1\Windows Performance Toolkit\;C:\Program Files\Microsoft SQL Server\110\Tools\Binn\;C:\Program Files\Microsoft\Web Platform Installer\;C:\Program Files\Intel\WiFi\bin\;C:\Program Files\Common Files\Intel\WirelessCommon\;D:\apache-tomcat-7.0.70\lib\servlet-api.jar;D:\maven\apache-maven-3.3.9\bin;F:\HashiCorp\Vagrant\bin;F:\Ruby22-x64\bin;F:\Ruby21-x64\bin;C:\Program Files\Java\jdk1.8.0_65/bin;C:\Program Files\Java\jdk1.8.0_65/jre/bin; ;C:\Users\Administrator\AppData\Local\atom\bin;C:\Program Files\Intel\WiFi\bin\;C:\Program Files\Common Files\Intel\WirelessCommon\
USERNAME=Administrator
OS=Windows_NT
PROCESSOR_IDENTIFIER=Intel64 Family 6 Model 78 Stepping 3, GenuineIntel



---------------  S Y S T E M  ---------------

OS: Windows 10.0 , 64 bit Build 10586 (10.0.10586.589)

CPU:total 4 (2 cores per cpu, 2 threads per core) family 6 model 78 stepping 3, cmov, cx8, fxsr, mmx, sse, sse2, sse3, ssse3, sse4.1, sse4.2, popcnt, avx, avx2, aes, clmul, erms, 3dnowpref, lzcnt, ht, tsc, tscinvbit, bmi1, bmi2, adx

Memory: 4k page, physical 8082820k(1552596k free), swap 8082820k(5776k free)

vm_info: Java HotSpot(TM) 64-Bit Server VM (25.65-b01) for windows-amd64 JRE (1.8.0_65-b17), built on Oct  6 2015 16:39:20 by "java_re" with MS VC++ 10.0 (VS2010)

time: Sat Oct 08 09:43:41 2016
elapsed time: 0 seconds (0d 0h 0m 0s)

