#
# There is insufficient memory for the Java Runtime Environment to continue.
# Native memory allocation (malloc) failed to allocate 32744 bytes for ChunkPool::allocate
# Possible reasons:
#   The system is out of physical RAM or swap space
#   In 32 bit mode, the process size limit was hit
# Possible solutions:
#   Reduce memory load on the system
#   Increase physical memory or swap space
#   Check if swap backing store is full
#   Use 64 bit Java on a 64 bit OS
#   Decrease Java heap size (-Xmx/-Xms)
#   Decrease number of Java threads
#   Decrease Java thread stack sizes (-Xss)
#   Set larger code cache with -XX:ReservedCodeCacheSize=
# This output file may be truncated or incomplete.
#
#  Out of Memory Error (allocation.cpp:273), pid=10764, tid=10096
#
# JRE version: Java(TM) SE Runtime Environment (8.0_65-b17) (build 1.8.0_65-b17)
# Java VM: Java HotSpot(TM) 64-Bit Server VM (25.65-b01 mixed mode windows-amd64 compressed oops)
# Failed to write core dump. Minidumps are not enabled by default on client versions of Windows
#

---------------  T H R E A D  ---------------

Current thread (0x00000000168aa000):  JavaThread "C1 CompilerThread2" daemon [_thread_in_native, id=10096, stack(0x0000000016d50000,0x0000000016e50000)]

Stack: [0x0000000016d50000,0x0000000016e50000]
[error occurred during error reporting (printing stack bounds), id 0xc0000005]

Native frames: (J=compiled Java code, j=interpreted, Vv=VM code, C=native code)


Current CompileTask:
C1:   1180 1162       3       com.android.dx.cf.code.Simulator$SimVisitor::visitNoArgs (2108 bytes)


---------------  P R O C E S S  ---------------

Java Threads: ( => current thread )
  0x0000000016b19800 JavaThread "pool-1-thread-4" [_thread_in_Java, id=3380, stack(0x0000000017c50000,0x0000000017d50000)]
  0x0000000016b19000 JavaThread "pool-1-thread-3" [_thread_in_Java, id=11500, stack(0x0000000017b50000,0x0000000017c50000)]
  0x0000000016b18000 JavaThread "pool-1-thread-2" [_thread_in_Java, id=7288, stack(0x0000000017a50000,0x0000000017b50000)]
  0x0000000016b17800 JavaThread "pool-2-thread-1" [_thread_blocked, id=11028, stack(0x0000000017950000,0x0000000017a50000)]
  0x0000000016b14800 JavaThread "pool-1-thread-1" [_thread_blocked, id=5300, stack(0x0000000017850000,0x0000000017950000)]
  0x00000000168ac000 JavaThread "Service Thread" daemon [_thread_blocked, id=8140, stack(0x0000000016e50000,0x0000000016f50000)]
=>0x00000000168aa000 JavaThread "C1 CompilerThread2" daemon [_thread_in_native, id=10096, stack(0x0000000016d50000,0x0000000016e50000)]
  0x0000000016852000 JavaThread "C2 CompilerThread1" daemon [_thread_in_native, id=9628, stack(0x0000000016c50000,0x0000000016d50000)]
  0x000000001523b800 JavaThread "C2 CompilerThread0" daemon [_thread_in_native, id=7396, stack(0x0000000016750000,0x0000000016850000)]
  0x00000000151ef800 JavaThread "Attach Listener" daemon [_thread_blocked, id=9468, stack(0x0000000016650000,0x0000000016750000)]
  0x00000000151ee800 JavaThread "Signal Dispatcher" daemon [_thread_blocked, id=3900, stack(0x0000000016550000,0x0000000016650000)]
  0x0000000002b01000 JavaThread "Finalizer" daemon [_thread_blocked, id=11792, stack(0x0000000016450000,0x0000000016550000)]
  0x0000000002afe800 JavaThread "Reference Handler" daemon [_thread_blocked, id=5748, stack(0x0000000016350000,0x0000000016450000)]
  0x000000000262e000 JavaThread "main" [_thread_in_Java, id=2980, stack(0x0000000002500000,0x0000000002600000)]

Other Threads:
  0x00000000151a7000 VMThread [stack: 0x0000000016250000,0x0000000016350000] [id=7444]
  0x00000000168c3800 WatcherThread [stack: 0x0000000016f50000,0x0000000017050000] [id=1216]

VM state:not at safepoint (normal execution)

VM Mutex/Monitor currently owned by a thread: None

Heap:
 PSYoungGen      total 36864K, used 28832K [0x00000000eab00000, 0x00000000ed400000, 0x0000000100000000)
  eden space 31744K, 90% used [0x00000000eab00000,0x00000000ec7283e0,0x00000000eca00000)
  from space 5120K, 0% used [0x00000000ecf00000,0x00000000ecf00000,0x00000000ed400000)
  to   space 5120K, 0% used [0x00000000eca00000,0x00000000eca00000,0x00000000ecf00000)
 ParOldGen       total 84992K, used 0K [0x00000000c0000000, 0x00000000c5300000, 0x00000000eab00000)
  object space 84992K, 0% used [0x00000000c0000000,0x00000000c0000000,0x00000000c5300000)
 Metaspace       used 6002K, capacity 6900K, committed 7040K, reserved 1056768K
  class space    used 606K, capacity 620K, committed 640K, reserved 1048576K

Card table byte_map: [0x0000000011ed0000,0x00000000120e0000] byte_map_base: 0x00000000118d0000

Marking Bits: (ParMarkBitMap*) 0x00000000517fa5b0
 Begin Bits: [0x0000000012640000, 0x0000000013640000)
 End Bits:   [0x0000000013640000, 0x0000000014640000)

Polling page: 0x0000000000d20000

CodeCache: size=245760Kb used=4645Kb max_used=4657Kb free=241114Kb
 bounds [0x0000000002b10000, 0x0000000002fa0000, 0x0000000011b10000]
 total_blobs=1430 nmethods=1159 adapters=184
 compilation: enabled

Compilation events (10 events):
Event: 1.167 Thread 0x000000001523b800 1152       4       com.android.dx.rop.code.BasicBlockList$RegCountVisitor::visit (52 bytes)
Event: 1.167 Thread 0x00000000168aa000 1160       3       com.android.dx.rop.cst.CstMethodRef::<init> (7 bytes)
Event: 1.168 Thread 0x00000000168aa000 nmethod 1160 0x0000000002f89dd0 code [0x0000000002f89f60, 0x0000000002f8a378]
Event: 1.168 Thread 0x00000000168aa000 1161       3       com.android.dx.cf.code.BasicBlocker::getBlockList (208 bytes)
Event: 1.169 Thread 0x00000000168aa000 nmethod 1161 0x0000000002f96a50 code [0x0000000002f96cc0, 0x0000000002f97ee8]
Event: 1.169 Thread 0x00000000168aa000 1163       3       com.android.dx.ssa.SCCP::run (298 bytes)
Event: 1.171 Thread 0x00000000168aa000 nmethod 1163 0x0000000002f99850 code [0x0000000002f99c40, 0x0000000002f9bd08]
Event: 1.171 Thread 0x00000000168aa000 1162       3       com.android.dx.cf.code.Simulator$SimVisitor::visitNoArgs (2108 bytes)
Event: 1.172 Thread 0x000000001523b800 nmethod 1152 0x0000000002f96190 code [0x0000000002f96300, 0x0000000002f965b8]
Event: 1.172 Thread 0x000000001523b800 1159       4       com.android.dx.ssa.back.LivenessAnalyzer::handleTailRecursion (94 bytes)

GC Heap History (0 events):
No events

Deoptimization events (3 events):
Event: 0.406 Thread 0x000000000262e000 Uncommon trap: reason=unstable_if action=reinterpret pc=0x0000000002c62794 method=java.lang.String.compareTo(Ljava/lang/String;)I @ 38
Event: 0.758 Thread 0x0000000016b19800 Uncommon trap: reason=unstable_if action=reinterpret pc=0x0000000002d447c4 method=java.util.HashMap.getNode(ILjava/lang/Object;)Ljava/util/HashMap$Node; @ 62
Event: 1.080 Thread 0x0000000016b18000 Uncommon trap: reason=null_check action=make_not_entrant pc=0x0000000002e66f60 method=com.android.dx.ssa.SsaRenamer.getLocalForNewReg(I)Lcom/android/dx/rop/code/LocalItem; @ 19

Internal exceptions (3 events):
Event: 0.070 Thread 0x000000000262e000 Exception <a 'java/lang/NoSuchMethodError': Method sun.misc.Unsafe.defineClass(Ljava/lang/String;[BII)Ljava/lang/Class; name or signature does not match> (0x00000000eab130b0) thrown at [C:\workspace\8-2-build-windows-amd64-cygwin\jdk8u65\4987\hotspot\src\sg+1ç±?
Event: 0.070 Thread 0x000000000262e000 Exception <a 'java/lang/NoSuchMethodError': Method sun.misc.Unsafe.prefetchRead(Ljava/lang/Object;J)V name or signature does not match> (0x00000000eab13398) thrown at [C:\workspace\8-2-build-windows-amd64-cygwin\jdk8u65\4987\hotspot\src\share\vm\prims\jni.w`|³Gñ?
Event: 1.080 Thread 0x0000000016b18000 Implicit null exception at 0x0000000002e64b62 to 0x0000000002e66f1d

Events (10 events):
Event: 0.859 loading class java/util/ArrayList$1 done
Event: 0.897 Executing VM operation: ForceSafepoint
Event: 0.897 Executing VM operation: ForceSafepoint done
Event: 0.911 loading class com/android/dx/dex/file/FieldAnnotationStruct
Event: 0.911 loading class com/android/dx/dex/file/FieldAnnotationStruct done
Event: 0.916 loading class com/android/dx/cf/code/SwitchList
Event: 0.916 loading class com/android/dx/cf/code/SwitchList done
Event: 1.080 Thread 0x0000000016b18000 Uncommon trap: trap_request=0xfffffff4 fr.pc=0x0000000002e66f60
Event: 1.080 Thread 0x0000000016b18000 DEOPT PACKING pc=0x0000000002e66f60 sp=0x0000000017b4eac0
Event: 1.080 Thread 0x0000000016b18000 DEOPT UNPACKING pc=0x0000000002b5582a sp=0x0000000017b4e918 mode 2


Dynamic libraries:
0x00007ff642bd0000 - 0x00007ff642c07000 	C:\Program Files\Java\jdk1.8.0_65\bin\java.exe
0x00007ffa178d0000 - 0x00007ffa17a91000 	C:\WINDOWS\SYSTEM32\ntdll.dll
0x00007ffa14df0000 - 0x00007ffa14e9d000 	C:\WINDOWS\system32\KERNEL32.DLL
0x00007ffa14160000 - 0x00007ffa14348000 	C:\WINDOWS\system32\KERNELBASE.dll
0x00007ffa17440000 - 0x00007ffa174e7000 	C:\WINDOWS\system32\ADVAPI32.dll
0x00007ffa15550000 - 0x00007ffa155ed000 	C:\WINDOWS\system32\msvcrt.dll
0x00007ffa15cd0000 - 0x00007ffa15d2b000 	C:\WINDOWS\system32\sechost.dll
0x00007ffa174f0000 - 0x00007ffa1760c000 	C:\WINDOWS\system32\RPCRT4.dll
0x00007ffa14ea0000 - 0x00007ffa14ff6000 	C:\WINDOWS\system32\USER32.dll
0x00007ffa153c0000 - 0x00007ffa15546000 	C:\WINDOWS\system32\GDI32.dll
0x00007ffa0dd90000 - 0x00007ffa0e004000 	C:\WINDOWS\WinSxS\amd64_microsoft.windows.common-controls_6595b64144ccf1df_6.0.10586.589_none_a2ddb3caa539acce\COMCTL32.dll
0x00007ffa15140000 - 0x00007ffa153bd000 	C:\WINDOWS\system32\combase.dll
0x00007ffa13f80000 - 0x00007ffa13fea000 	C:\WINDOWS\system32\bcryptPrimitives.dll
0x00007ffa14d50000 - 0x00007ffa14d8b000 	C:\WINDOWS\system32\IMM32.DLL
0x0000000050b70000 - 0x0000000050c42000 	C:\Program Files\Java\jdk1.8.0_65\jre\bin\msvcr100.dll
0x0000000050ff0000 - 0x0000000051879000 	C:\Program Files\Java\jdk1.8.0_65\jre\bin\server\jvm.dll
0x00007ffa178c0000 - 0x00007ffa178c8000 	C:\WINDOWS\system32\PSAPI.DLL
0x00007ffa04010000 - 0x00007ffa04019000 	C:\WINDOWS\SYSTEM32\WSOCK32.dll
0x00007ffa176e0000 - 0x00007ffa1774b000 	C:\WINDOWS\system32\WS2_32.dll
0x00007ffa125f0000 - 0x00007ffa12613000 	C:\WINDOWS\SYSTEM32\WINMM.dll
0x00007ffa10c00000 - 0x00007ffa10c0a000 	C:\WINDOWS\SYSTEM32\VERSION.dll
0x00007ffa125a0000 - 0x00007ffa125cc000 	C:\WINDOWS\SYSTEM32\WINMMBASE.dll
0x00007ffa149c0000 - 0x00007ffa14a03000 	C:\WINDOWS\system32\cfgmgr32.dll
0x0000000050fe0000 - 0x0000000050fef000 	C:\Program Files\Java\jdk1.8.0_65\jre\bin\verify.dll
0x0000000050fb0000 - 0x0000000050fd9000 	C:\Program Files\Java\jdk1.8.0_65\jre\bin\java.dll
0x0000000050f90000 - 0x0000000050fa6000 	C:\Program Files\Java\jdk1.8.0_65\jre\bin\zip.dll
0x00007ffa15ee0000 - 0x00007ffa1743c000 	C:\WINDOWS\system32\SHELL32.dll
0x00007ffa14370000 - 0x00007ffa149b5000 	C:\WINDOWS\system32\windows.storage.dll
0x00007ffa14d90000 - 0x00007ffa14de2000 	C:\WINDOWS\system32\shlwapi.dll
0x00007ffa13ef0000 - 0x00007ffa13eff000 	C:\WINDOWS\system32\kernel.appcore.dll
0x00007ffa13ff0000 - 0x00007ffa140a5000 	C:\WINDOWS\system32\shcore.dll
0x00007ffa13f00000 - 0x00007ffa13f4b000 	C:\WINDOWS\system32\powrprof.dll
0x00007ffa13f60000 - 0x00007ffa13f74000 	C:\WINDOWS\system32\profapi.dll

VM Arguments:
jvm_args: -Djava.awt.headless=true -Xmx1024M -Dfile.encoding=GBK -Duser.country=CN -Duser.language=zh -Duser.variant 
java_command: com.android.dx.command.Main --dex --num-threads=4 --output C:\Users\Administrator\AndroidStudioProjects\DemoTest\app\build\intermediates\pre-dexed\debug\com.android.support-appcompat-v7-23.2.0_b4ea528c378b021d2f3602bc61adba24fba7d760.jar C:\Users\Administrator\AndroidStudioProjects\DemoTest\app\build\intermediates\exploded-aar\com.android.support\appcompat-v7\23.2.0\jars\classes.jar
java_class_path (initial): E:\AndroidSDK\build-tools\23.0.2\lib\dx.jar
Launcher Type: SUN_STANDARD

Environment Variables:
JAVA_HOME=C:\Program Files\Java\jdk1.8.0_65
CLASSPATH=D:\apache-tomcat-7.0.70\lib\servlet-api.jar
PATH=C:\Program Files\Java\jdk1.8.0_65\bin;C:\ProgramData\Oracle\Java\javapath;C:\Program Files (x86)\Intel\iCLS Client\;C:\Program Files\Intel\iCLS Client\;C:\Windows\system32;C:\Windows;C:\Windows\System32\Wbem;C:\Windows\System32\WindowsPowerShell\v1.0\;C:\Program Files (x86)\Intel\Intel(R) Management Engine Components\DAL;C:\Program Files\Intel\Intel(R) Management Engine Components\DAL;C:\Program Files (x86)\Intel\Intel(R) Management Engine Components\IPT;C:\Program Files\Intel\Intel(R) Management Engine Components\IPT;C:\Program Files (x86)\NVIDIA Corporation\PhysX\Common;C:\WINDOWS\system32;C:\WINDOWS;C:\WINDOWS\System32\Wbem;C:\WINDOWS\System32\WindowsPowerShell\v1.0\;F:\xampps\perl\bin\;D:\TortoiseSVN\bin;E:\AndroidSDK\platform-tools;C:\Program Files (x86)\Windows Kits\8.1\Windows Performance Toolkit\;C:\Program Files\Microsoft SQL Server\110\Tools\Binn\;C:\Program Files\Microsoft\Web Platform Installer\;C:\Program Files\Intel\WiFi\bin\;C:\Program Files\Common Files\Intel\WirelessCommon\;D:\apache-tomcat-7.0.70\lib\servlet-api.jar;D:\maven\apache-maven-3.3.9\bin;F:\HashiCorp\Vagrant\bin;F:\Ruby22-x64\bin;F:\Ruby21-x64\bin;C:\Program Files\Java\jdk1.8.0_65/bin;C:\Program Files\Java\jdk1.8.0_65/jre/bin; ;C:\Users\Administrator\AppData\Local\atom\bin;C:\Program Files\Intel\WiFi\bin\;C:\Program Files\Common Files\Intel\WirelessCommon\
USERNAME=Administrator
OS=Windows_NT
PROCESSOR_IDENTIFIER=Intel64 Family 6 Model 78 Stepping 3, GenuineIntel



---------------  S Y S T E M  ---------------

OS: Windows 10.0 , 64 bit Build 10586 (10.0.10586.589)

CPU:total 4 (2 cores per cpu, 2 threads per core) family 6 model 78 stepping 3, cmov, cx8, fxsr, mmx, sse, sse2, sse3, ssse3, sse4.1, sse4.2, popcnt, avx, avx2, aes, clmul, erms, 3dnowpref, lzcnt, ht, tsc, tscinvbit, bmi1, bmi2, adx

Memory: 4k page, physical 8082820k(1337852k free), swap 8082820k(5120k free)

vm_info: Java HotSpot(TM) 64-Bit Server VM (25.65-b01) for windows-amd64 JRE (1.8.0_65-b17), built on Oct  6 2015 16:39:20 by "java_re" with MS VC++ 10.0 (VS2010)

time: Wed Sep 21 14:33:41 2016
elapsed time: 1 seconds (0d 0h 0m 1s)

