#
# There is insufficient memory for the Java Runtime Environment to continue.
# Native memory allocation (malloc) failed to allocate 89696 bytes for Chunk::new
# Possible reasons:
#   The system is out of physical RAM or swap space
#   In 32 bit mode, the process size limit was hit
# Possible solutions:
#   Reduce memory load on the system
#   Increase physical memory or swap space
#   Check if swap backing store is full
#   Use 64 bit Java on a 64 bit OS
#   Decrease Java heap size (-Xmx/-Xms)
#   Decrease number of Java threads
#   Decrease Java thread stack sizes (-Xss)
#   Set larger code cache with -XX:ReservedCodeCacheSize=
# This output file may be truncated or incomplete.
#
#  Out of Memory Error (allocation.cpp:390), pid=12528, tid=11684
#
# JRE version: Java(TM) SE Runtime Environment (8.0_65-b17) (build 1.8.0_65-b17)
# Java VM: Java HotSpot(TM) 64-Bit Server VM (25.65-b01 mixed mode windows-amd64 compressed oops)
# Failed to write core dump. Minidumps are not enabled by default on client versions of Windows
#

---------------  T H R E A D  ---------------

Current thread (0x0000000017325800):  JavaThread "C2 CompilerThread1" daemon [_thread_in_native, id=11684, stack(0x00000000176d0000,0x00000000177d0000)]

Stack: [0x00000000176d0000,0x00000000177d0000]
[error occurred during error reporting (printing stack bounds), id 0xc0000005]

Native frames: (J=compiled Java code, j=interpreted, Vv=VM code, C=native code)


Current CompileTask:
C2:   1794  874       4       com.android.dx.ssa.SsaRenamer$BlockRenamer::addMapping (143 bytes)


---------------  P R O C E S S  ---------------

Java Threads: ( => current thread )
  0x00000000175ab800 JavaThread "pool-2-thread-1" [_thread_blocked, id=7084, stack(0x0000000017bd0000,0x0000000017cd0000)]
  0x00000000175a8800 JavaThread "pool-1-thread-1" [_thread_in_Java, id=12560, stack(0x0000000017ad0000,0x0000000017bd0000)]
  0x0000000017334000 JavaThread "Service Thread" daemon [_thread_blocked, id=1392, stack(0x00000000178d0000,0x00000000179d0000)]
  0x000000001732e800 JavaThread "C1 CompilerThread2" daemon [_thread_in_native, id=2716, stack(0x00000000177d0000,0x00000000178d0000)]
=>0x0000000017325800 JavaThread "C2 CompilerThread1" daemon [_thread_in_native, id=11684, stack(0x00000000176d0000,0x00000000177d0000)]
  0x0000000015bdc000 JavaThread "C2 CompilerThread0" daemon [_thread_in_native, id=1232, stack(0x00000000171d0000,0x00000000172d0000)]
  0x0000000015bd9000 JavaThread "Attach Listener" daemon [_thread_blocked, id=11344, stack(0x00000000170d0000,0x00000000171d0000)]
  0x0000000015b8d800 JavaThread "Signal Dispatcher" daemon [_thread_blocked, id=12460, stack(0x0000000016fd0000,0x00000000170d0000)]
  0x00000000030d7800 JavaThread "Finalizer" daemon [_thread_blocked, id=10996, stack(0x0000000016dd0000,0x0000000016ed0000)]
  0x00000000030cd800 JavaThread "Reference Handler" daemon [_thread_blocked, id=8392, stack(0x0000000016cd0000,0x0000000016dd0000)]
  0x000000000186e000 JavaThread "main" [_thread_blocked, id=9596, stack(0x0000000001760000,0x0000000001860000)]

Other Threads:
  0x0000000015b48800 VMThread [stack: 0x0000000016bd0000,0x0000000016cd0000] [id=10232]
  0x000000001737c800 WatcherThread [stack: 0x00000000179d0000,0x0000000017ad0000] [id=2412]

VM state:not at safepoint (normal execution)

VM Mutex/Monitor currently owned by a thread: None

Heap:
 PSYoungGen      total 36864K, used 16155K [0x00000000eab00000, 0x00000000ed400000, 0x0000000100000000)
  eden space 31744K, 50% used [0x00000000eab00000,0x00000000ebac6f18,0x00000000eca00000)
  from space 5120K, 0% used [0x00000000ecf00000,0x00000000ecf00000,0x00000000ed400000)
  to   space 5120K, 0% used [0x00000000eca00000,0x00000000eca00000,0x00000000ecf00000)
 ParOldGen       total 84992K, used 0K [0x00000000c0000000, 0x00000000c5300000, 0x00000000eab00000)
  object space 84992K, 0% used [0x00000000c0000000,0x00000000c0000000,0x00000000c5300000)
 Metaspace       used 5862K, capacity 6772K, committed 7040K, reserved 1056768K
  class space    used 604K, capacity 620K, committed 640K, reserved 1048576K

Card table byte_map: [0x0000000012870000,0x0000000012a80000] byte_map_base: 0x0000000012270000

Marking Bits: (ParMarkBitMap*) 0x000000005b05a5b0
 Begin Bits: [0x0000000012fe0000, 0x0000000013fe0000)
 End Bits:   [0x0000000013fe0000, 0x0000000014fe0000)

Polling page: 0x0000000001450000

CodeCache: size=245760Kb used=3717Kb max_used=3717Kb free=242042Kb
 bounds [0x00000000034b0000, 0x0000000003860000, 0x00000000124b0000]
 total_blobs=1145 nmethods=874 adapters=184
 compilation: enabled

Compilation events (10 events):
Event: 1.789 Thread 0x000000001732e800 nmethod 865 0x000000000383be90 code [0x000000000383ca20, 0x0000000003846678]
Event: 1.789 Thread 0x000000001732e800  866       3       com.android.dx.cf.code.ByteCatchList::toRopCatchList (57 bytes)
Event: 1.790 Thread 0x0000000015bdc000 nmethod 873 0x000000000384f510 code [0x000000000384f640, 0x000000000384f718]
Event: 1.791 Thread 0x000000001732e800 nmethod 866 0x0000000003839c10 code [0x0000000003839e60, 0x000000000383af08]
Event: 1.791 Thread 0x000000001732e800  861       3       com.android.dx.cf.code.RopperMachine::hasRet (13 bytes)
Event: 1.791 Thread 0x000000001732e800 nmethod 861 0x0000000003839890 code [0x00000000038399e0, 0x0000000003839b90]
Event: 1.791 Thread 0x0000000015bdc000  875       4       com.android.dx.util.FixedSizeList::equals (41 bytes)
Event: 1.791 Thread 0x000000001732e800  862       3       com.android.dx.cf.code.Ropper::addOrReplaceBlock (66 bytes)
Event: 1.792 Thread 0x000000001732e800 nmethod 862 0x000000000384f7d0 code [0x000000000384fa20, 0x0000000003850858]
Event: 1.792 Thread 0x000000001732e800  863       3       com.android.dx.cf.code.ByteBlockList::labelToBlock (46 bytes)

GC Heap History (0 events):
No events

Deoptimization events (3 events):
Event: 0.812 Thread 0x00000000175a8800 Uncommon trap: reason=unstable_if action=reinterpret pc=0x00000000036b7dc0 method=java.util.HashMap.getNode(ILjava/lang/Object;)Ljava/util/HashMap$Node; @ 62
Event: 1.502 Thread 0x00000000175a8800 Uncommon trap: reason=class_check action=maybe_recompile pc=0x00000000037acf74 method=com.android.dx.ssa.NormalSsaInsn.accept(Lcom/android/dx/ssa/SsaInsn$Visitor;)V @ 9
Event: 1.502 Thread 0x00000000175a8800 Uncommon trap: reason=class_check action=maybe_recompile pc=0x00000000037acf74 method=com.android.dx.ssa.NormalSsaInsn.accept(Lcom/android/dx/ssa/SsaInsn$Visitor;)V @ 9

Internal exceptions (2 events):
Event: 0.048 Thread 0x000000000186e000 Exception <a 'java/lang/NoSuchMethodError': Method sun.misc.Unsafe.defineClass(Ljava/lang/String;[BII)Ljava/lang/Class; name or signature does not match> (0x00000000eab130b0) thrown at [C:\workspace\8-2-build-windows-amd64-cygwin\jdk8u65\4987\hotspot\src\sÓZäù°¨?
Event: 0.048 Thread 0x000000000186e000 Exception <a 'java/lang/NoSuchMethodError': Method sun.misc.Unsafe.prefetchRead(Ljava/lang/Object;J)V name or signature does not match> (0x00000000eab13398) thrown at [C:\workspace\8-2-build-windows-amd64-cygwin\jdk8u65\4987\hotspot\src\share\vm\prims\jni.

Events (10 events):
Event: 1.269 loading class java/util/ArrayList$1
Event: 1.270 loading class java/util/ArrayList$1 done
Event: 1.307 Executing VM operation: ForceSafepoint
Event: 1.307 Executing VM operation: ForceSafepoint done
Event: 1.502 Thread 0x00000000175a8800 Uncommon trap: trap_request=0xffffffde fr.pc=0x00000000037acf74
Event: 1.502 Thread 0x00000000175a8800 DEOPT PACKING pc=0x00000000037acf74 sp=0x0000000017bce830
Event: 1.502 Thread 0x00000000175a8800 DEOPT UNPACKING pc=0x00000000034f582a sp=0x0000000017bce800 mode 2
Event: 1.502 Thread 0x00000000175a8800 Uncommon trap: trap_request=0xffffffde fr.pc=0x00000000037acf74
Event: 1.502 Thread 0x00000000175a8800 DEOPT PACKING pc=0x00000000037acf74 sp=0x0000000017bce830
Event: 1.502 Thread 0x00000000175a8800 DEOPT UNPACKING pc=0x00000000034f582a sp=0x0000000017bce800 mode 2


Dynamic libraries:
0x00007ff7b5ef0000 - 0x00007ff7b5f27000 	C:\Program Files\Java\jdk1.8.0_65\bin\java.exe
0x00007ffb4b440000 - 0x00007ffb4b601000 	C:\WINDOWS\SYSTEM32\ntdll.dll
0x00007ffb49e30000 - 0x00007ffb49edd000 	C:\WINDOWS\system32\KERNEL32.DLL
0x00007ffb48400000 - 0x00007ffb485e8000 	C:\WINDOWS\system32\KERNELBASE.dll
0x00007ffb497e0000 - 0x00007ffb49887000 	C:\WINDOWS\system32\ADVAPI32.dll
0x00007ffb49d30000 - 0x00007ffb49dcd000 	C:\WINDOWS\system32\msvcrt.dll
0x00007ffb48a80000 - 0x00007ffb48adb000 	C:\WINDOWS\system32\sechost.dll
0x00007ffb48ae0000 - 0x00007ffb48bfc000 	C:\WINDOWS\system32\RPCRT4.dll
0x00007ffb48910000 - 0x00007ffb48a66000 	C:\WINDOWS\system32\USER32.dll
0x00007ffb49b00000 - 0x00007ffb49c86000 	C:\WINDOWS\system32\GDI32.dll
0x00007ffb439e0000 - 0x00007ffb43c54000 	C:\WINDOWS\WinSxS\amd64_microsoft.windows.common-controls_6595b64144ccf1df_6.0.10586.589_none_a2ddb3caa539acce\COMCTL32.dll
0x00007ffb48f80000 - 0x00007ffb491fd000 	C:\WINDOWS\system32\combase.dll
0x00007ffb486a0000 - 0x00007ffb4870a000 	C:\WINDOWS\system32\bcryptPrimitives.dll
0x00007ffb49210000 - 0x00007ffb4924b000 	C:\WINDOWS\system32\IMM32.DLL
0x000000005a3d0000 - 0x000000005a4a2000 	C:\Program Files\Java\jdk1.8.0_65\jre\bin\msvcr100.dll
0x000000005a850000 - 0x000000005b0d9000 	C:\Program Files\Java\jdk1.8.0_65\jre\bin\server\jvm.dll
0x00007ffb49200000 - 0x00007ffb49208000 	C:\WINDOWS\system32\PSAPI.DLL
0x00007ffb37e40000 - 0x00007ffb37e49000 	C:\WINDOWS\SYSTEM32\WSOCK32.dll
0x00007ffb49a90000 - 0x00007ffb49afb000 	C:\WINDOWS\system32\WS2_32.dll
0x00007ffb46190000 - 0x00007ffb461b3000 	C:\WINDOWS\SYSTEM32\WINMM.dll
0x00007ffb439d0000 - 0x00007ffb439da000 	C:\WINDOWS\SYSTEM32\VERSION.dll
0x00007ffb46130000 - 0x00007ffb4615c000 	C:\WINDOWS\SYSTEM32\WINMMBASE.dll
0x00007ffb48710000 - 0x00007ffb48753000 	C:\WINDOWS\system32\cfgmgr32.dll
0x000000005a840000 - 0x000000005a84f000 	C:\Program Files\Java\jdk1.8.0_65\jre\bin\verify.dll
0x000000005a810000 - 0x000000005a839000 	C:\Program Files\Java\jdk1.8.0_65\jre\bin\java.dll
0x000000005a7f0000 - 0x000000005a806000 	C:\Program Files\Java\jdk1.8.0_65\jre\bin\zip.dll
0x00007ffb49ee0000 - 0x00007ffb4b43c000 	C:\WINDOWS\system32\SHELL32.dll
0x00007ffb47af0000 - 0x00007ffb48135000 	C:\WINDOWS\system32\windows.storage.dll
0x00007ffb48e10000 - 0x00007ffb48e62000 	C:\WINDOWS\system32\shlwapi.dll
0x00007ffb47ae0000 - 0x00007ffb47aef000 	C:\WINDOWS\system32\kernel.appcore.dll
0x00007ffb48760000 - 0x00007ffb48815000 	C:\WINDOWS\system32\shcore.dll
0x00007ffb47a80000 - 0x00007ffb47acb000 	C:\WINDOWS\system32\powrprof.dll
0x00007ffb47a60000 - 0x00007ffb47a74000 	C:\WINDOWS\system32\profapi.dll

VM Arguments:
jvm_args: -Djava.awt.headless=true -Xmx1024M -Dfile.encoding=GBK -Duser.country=CN -Duser.language=zh -Duser.variant 
java_command: com.android.dx.command.Main --dex --num-threads=4 --output C:\Users\Administrator\AndroidStudioProjects\DemoTest\app\build\intermediates\pre-dexed\debug\com.android.support-animated-vector-drawable-23.2.0_93b4a6a82a56f2083f81ee5e056f9b86b6235f9c.jar C:\Users\Administrator\AndroidStudioProjects\DemoTest\app\build\intermediates\exploded-aar\com.android.support\animated-vector-drawable\23.2.0\jars\classes.jar
java_class_path (initial): E:\AndroidSDK\build-tools\23.0.2\lib\dx.jar
Launcher Type: SUN_STANDARD

Environment Variables:
JAVA_HOME=C:\Program Files\Java\jdk1.8.0_65
CLASSPATH=D:\apache-tomcat-7.0.70\lib\servlet-api.jar
PATH=C:\Program Files\Java\jdk1.8.0_65\bin;C:\ProgramData\Oracle\Java\javapath;C:\Program Files (x86)\Intel\iCLS Client\;C:\Program Files\Intel\iCLS Client\;C:\Windows\system32;C:\Windows;C:\Windows\System32\Wbem;C:\Windows\System32\WindowsPowerShell\v1.0\;C:\Program Files (x86)\Intel\Intel(R) Management Engine Components\DAL;C:\Program Files\Intel\Intel(R) Management Engine Components\DAL;C:\Program Files (x86)\Intel\Intel(R) Management Engine Components\IPT;C:\Program Files\Intel\Intel(R) Management Engine Components\IPT;C:\Program Files (x86)\NVIDIA Corporation\PhysX\Common;C:\WINDOWS\system32;C:\WINDOWS;C:\WINDOWS\System32\Wbem;C:\WINDOWS\System32\WindowsPowerShell\v1.0\;F:\xampps\perl\bin\;D:\TortoiseSVN\bin;E:\AndroidSDK\platform-tools;C:\Program Files (x86)\Windows Kits\8.1\Windows Performance Toolkit\;C:\Program Files\Microsoft SQL Server\110\Tools\Binn\;C:\Program Files\Microsoft\Web Platform Installer\;C:\Program Files\Intel\WiFi\bin\;C:\Program Files\Common Files\Intel\WirelessCommon\;D:\apache-tomcat-7.0.70\lib\servlet-api.jar;D:\maven\apache-maven-3.3.9\bin;F:\HashiCorp\Vagrant\bin;F:\Ruby22-x64\bin;F:\Ruby21-x64\bin;C:\Program Files\Java\jdk1.8.0_65/bin;C:\Program Files\Java\jdk1.8.0_65/jre/bin; ;C:\Users\Administrator\AppData\Local\atom\bin;C:\Program Files\Intel\WiFi\bin\;C:\Program Files\Common Files\Intel\WirelessCommon\
USERNAME=Administrator
OS=Windows_NT
PROCESSOR_IDENTIFIER=Intel64 Family 6 Model 78 Stepping 3, GenuineIntel



---------------  S Y S T E M  ---------------

OS: Windows 10.0 , 64 bit Build 10586 (10.0.10586.589)

CPU:total 4 (2 cores per cpu, 2 threads per core) family 6 model 78 stepping 3, cmov, cx8, fxsr, mmx, sse, sse2, sse3, ssse3, sse4.1, sse4.2, popcnt, avx, avx2, aes, clmul, erms, 3dnowpref, lzcnt, ht, tsc, tscinvbit, bmi1, bmi2, adx

Memory: 4k page, physical 8082820k(1235152k free), swap 8082820k(5164k free)

vm_info: Java HotSpot(TM) 64-Bit Server VM (25.65-b01) for windows-amd64 JRE (1.8.0_65-b17), built on Oct  6 2015 16:39:20 by "java_re" with MS VC++ 10.0 (VS2010)

time: Wed Sep 21 12:18:33 2016
elapsed time: 1 seconds (0d 0h 0m 1s)

