#
# There is insufficient memory for the Java Runtime Environment to continue.
# Native memory allocation (malloc) failed to allocate 81040 bytes for Chunk::new
# Possible reasons:
#   The system is out of physical RAM or swap space
#   In 32 bit mode, the process size limit was hit
# Possible solutions:
#   Reduce memory load on the system
#   Increase physical memory or swap space
#   Check if swap backing store is full
#   Use 64 bit Java on a 64 bit OS
#   Decrease Java heap size (-Xmx/-Xms)
#   Decrease number of Java threads
#   Decrease Java thread stack sizes (-Xss)
#   Set larger code cache with -XX:ReservedCodeCacheSize=
# This output file may be truncated or incomplete.
#
#  Out of Memory Error (allocation.cpp:390), pid=10716, tid=7388
#
# JRE version: Java(TM) SE Runtime Environment (8.0_65-b17) (build 1.8.0_65-b17)
# Java VM: Java HotSpot(TM) 64-Bit Server VM (25.65-b01 mixed mode windows-amd64 compressed oops)
# Failed to write core dump. Minidumps are not enabled by default on client versions of Windows
#

---------------  T H R E A D  ---------------

Current thread (0x0000000017156800):  JavaThread "C2 CompilerThread1" daemon [_thread_in_native, id=7388, stack(0x0000000017500000,0x0000000017600000)]

Stack: [0x0000000017500000,0x0000000017600000]
[error occurred during error reporting (printing stack bounds), id 0xc0000005]

Native frames: (J=compiled Java code, j=interpreted, Vv=VM code, C=native code)


Current CompileTask:
C2:   2207  229       4       java.lang.String::replace (127 bytes)


---------------  P R O C E S S  ---------------

Java Threads: ( => current thread )
  0x0000000017360800 JavaThread "pool-2-thread-1" [_thread_blocked, id=9296, stack(0x0000000017a00000,0x0000000017b00000)]
  0x000000001735b800 JavaThread "pool-1-thread-1" [_thread_in_vm, id=10040, stack(0x0000000017900000,0x0000000017a00000)]
  0x0000000017163000 JavaThread "Service Thread" daemon [_thread_blocked, id=812, stack(0x0000000017700000,0x0000000017800000)]
  0x000000001715e000 JavaThread "C1 CompilerThread2" daemon [_thread_blocked, id=13284, stack(0x0000000017600000,0x0000000017700000)]
=>0x0000000017156800 JavaThread "C2 CompilerThread1" daemon [_thread_in_native, id=7388, stack(0x0000000017500000,0x0000000017600000)]
  0x0000000015b0c000 JavaThread "C2 CompilerThread0" daemon [_thread_blocked, id=11980, stack(0x0000000017000000,0x0000000017100000)]
  0x0000000015b0a000 JavaThread "Attach Listener" daemon [_thread_blocked, id=10844, stack(0x0000000016f00000,0x0000000017000000)]
  0x0000000015abf000 JavaThread "Signal Dispatcher" daemon [_thread_blocked, id=1448, stack(0x0000000016e00000,0x0000000016f00000)]
  0x00000000033d1800 JavaThread "Finalizer" daemon [_thread_blocked, id=9396, stack(0x0000000016d00000,0x0000000016e00000)]
  0x00000000033ce800 JavaThread "Reference Handler" daemon [_thread_blocked, id=4348, stack(0x0000000016c00000,0x0000000016d00000)]
  0x00000000031de000 JavaThread "main" [_thread_blocked, id=13052, stack(0x00000000031e0000,0x00000000032e0000)]

Other Threads:
  0x0000000015a78800 VMThread [stack: 0x0000000016b00000,0x0000000016c00000] [id=11848]
  0x00000000171c4800 WatcherThread [stack: 0x0000000017800000,0x0000000017900000] [id=11992]

VM state:not at safepoint (normal execution)

VM Mutex/Monitor currently owned by a thread: None

Heap:
 PSYoungGen      total 36864K, used 8266K [0x00000000eab00000, 0x00000000ed400000, 0x0000000100000000)
  eden space 31744K, 26% used [0x00000000eab00000,0x00000000eb3129f0,0x00000000eca00000)
  from space 5120K, 0% used [0x00000000ecf00000,0x00000000ecf00000,0x00000000ed400000)
  to   space 5120K, 0% used [0x00000000eca00000,0x00000000eca00000,0x00000000ecf00000)
 ParOldGen       total 84992K, used 0K [0x00000000c0000000, 0x00000000c5300000, 0x00000000eab00000)
  object space 84992K, 0% used [0x00000000c0000000,0x00000000c0000000,0x00000000c5300000)
 Metaspace       used 4892K, capacity 6000K, committed 6272K, reserved 1056768K
  class space    used 542K, capacity 552K, committed 640K, reserved 1048576K

Card table byte_map: [0x00000000127a0000,0x00000000129b0000] byte_map_base: 0x00000000121a0000

Marking Bits: (ParMarkBitMap*) 0x0000000055b9a5b0
 Begin Bits: [0x0000000012f10000, 0x0000000013f10000)
 End Bits:   [0x0000000013f10000, 0x0000000014f10000)

Polling page: 0x00000000011d0000

CodeCache: size=245760Kb used=1586Kb max_used=1597Kb free=244173Kb
 bounds [0x00000000033e0000, 0x0000000003650000, 0x00000000123e0000]
 total_blobs=503 nmethods=236 adapters=180
 compilation: enabled

Compilation events (10 events):
Event: 2.200 Thread 0x000000001715e000  232       3       sun.misc.URLClassPath$JarLoader$2::getContentLength (9 bytes)
Event: 2.200 Thread 0x000000001715e000 nmethod 232 0x0000000003569cd0 code [0x0000000003569e40, 0x000000000356a070]
Event: 2.200 Thread 0x000000001715e000  233       3       sun.misc.URLClassPath$JarLoader$2::getCodeSigners (8 bytes)
Event: 2.200 Thread 0x000000001715e000 nmethod 233 0x000000000356a150 code [0x000000000356a2c0, 0x000000000356a4e8]
Event: 2.200 Thread 0x000000001715e000  234       3       java.security.CodeSource::equals (60 bytes)
Event: 2.201 Thread 0x000000001715e000 nmethod 234 0x000000000356a590 code [0x000000000356a740, 0x000000000356af18]
Event: 2.201 Thread 0x000000001715e000  235       3       java.net.URL::equals (24 bytes)
Event: 2.201 Thread 0x000000001715e000 nmethod 235 0x000000000356b0d0 code [0x000000000356b240, 0x000000000356b688]
Event: 2.201 Thread 0x000000001715e000  236       3       java.security.CodeSource::matchCerts (254 bytes)
Event: 2.202 Thread 0x000000001715e000 nmethod 236 0x000000000356b790 code [0x000000000356b9a0, 0x000000000356c518]

GC Heap History (0 events):
No events

Deoptimization events (0 events):
No events

Internal exceptions (2 events):
Event: 0.136 Thread 0x00000000031de000 Exception <a 'java/lang/NoSuchMethodError': Method sun.misc.Unsafe.defineClass(Ljava/lang/String;[BII)Ljava/lang/Class; name or signature does not match> (0x00000000eab130b0) thrown at [C:\workspace\8-2-build-windows-amd64-cygwin\jdk8u65\4987\hotspot\src\sÖDý»?cÁ?
Event: 0.136 Thread 0x00000000031de000 Exception <a 'java/lang/NoSuchMethodError': Method sun.misc.Unsafe.prefetchRead(Ljava/lang/Object;J)V name or signature does not match> (0x00000000eab13398) thrown at [C:\workspace\8-2-build-windows-amd64-cygwin\jdk8u65\4987\hotspot\src\share\vm\prims\jni.

Events (10 events):
Event: 2.198 loading class com/android/dx/dex/code/BlockAddresses
Event: 2.198 loading class com/android/dx/dex/code/BlockAddresses done
Event: 2.199 loading class com/android/dx/dex/code/SimpleInsn
Event: 2.199 loading class com/android/dx/dex/code/SimpleInsn done
Event: 2.200 loading class com/android/dx/dex/code/HighRegisterPrefix
Event: 2.200 loading class com/android/dx/dex/code/HighRegisterPrefix done
Event: 2.201 loading class com/android/dx/dex/code/VariableSizeInsn
Event: 2.201 loading class com/android/dx/dex/code/VariableSizeInsn done
Event: 2.201 loading class com/android/dx/dex/code/Dops
Event: 2.201 loading class com/android/dx/dex/code/Dops done


Dynamic libraries:
0x00007ff6106a0000 - 0x00007ff6106d7000 	C:\Program Files\Java\jdk1.8.0_65\bin\java.exe
0x00007ff8ea720000 - 0x00007ff8ea8e1000 	C:\WINDOWS\SYSTEM32\ntdll.dll
0x00007ff8e82d0000 - 0x00007ff8e837d000 	C:\WINDOWS\system32\KERNEL32.DLL
0x00007ff8e6f10000 - 0x00007ff8e70f8000 	C:\WINDOWS\system32\KERNELBASE.dll
0x00007ff8ea410000 - 0x00007ff8ea4b7000 	C:\WINDOWS\system32\ADVAPI32.dll
0x00007ff8e88c0000 - 0x00007ff8e895d000 	C:\WINDOWS\system32\msvcrt.dll
0x00007ff8ea6c0000 - 0x00007ff8ea71b000 	C:\WINDOWS\system32\sechost.dll
0x00007ff8e8730000 - 0x00007ff8e884c000 	C:\WINDOWS\system32\RPCRT4.dll
0x00007ff8e7e30000 - 0x00007ff8e7f86000 	C:\WINDOWS\system32\USER32.dll
0x00007ff8e85a0000 - 0x00007ff8e8726000 	C:\WINDOWS\system32\GDI32.dll
0x00007ff8dd9e0000 - 0x00007ff8ddc54000 	C:\WINDOWS\WinSxS\amd64_microsoft.windows.common-controls_6595b64144ccf1df_6.0.10586.589_none_a2ddb3caa539acce\COMCTL32.dll
0x00007ff8e7b20000 - 0x00007ff8e7d9d000 	C:\WINDOWS\system32\combase.dll
0x00007ff8e6df0000 - 0x00007ff8e6e5a000 	C:\WINDOWS\system32\bcryptPrimitives.dll
0x00007ff8ea670000 - 0x00007ff8ea6ab000 	C:\WINDOWS\system32\IMM32.DLL
0x0000000054a00000 - 0x0000000054ad2000 	C:\Program Files\Java\jdk1.8.0_65\jre\bin\msvcr100.dll
0x0000000055390000 - 0x0000000055c19000 	C:\Program Files\Java\jdk1.8.0_65\jre\bin\server\jvm.dll
0x00007ff8ea6b0000 - 0x00007ff8ea6b8000 	C:\WINDOWS\system32\PSAPI.DLL
0x00007ff8d54a0000 - 0x00007ff8d54a9000 	C:\WINDOWS\SYSTEM32\WSOCK32.dll
0x00007ff8e7da0000 - 0x00007ff8e7e0b000 	C:\WINDOWS\system32\WS2_32.dll
0x00007ff8e5470000 - 0x00007ff8e5493000 	C:\WINDOWS\SYSTEM32\WINMM.dll
0x00007ff8ddce0000 - 0x00007ff8ddcea000 	C:\WINDOWS\SYSTEM32\VERSION.dll
0x00007ff8e5410000 - 0x00007ff8e543c000 	C:\WINDOWS\SYSTEM32\WINMMBASE.dll
0x00007ff8e7a40000 - 0x00007ff8e7a83000 	C:\WINDOWS\system32\cfgmgr32.dll
0x0000000055df0000 - 0x0000000055dff000 	C:\Program Files\Java\jdk1.8.0_65\jre\bin\verify.dll
0x0000000055dc0000 - 0x0000000055de9000 	C:\Program Files\Java\jdk1.8.0_65\jre\bin\java.dll
0x0000000055da0000 - 0x0000000055db6000 	C:\Program Files\Java\jdk1.8.0_65\jre\bin\zip.dll
0x00007ff8e8eb0000 - 0x00007ff8ea40c000 	C:\WINDOWS\system32\SHELL32.dll
0x00007ff8e71c0000 - 0x00007ff8e7805000 	C:\WINDOWS\system32\windows.storage.dll
0x00007ff8e8270000 - 0x00007ff8e82c2000 	C:\WINDOWS\system32\shlwapi.dll
0x00007ff8e6dc0000 - 0x00007ff8e6dcf000 	C:\WINDOWS\system32\kernel.appcore.dll
0x00007ff8e7100000 - 0x00007ff8e71b5000 	C:\WINDOWS\system32\shcore.dll
0x00007ff8e6d60000 - 0x00007ff8e6dab000 	C:\WINDOWS\system32\powrprof.dll
0x00007ff8e6d40000 - 0x00007ff8e6d54000 	C:\WINDOWS\system32\profapi.dll

VM Arguments:
jvm_args: -Djava.awt.headless=true -Xmx1024M -Dfile.encoding=GBK -Duser.country=CN -Duser.language=zh -Duser.variant 
java_command: com.android.dx.command.Main --dex --num-threads=4 --output C:\Users\Administrator\AndroidStudioProjects\DemoTest\app\build\intermediates\pre-dexed\debug\UPPayAssistEx_8a74bd641c36249dfb9a99fdd08f566f89c56935.jar C:\Users\Administrator\AndroidStudioProjects\DemoTest\app\build\intermediates\exploded-aar\DemoTest\sdk\unspecified\jars\libs\UPPayAssistEx.jar
java_class_path (initial): E:\AndroidSDK\build-tools\23.0.2\lib\dx.jar
Launcher Type: SUN_STANDARD

Environment Variables:
JAVA_HOME=C:\Program Files\Java\jdk1.8.0_65
CLASSPATH=D:\apache-tomcat-7.0.70\lib\servlet-api.jar
PATH=C:\Program Files\Java\jdk1.8.0_65\bin;C:\ProgramData\Oracle\Java\javapath;C:\Program Files (x86)\Intel\iCLS Client\;C:\Program Files\Intel\iCLS Client\;C:\Windows\system32;C:\Windows;C:\Windows\System32\Wbem;C:\Windows\System32\WindowsPowerShell\v1.0\;C:\Program Files (x86)\Intel\Intel(R) Management Engine Components\DAL;C:\Program Files\Intel\Intel(R) Management Engine Components\DAL;C:\Program Files (x86)\Intel\Intel(R) Management Engine Components\IPT;C:\Program Files\Intel\Intel(R) Management Engine Components\IPT;C:\Program Files (x86)\NVIDIA Corporation\PhysX\Common;C:\WINDOWS\system32;C:\WINDOWS;C:\WINDOWS\System32\Wbem;C:\WINDOWS\System32\WindowsPowerShell\v1.0\;F:\xampps\perl\bin\;D:\TortoiseSVN\bin;E:\AndroidSDK\platform-tools;C:\Program Files (x86)\Windows Kits\8.1\Windows Performance Toolkit\;C:\Program Files\Microsoft SQL Server\110\Tools\Binn\;C:\Program Files\Microsoft\Web Platform Installer\;C:\Program Files\Intel\WiFi\bin\;C:\Program Files\Common Files\Intel\WirelessCommon\;D:\apache-tomcat-7.0.70\lib\servlet-api.jar;D:\maven\apache-maven-3.3.9\bin;F:\HashiCorp\Vagrant\bin;F:\Ruby22-x64\bin;F:\Ruby21-x64\bin;C:\Program Files\Java\jdk1.8.0_65/bin;C:\Program Files\Java\jdk1.8.0_65/jre/bin; ;C:\Users\Administrator\AppData\Local\atom\bin;C:\Program Files\Intel\WiFi\bin\;C:\Program Files\Common Files\Intel\WirelessCommon\
USERNAME=Administrator
OS=Windows_NT
PROCESSOR_IDENTIFIER=Intel64 Family 6 Model 78 Stepping 3, GenuineIntel



---------------  S Y S T E M  ---------------

OS: Windows 10.0 , 64 bit Build 10586 (10.0.10586.589)

CPU:total 4 (2 cores per cpu, 2 threads per core) family 6 model 78 stepping 3, cmov, cx8, fxsr, mmx, sse, sse2, sse3, ssse3, sse4.1, sse4.2, popcnt, avx, avx2, aes, clmul, erms, 3dnowpref, lzcnt, ht, tsc, tscinvbit, bmi1, bmi2, adx

Memory: 4k page, physical 8082820k(1517672k free), swap 8082820k(2984k free)

vm_info: Java HotSpot(TM) 64-Bit Server VM (25.65-b01) for windows-amd64 JRE (1.8.0_65-b17), built on Oct  6 2015 16:39:20 by "java_re" with MS VC++ 10.0 (VS2010)

time: Sat Oct 08 09:43:56 2016
elapsed time: 2 seconds (0d 0h 0m 2s)

