#
# There is insufficient memory for the Java Runtime Environment to continue.
# Native memory allocation (malloc) failed to allocate 32744 bytes for ChunkPool::allocate
# Possible reasons:
#   The system is out of physical RAM or swap space
#   In 32 bit mode, the process size limit was hit
# Possible solutions:
#   Reduce memory load on the system
#   Increase physical memory or swap space
#   Check if swap backing store is full
#   Use 64 bit Java on a 64 bit OS
#   Decrease Java heap size (-Xmx/-Xms)
#   Decrease number of Java threads
#   Decrease Java thread stack sizes (-Xss)
#   Set larger code cache with -XX:ReservedCodeCacheSize=
# This output file may be truncated or incomplete.
#
#  Out of Memory Error (allocation.cpp:273), pid=12496, tid=4756
#
# JRE version: Java(TM) SE Runtime Environment (8.0_65-b17) (build 1.8.0_65-b17)
# Java VM: Java HotSpot(TM) 64-Bit Server VM (25.65-b01 mixed mode windows-amd64 compressed oops)
# Failed to write core dump. Minidumps are not enabled by default on client versions of Windows
#

---------------  T H R E A D  ---------------

Current thread (0x000000001677d800):  JavaThread "C1 CompilerThread2" daemon [_thread_in_native, id=4756, stack(0x0000000016c20000,0x0000000016d20000)]

Stack: [0x0000000016c20000,0x0000000016d20000]
[error occurred during error reporting (printing stack bounds), id 0xc0000005]

Native frames: (J=compiled Java code, j=interpreted, Vv=VM code, C=native code)


Current CompileTask:
C1:   2281 1315       3       com.android.dx.ssa.back.FirstFitLocalCombiningAllocator::getLocalItemForReg (97 bytes)


---------------  P R O C E S S  ---------------

Java Threads: ( => current thread )
  0x00000000169ec800 JavaThread "pool-1-thread-4" [_thread_in_Java, id=11552, stack(0x0000000017b20000,0x0000000017c20000)]
  0x00000000169eb800 JavaThread "pool-1-thread-3" [_thread_in_Java, id=10520, stack(0x0000000017a20000,0x0000000017b20000)]
  0x00000000169ea800 JavaThread "pool-1-thread-2" [_thread_in_Java, id=6660, stack(0x0000000017920000,0x0000000017a20000)]
  0x0000000016a49800 JavaThread "pool-2-thread-1" [_thread_blocked, id=4488, stack(0x0000000017820000,0x0000000017920000)]
  0x0000000016a49000 JavaThread "pool-1-thread-1" [_thread_blocked, id=7792, stack(0x0000000017720000,0x0000000017820000)]
  0x000000001677f800 JavaThread "Service Thread" daemon [_thread_blocked, id=1228, stack(0x0000000016d20000,0x0000000016e20000)]
=>0x000000001677d800 JavaThread "C1 CompilerThread2" daemon [_thread_in_native, id=4756, stack(0x0000000016c20000,0x0000000016d20000)]
  0x0000000016776800 JavaThread "C2 CompilerThread1" daemon [_thread_in_native, id=11668, stack(0x0000000016b20000,0x0000000016c20000)]
  0x000000001511b800 JavaThread "C2 CompilerThread0" daemon [_thread_in_native, id=456, stack(0x0000000016620000,0x0000000016720000)]
  0x00000000150cf800 JavaThread "Attach Listener" daemon [_thread_blocked, id=6776, stack(0x0000000016520000,0x0000000016620000)]
  0x00000000150ce800 JavaThread "Signal Dispatcher" daemon [_thread_blocked, id=1336, stack(0x0000000016420000,0x0000000016520000)]
  0x00000000029e1000 JavaThread "Finalizer" daemon [_thread_blocked, id=8064, stack(0x0000000016320000,0x0000000016420000)]
  0x00000000029de800 JavaThread "Reference Handler" daemon [_thread_blocked, id=12920, stack(0x0000000016220000,0x0000000016320000)]
  0x0000000000afe000 JavaThread "main" [_thread_in_Java, id=13044, stack(0x0000000002310000,0x0000000002410000)]

Other Threads:
  0x0000000015087800 VMThread [stack: 0x0000000016120000,0x0000000016220000] [id=12416]
  0x0000000016795800 WatcherThread [stack: 0x0000000016e20000,0x0000000016f20000] [id=1012]

VM state:not at safepoint (normal execution)

VM Mutex/Monitor currently owned by a thread: None

Heap:
 PSYoungGen      total 36864K, used 14226K [0x00000000eab00000, 0x00000000ed400000, 0x0000000100000000)
  eden space 31744K, 28% used [0x00000000eab00000,0x00000000eb3e7e58,0x00000000eca00000)
  from space 5120K, 99% used [0x00000000eca00000,0x00000000ecefcad8,0x00000000ecf00000)
  to   space 5120K, 0% used [0x00000000ecf00000,0x00000000ecf00000,0x00000000ed400000)
 ParOldGen       total 84992K, used 1604K [0x00000000c0000000, 0x00000000c5300000, 0x00000000eab00000)
  object space 84992K, 1% used [0x00000000c0000000,0x00000000c01912c0,0x00000000c5300000)
 Metaspace       used 6044K, capacity 6900K, committed 7040K, reserved 1056768K
  class space    used 600K, capacity 620K, committed 640K, reserved 1048576K

Card table byte_map: [0x0000000011db0000,0x0000000011fc0000] byte_map_base: 0x00000000117b0000

Marking Bits: (ParMarkBitMap*) 0x0000000055b9a5b0
 Begin Bits: [0x0000000012520000, 0x0000000013520000)
 End Bits:   [0x0000000013520000, 0x0000000014520000)

Polling page: 0x0000000000b60000

CodeCache: size=245760Kb used=5128Kb max_used=5128Kb free=240631Kb
 bounds [0x00000000029f0000, 0x0000000002f00000, 0x00000000119f0000]
 total_blobs=1574 nmethods=1303 adapters=184
 compilation: enabled

Compilation events (10 events):
Event: 2.272 Thread 0x000000001677d800 nmethod 1309 0x0000000002ef2d90 code [0x0000000002ef2f00, 0x0000000002ef31c8]
Event: 2.272 Thread 0x000000001677d800 1311       3       com.android.dx.cf.code.RopperMachine::updateReturnOp (115 bytes)
Event: 2.273 Thread 0x000000001677d800 nmethod 1311 0x0000000002ef3310 code [0x0000000002ef35a0, 0x0000000002ef47d8]
Event: 2.274 Thread 0x000000001677d800 1312       3       java.util.HashMap::<init> (8 bytes)
Event: 2.274 Thread 0x000000001677d800 nmethod 1312 0x0000000002ef5010 code [0x0000000002ef51a0, 0x0000000002ef5328]
Event: 2.274 Thread 0x000000001677d800 1313       3       java.util.HashMap::<init> (98 bytes)
Event: 2.275 Thread 0x000000001677d800 nmethod 1313 0x0000000002ef53d0 code [0x0000000002ef5660, 0x0000000002ef6848]
Event: 2.275 Thread 0x000000001677d800 1314       3       com.android.dx.util.Bits::bitCount (29 bytes)
Event: 2.276 Thread 0x000000001677d800 nmethod 1314 0x0000000002ef7050 code [0x0000000002ef71c0, 0x0000000002ef7428]
Event: 2.276 Thread 0x000000001677d800 1315       3       com.android.dx.ssa.back.FirstFitLocalCombiningAllocator::getLocalItemForReg (97 bytes)

GC Heap History (2 events):
Event: 2.226 GC heap before
{Heap before GC invocations=1 (full 0):
 PSYoungGen      total 36864K, used 31744K [0x00000000eab00000, 0x00000000ed400000, 0x0000000100000000)
  eden space 31744K, 100% used [0x00000000eab00000,0x00000000eca00000,0x00000000eca00000)
  from space 5120K, 0% used [0x00000000ecf00000,0x00000000ecf00000,0x00000000ed400000)
  to   space 5120K, 0% used [0x00000000eca00000,0x00000000eca00000,0x00000000ecf00000)
 ParOldGen       total 84992K, used 0K [0x00000000c0000000, 0x00000000c5300000, 0x00000000eab00000)
  object space 84992K, 0% used [0x00000000c0000000,0x00000000c0000000,0x00000000c5300000)
 Metaspace       used 6020K, capacity 6900K, committed 7040K, reserved 1056768K
  class space    used 600K, capacity 620K, committed 640K, reserved 1048576K
Event: 2.234 GC heap after
Heap after GC invocations=1 (full 0):
 PSYoungGen      total 36864K, used 5106K [0x00000000eab00000, 0x00000000ed400000, 0x0000000100000000)
  eden space 31744K, 0% used [0x00000000eab00000,0x00000000eab00000,0x00000000eca00000)
  from space 5120K, 99% used [0x00000000eca00000,0x00000000ecefcad8,0x00000000ecf00000)
  to   space 5120K, 0% used [0x00000000ecf00000,0x00000000ecf00000,0x00000000ed400000)
 ParOldGen       total 84992K, used 1604K [0x00000000c0000000, 0x00000000c5300000, 0x00000000eab00000)
  object space 84992K, 1% used [0x00000000c0000000,0x00000000c01912c0,0x00000000c5300000)
 Metaspace       used 6020K, capacity 6900K, committed 7040K, reserved 1056768K
  class space    used 600K, capacity 620K, committed 640K, reserved 1048576K
}

Deoptimization events (4 events):
Event: 1.571 Thread 0x0000000000afe000 Uncommon trap: reason=unstable_if action=reinterpret pc=0x0000000002c2d240 method=java.util.HashMap.getNode(ILjava/lang/Object;)Ljava/util/HashMap$Node; @ 62
Event: 2.026 Thread 0x0000000000afe000 Uncommon trap: reason=null_check action=make_not_entrant pc=0x0000000002ce0ab8 method=com.android.dx.ssa.SsaRenamer.getLocalForNewReg(I)Lcom/android/dx/rop/code/LocalItem; @ 19
Event: 2.236 Thread 0x00000000169ea800 Uncommon trap: reason=bimorphic action=maybe_recompile pc=0x0000000002c3816c method=java.util.HashMap.getNode(ILjava/lang/Object;)Ljava/util/HashMap$Node; @ 126
Event: 2.237 Thread 0x00000000169ea800 Uncommon trap: reason=class_check action=maybe_recompile pc=0x0000000002e03bb8 method=java.util.HashMap.putVal(ILjava/lang/Object;Ljava/lang/Object;ZZ)Ljava/lang/Object; @ 203

Internal exceptions (3 events):
Event: 0.125 Thread 0x0000000000afe000 Exception <a 'java/lang/NoSuchMethodError': Method sun.misc.Unsafe.defineClass(Ljava/lang/String;[BII)Ljava/lang/Class; name or signature does not match> (0x00000000eab130b0) thrown at [C:\workspace\8-2-build-windows-amd64-cygwin\jdk8u65\4987\hotspot\src\s-ÃÌ-êù¿?
Event: 0.125 Thread 0x0000000000afe000 Exception <a 'java/lang/NoSuchMethodError': Method sun.misc.Unsafe.prefetchRead(Ljava/lang/Object;J)V name or signature does not match> (0x00000000eab13398) thrown at [C:\workspace\8-2-build-windows-amd64-cygwin\jdk8u65\4987\hotspot\src\share\vm\prims\jni.í:$ƒ44
Event: 2.025 Thread 0x0000000000afe000 Implicit null exception at 0x0000000002cdf0b2 to 0x0000000002ce0a71

Events (10 events):
Event: 2.239 Thread 0x00000000169eb800 DEOPT PACKING pc=0x0000000002d67175 sp=0x0000000017b1e890
Event: 2.239 Thread 0x00000000169eb800 DEOPT UNPACKING pc=0x0000000002a3787f sp=0x0000000017b1e5f8 mode 0
Event: 2.240 Thread 0x00000000169eb800 DEOPT PACKING pc=0x0000000002db05fa sp=0x0000000017b1e970
Event: 2.240 Thread 0x00000000169eb800 DEOPT UNPACKING pc=0x0000000002a3787f sp=0x0000000017b1e6d8 mode 0
Event: 2.241 Thread 0x00000000169eb800 DEOPT PACKING pc=0x0000000002d67175 sp=0x0000000017b1e890
Event: 2.241 Thread 0x00000000169eb800 DEOPT UNPACKING pc=0x0000000002a3787f sp=0x0000000017b1e5f8 mode 0
Event: 2.246 Thread 0x00000000169ec800 DEOPT PACKING pc=0x0000000002db05fa sp=0x0000000017c1ed00
Event: 2.246 Thread 0x00000000169ec800 DEOPT UNPACKING pc=0x0000000002a3787f sp=0x0000000017c1ea68 mode 0
Event: 2.258 Thread 0x00000000169ec800 DEOPT PACKING pc=0x0000000002d67175 sp=0x0000000017c1ec20
Event: 2.258 Thread 0x00000000169ec800 DEOPT UNPACKING pc=0x0000000002a3787f sp=0x0000000017c1e988 mode 0


Dynamic libraries:
0x00007ff6106a0000 - 0x00007ff6106d7000 	C:\Program Files\Java\jdk1.8.0_65\bin\java.exe
0x00007ff8ea720000 - 0x00007ff8ea8e1000 	C:\WINDOWS\SYSTEM32\ntdll.dll
0x00007ff8e82d0000 - 0x00007ff8e837d000 	C:\WINDOWS\system32\KERNEL32.DLL
0x00007ff8e6f10000 - 0x00007ff8e70f8000 	C:\WINDOWS\system32\KERNELBASE.dll
0x00007ff8ea410000 - 0x00007ff8ea4b7000 	C:\WINDOWS\system32\ADVAPI32.dll
0x00007ff8e88c0000 - 0x00007ff8e895d000 	C:\WINDOWS\system32\msvcrt.dll
0x00007ff8ea6c0000 - 0x00007ff8ea71b000 	C:\WINDOWS\system32\sechost.dll
0x00007ff8e8730000 - 0x00007ff8e884c000 	C:\WINDOWS\system32\RPCRT4.dll
0x00007ff8e7e30000 - 0x00007ff8e7f86000 	C:\WINDOWS\system32\USER32.dll
0x00007ff8e85a0000 - 0x00007ff8e8726000 	C:\WINDOWS\system32\GDI32.dll
0x00007ff8dd9e0000 - 0x00007ff8ddc54000 	C:\WINDOWS\WinSxS\amd64_microsoft.windows.common-controls_6595b64144ccf1df_6.0.10586.589_none_a2ddb3caa539acce\COMCTL32.dll
0x00007ff8e7b20000 - 0x00007ff8e7d9d000 	C:\WINDOWS\system32\combase.dll
0x00007ff8e6df0000 - 0x00007ff8e6e5a000 	C:\WINDOWS\system32\bcryptPrimitives.dll
0x00007ff8ea670000 - 0x00007ff8ea6ab000 	C:\WINDOWS\system32\IMM32.DLL
0x0000000054a00000 - 0x0000000054ad2000 	C:\Program Files\Java\jdk1.8.0_65\jre\bin\msvcr100.dll
0x0000000055390000 - 0x0000000055c19000 	C:\Program Files\Java\jdk1.8.0_65\jre\bin\server\jvm.dll
0x00007ff8ea6b0000 - 0x00007ff8ea6b8000 	C:\WINDOWS\system32\PSAPI.DLL
0x00007ff8d54a0000 - 0x00007ff8d54a9000 	C:\WINDOWS\SYSTEM32\WSOCK32.dll
0x00007ff8e7da0000 - 0x00007ff8e7e0b000 	C:\WINDOWS\system32\WS2_32.dll
0x00007ff8e5470000 - 0x00007ff8e5493000 	C:\WINDOWS\SYSTEM32\WINMM.dll
0x00007ff8ddce0000 - 0x00007ff8ddcea000 	C:\WINDOWS\SYSTEM32\VERSION.dll
0x00007ff8e5410000 - 0x00007ff8e543c000 	C:\WINDOWS\SYSTEM32\WINMMBASE.dll
0x00007ff8e7a40000 - 0x00007ff8e7a83000 	C:\WINDOWS\system32\cfgmgr32.dll
0x0000000055df0000 - 0x0000000055dff000 	C:\Program Files\Java\jdk1.8.0_65\jre\bin\verify.dll
0x0000000055dc0000 - 0x0000000055de9000 	C:\Program Files\Java\jdk1.8.0_65\jre\bin\java.dll
0x0000000055da0000 - 0x0000000055db6000 	C:\Program Files\Java\jdk1.8.0_65\jre\bin\zip.dll
0x00007ff8e8eb0000 - 0x00007ff8ea40c000 	C:\WINDOWS\system32\SHELL32.dll
0x00007ff8e71c0000 - 0x00007ff8e7805000 	C:\WINDOWS\system32\windows.storage.dll
0x00007ff8e8270000 - 0x00007ff8e82c2000 	C:\WINDOWS\system32\shlwapi.dll
0x00007ff8e6dc0000 - 0x00007ff8e6dcf000 	C:\WINDOWS\system32\kernel.appcore.dll
0x00007ff8e7100000 - 0x00007ff8e71b5000 	C:\WINDOWS\system32\shcore.dll
0x00007ff8e6d60000 - 0x00007ff8e6dab000 	C:\WINDOWS\system32\powrprof.dll
0x00007ff8e6d40000 - 0x00007ff8e6d54000 	C:\WINDOWS\system32\profapi.dll

VM Arguments:
jvm_args: -Djava.awt.headless=true -Xmx1024M -Dfile.encoding=GBK -Duser.country=CN -Duser.language=zh -Duser.variant 
java_command: com.android.dx.command.Main --dex --num-threads=4 --output C:\Users\Administrator\AndroidStudioProjects\DemoTest\app\build\intermediates\pre-dexed\debug\okhttp-3.2.0_e97c4d684058659f4c78fd063d89ce0d8b400297.jar C:\Users\Administrator\.gradle\caches\modules-2\files-2.1\com.squareup.okhttp3\okhttp\3.2.0\f7873a2ebde246a45c2a8d6f3247108b4c88a879\okhttp-3.2.0.jar
java_class_path (initial): E:\AndroidSDK\build-tools\23.0.2\lib\dx.jar
Launcher Type: SUN_STANDARD

Environment Variables:
JAVA_HOME=C:\Program Files\Java\jdk1.8.0_65
CLASSPATH=D:\apache-tomcat-7.0.70\lib\servlet-api.jar
PATH=C:\Program Files\Java\jdk1.8.0_65\bin;C:\ProgramData\Oracle\Java\javapath;C:\Program Files (x86)\Intel\iCLS Client\;C:\Program Files\Intel\iCLS Client\;C:\Windows\system32;C:\Windows;C:\Windows\System32\Wbem;C:\Windows\System32\WindowsPowerShell\v1.0\;C:\Program Files (x86)\Intel\Intel(R) Management Engine Components\DAL;C:\Program Files\Intel\Intel(R) Management Engine Components\DAL;C:\Program Files (x86)\Intel\Intel(R) Management Engine Components\IPT;C:\Program Files\Intel\Intel(R) Management Engine Components\IPT;C:\Program Files (x86)\NVIDIA Corporation\PhysX\Common;C:\WINDOWS\system32;C:\WINDOWS;C:\WINDOWS\System32\Wbem;C:\WINDOWS\System32\WindowsPowerShell\v1.0\;F:\xampps\perl\bin\;D:\TortoiseSVN\bin;E:\AndroidSDK\platform-tools;C:\Program Files (x86)\Windows Kits\8.1\Windows Performance Toolkit\;C:\Program Files\Microsoft SQL Server\110\Tools\Binn\;C:\Program Files\Microsoft\Web Platform Installer\;C:\Program Files\Intel\WiFi\bin\;C:\Program Files\Common Files\Intel\WirelessCommon\;D:\apache-tomcat-7.0.70\lib\servlet-api.jar;D:\maven\apache-maven-3.3.9\bin;F:\HashiCorp\Vagrant\bin;F:\Ruby22-x64\bin;F:\Ruby21-x64\bin;C:\Program Files\Java\jdk1.8.0_65/bin;C:\Program Files\Java\jdk1.8.0_65/jre/bin; ;C:\Users\Administrator\AppData\Local\atom\bin;C:\Program Files\Intel\WiFi\bin\;C:\Program Files\Common Files\Intel\WirelessCommon\
USERNAME=Administrator
OS=Windows_NT
PROCESSOR_IDENTIFIER=Intel64 Family 6 Model 78 Stepping 3, GenuineIntel



---------------  S Y S T E M  ---------------

OS: Windows 10.0 , 64 bit Build 10586 (10.0.10586.589)

CPU:total 4 (2 cores per cpu, 2 threads per core) family 6 model 78 stepping 3, cmov, cx8, fxsr, mmx, sse, sse2, sse3, ssse3, sse4.1, sse4.2, popcnt, avx, avx2, aes, clmul, erms, 3dnowpref, lzcnt, ht, tsc, tscinvbit, bmi1, bmi2, adx

Memory: 4k page, physical 8082820k(1522224k free), swap 8082820k(5128k free)

vm_info: Java HotSpot(TM) 64-Bit Server VM (25.65-b01) for windows-amd64 JRE (1.8.0_65-b17), built on Oct  6 2015 16:39:20 by "java_re" with MS VC++ 10.0 (VS2010)

time: Sat Oct 08 09:43:56 2016
elapsed time: 2 seconds (0d 0h 0m 2s)

