#
# There is insufficient memory for the Java Runtime Environment to continue.
# Native memory allocation (malloc) failed to allocate 581488 bytes for Chunk::new
# Possible reasons:
#   The system is out of physical RAM or swap space
#   In 32 bit mode, the process size limit was hit
# Possible solutions:
#   Reduce memory load on the system
#   Increase physical memory or swap space
#   Check if swap backing store is full
#   Use 64 bit Java on a 64 bit OS
#   Decrease Java heap size (-Xmx/-Xms)
#   Decrease number of Java threads
#   Decrease Java thread stack sizes (-Xss)
#   Set larger code cache with -XX:ReservedCodeCacheSize=
# This output file may be truncated or incomplete.
#
#  Out of Memory Error (allocation.cpp:390), pid=13052, tid=6384
#
# JRE version: Java(TM) SE Runtime Environment (8.0_65-b17) (build 1.8.0_65-b17)
# Java VM: Java HotSpot(TM) 64-Bit Server VM (25.65-b01 mixed mode windows-amd64 compressed oops)
# Failed to write core dump. Minidumps are not enabled by default on client versions of Windows
#

---------------  T H R E A D  ---------------

Current thread (0x000000001511c000):  JavaThread "C2 CompilerThread0" daemon [_thread_in_native, id=6384, stack(0x0000000016620000,0x0000000016720000)]

Stack: [0x0000000016620000,0x0000000016720000]
[error occurred during error reporting (printing stack bounds), id 0xc0000005]

Native frames: (J=compiled Java code, j=interpreted, Vv=VM code, C=native code)


Current CompileTask:
C2:   2046 1233   !   4       com.android.dx.cf.code.BytecodeArray::parseInstruction (2764 bytes)


---------------  P R O C E S S  ---------------

Java Threads: ( => current thread )
  0x00000000169c5800 JavaThread "pool-1-thread-4" [_thread_blocked, id=3460, stack(0x0000000017320000,0x0000000017420000)]
  0x00000000169d3000 JavaThread "pool-1-thread-3" [_thread_blocked, id=4892, stack(0x0000000017220000,0x0000000017320000)]
  0x00000000169d2000 JavaThread "pool-1-thread-2" [_thread_in_Java, id=13040, stack(0x0000000017120000,0x0000000017220000)]
  0x00000000169d1800 JavaThread "pool-2-thread-1" [_thread_blocked, id=14004, stack(0x0000000017020000,0x0000000017120000)]
  0x0000000016981000 JavaThread "pool-1-thread-1" [_thread_blocked, id=13848, stack(0x0000000016f20000,0x0000000017020000)]
  0x000000001677c800 JavaThread "Service Thread" daemon [_thread_blocked, id=13188, stack(0x0000000016d20000,0x0000000016e20000)]
  0x000000001677a800 JavaThread "C1 CompilerThread2" daemon [_thread_blocked, id=2504, stack(0x0000000016c20000,0x0000000016d20000)]
  0x000000001511e800 JavaThread "C2 CompilerThread1" daemon [_thread_in_native, id=12824, stack(0x0000000016b20000,0x0000000016c20000)]
=>0x000000001511c000 JavaThread "C2 CompilerThread0" daemon [_thread_in_native, id=6384, stack(0x0000000016620000,0x0000000016720000)]
  0x000000001511a000 JavaThread "Attach Listener" daemon [_thread_blocked, id=14056, stack(0x0000000016520000,0x0000000016620000)]
  0x00000000150cf000 JavaThread "Signal Dispatcher" daemon [_thread_blocked, id=13104, stack(0x0000000016420000,0x0000000016520000)]
  0x00000000029e1000 JavaThread "Finalizer" daemon [_thread_blocked, id=7848, stack(0x0000000016320000,0x0000000016420000)]
  0x0000000015089800 JavaThread "Reference Handler" daemon [_thread_blocked, id=13012, stack(0x0000000016220000,0x0000000016320000)]
  0x00000000028ee000 JavaThread "main" [_thread_blocked, id=13760, stack(0x0000000002770000,0x0000000002870000)]

Other Threads:
  0x0000000015087800 VMThread [stack: 0x0000000016120000,0x0000000016220000] [id=13396]
  0x0000000016798000 WatcherThread [stack: 0x0000000016e20000,0x0000000016f20000] [id=13588]

VM state:not at safepoint (normal execution)

VM Mutex/Monitor currently owned by a thread: None

Heap:
 PSYoungGen      total 36864K, used 8679K [0x00000000eab00000, 0x00000000ed400000, 0x0000000100000000)
  eden space 31744K, 11% used [0x00000000eab00000,0x00000000eae7de60,0x00000000eca00000)
  from space 5120K, 99% used [0x00000000eca00000,0x00000000ecefc098,0x00000000ecf00000)
  to   space 5120K, 0% used [0x00000000ecf00000,0x00000000ecf00000,0x00000000ed400000)
 ParOldGen       total 84992K, used 1152K [0x00000000c0000000, 0x00000000c5300000, 0x00000000eab00000)
  object space 84992K, 1% used [0x00000000c0000000,0x00000000c0120190,0x00000000c5300000)
 Metaspace       used 6079K, capacity 6966K, committed 7040K, reserved 1056768K
  class space    used 602K, capacity 622K, committed 640K, reserved 1048576K

Card table byte_map: [0x0000000011db0000,0x0000000011fc0000] byte_map_base: 0x00000000117b0000

Marking Bits: (ParMarkBitMap*) 0x0000000054eba5b0
 Begin Bits: [0x0000000012520000, 0x0000000013520000)
 End Bits:   [0x0000000013520000, 0x0000000014520000)

Polling page: 0x0000000000950000

CodeCache: size=245760Kb used=5197Kb max_used=5197Kb free=240562Kb
 bounds [0x00000000029f0000, 0x0000000002f10000, 0x00000000119f0000]
 total_blobs=1565 nmethods=1292 adapters=184
 compilation: enabled

Compilation events (10 events):
Event: 2.043 Thread 0x000000001677a800 nmethod 1298 0x0000000002efdd10 code [0x0000000002efde60, 0x0000000002efe010]
Event: 2.043 Thread 0x000000001677a800 1293       3       com.android.dx.rop.code.RegisterSpec::withType (13 bytes)
Event: 2.043 Thread 0x000000001677a800 nmethod 1293 0x0000000002efe090 code [0x0000000002efe200, 0x0000000002efe3e8]
Event: 2.043 Thread 0x000000001677a800 1296       3       com.android.dx.rop.code.Insn::contentEquals (84 bytes)
Event: 2.044 Thread 0x000000001677a800 nmethod 1296 0x0000000002efe4d0 code [0x0000000002efe6c0, 0x0000000002eff2f8]
Event: 2.044 Thread 0x000000001677a800 1300       3       com.android.dx.rop.code.AccessFlags::isStatic (13 bytes)
Event: 2.044 Thread 0x000000001677a800 nmethod 1300 0x0000000002eff550 code [0x0000000002eff6a0, 0x0000000002eff830]
Event: 2.044 Thread 0x000000001677a800 1294       3       com.android.dx.rop.type.Type::isReference (15 bytes)
Event: 2.044 Thread 0x000000001677a800 nmethod 1294 0x0000000002eff8d0 code [0x0000000002effa20, 0x0000000002effbd0]
Event: 2.044 Thread 0x000000001677a800 1276       3       com.android.dx.cf.code.ConcreteMethod::<init> (21 bytes)

GC Heap History (2 events):
Event: 1.771 GC heap before
{Heap before GC invocations=1 (full 0):
 PSYoungGen      total 36864K, used 31744K [0x00000000eab00000, 0x00000000ed400000, 0x0000000100000000)
  eden space 31744K, 100% used [0x00000000eab00000,0x00000000eca00000,0x00000000eca00000)
  from space 5120K, 0% used [0x00000000ecf00000,0x00000000ecf00000,0x00000000ed400000)
  to   space 5120K, 0% used [0x00000000eca00000,0x00000000eca00000,0x00000000ecf00000)
 ParOldGen       total 84992K, used 0K [0x00000000c0000000, 0x00000000c5300000, 0x00000000eab00000)
  object space 84992K, 0% used [0x00000000c0000000,0x00000000c0000000,0x00000000c5300000)
 Metaspace       used 6007K, capacity 6902K, committed 7040K, reserved 1056768K
  class space    used 602K, capacity 622K, committed 640K, reserved 1048576K
Event: 1.956 GC heap after
Heap after GC invocations=1 (full 0):
 PSYoungGen      total 36864K, used 5104K [0x00000000eab00000, 0x00000000ed400000, 0x0000000100000000)
  eden space 31744K, 0% used [0x00000000eab00000,0x00000000eab00000,0x00000000eca00000)
  from space 5120K, 99% used [0x00000000eca00000,0x00000000ecefc098,0x00000000ecf00000)
  to   space 5120K, 0% used [0x00000000ecf00000,0x00000000ecf00000,0x00000000ed400000)
 ParOldGen       total 84992K, used 1152K [0x00000000c0000000, 0x00000000c5300000, 0x00000000eab00000)
  object space 84992K, 1% used [0x00000000c0000000,0x00000000c0120190,0x00000000c5300000)
 Metaspace       used 6007K, capacity 6902K, committed 7040K, reserved 1056768K
  class space    used 602K, capacity 622K, committed 640K, reserved 1048576K
}

Deoptimization events (2 events):
Event: 1.120 Thread 0x0000000016981000 Uncommon trap: reason=unstable_if action=reinterpret pc=0x0000000002c041c4 method=java.util.HashMap.getNode(ILjava/lang/Object;)Ljava/util/HashMap$Node; @ 62
Event: 1.147 Thread 0x0000000016981000 Uncommon trap: reason=unstable_if action=reinterpret pc=0x0000000002c29eb0 method=java.util.BitSet.nextSetBit(I)I @ 87

Internal exceptions (2 events):
Event: 0.125 Thread 0x00000000028ee000 Exception <a 'java/lang/NoSuchMethodError': Method sun.misc.Unsafe.defineClass(Ljava/lang/String;[BII)Ljava/lang/Class; name or signature does not match> (0x00000000eab130b0) thrown at [C:\workspace\8-2-build-windows-amd64-cygwin\jdk8u65\4987\hotspot\src\sìnG1À?
Event: 0.125 Thread 0x00000000028ee000 Exception <a 'java/lang/NoSuchMethodError': Method sun.misc.Unsafe.prefetchRead(Ljava/lang/Object;J)V name or signature does not match> (0x00000000eab13398) thrown at [C:\workspace\8-2-build-windows-amd64-cygwin\jdk8u65\4987\hotspot\src\share\vm\prims\jni.

Events (10 events):
Event: 1.484 loading class com/android/dx/cf/attrib/BaseAnnotations
Event: 1.484 loading class com/android/dx/cf/attrib/BaseAnnotations done
Event: 1.516 loading class java/util/DualPivotQuicksort
Event: 1.516 loading class java/util/DualPivotQuicksort done
Event: 1.710 Executing VM operation: ForceSafepoint
Event: 1.710 Executing VM operation: ForceSafepoint done
Event: 1.771 Executing VM operation: ParallelGCFailedAllocation
Event: 1.956 Executing VM operation: ParallelGCFailedAllocation done
Event: 2.037 loading class com/android/dx/cf/attrib/AttAnnotationDefault
Event: 2.037 loading class com/android/dx/cf/attrib/AttAnnotationDefault done


Dynamic libraries:
0x00007ff749fe0000 - 0x00007ff74a017000 	C:\Program Files\Java\jdk1.8.0_65\bin\java.exe
0x00007ffe38770000 - 0x00007ffe38931000 	C:\WINDOWS\SYSTEM32\ntdll.dll
0x00007ffe37ba0000 - 0x00007ffe37c4d000 	C:\WINDOWS\system32\KERNEL32.DLL
0x00007ffe34f60000 - 0x00007ffe35148000 	C:\WINDOWS\system32\KERNELBASE.dll
0x00007ffe37f70000 - 0x00007ffe38017000 	C:\WINDOWS\system32\ADVAPI32.dll
0x00007ffe382a0000 - 0x00007ffe3833d000 	C:\WINDOWS\system32\msvcrt.dll
0x00007ffe37910000 - 0x00007ffe3796b000 	C:\WINDOWS\system32\sechost.dll
0x00007ffe384a0000 - 0x00007ffe385bc000 	C:\WINDOWS\system32\RPCRT4.dll
0x00007ffe38340000 - 0x00007ffe38496000 	C:\WINDOWS\system32\USER32.dll
0x00007ffe385e0000 - 0x00007ffe38766000 	C:\WINDOWS\system32\GDI32.dll
0x00007ffe2ed40000 - 0x00007ffe2efb4000 	C:\WINDOWS\WinSxS\amd64_microsoft.windows.common-controls_6595b64144ccf1df_6.0.10586.494_none_a2d8b04ea53e3145\COMCTL32.dll
0x00007ffe375c0000 - 0x00007ffe3783d000 	C:\WINDOWS\system32\combase.dll
0x00007ffe34e20000 - 0x00007ffe34e8a000 	C:\WINDOWS\system32\bcryptPrimitives.dll
0x00007ffe37f30000 - 0x00007ffe37f6b000 	C:\WINDOWS\system32\IMM32.DLL
0x0000000054230000 - 0x0000000054302000 	C:\Program Files\Java\jdk1.8.0_65\jre\bin\msvcr100.dll
0x00000000546b0000 - 0x0000000054f39000 	C:\Program Files\Java\jdk1.8.0_65\jre\bin\server\jvm.dll
0x00007ffe38230000 - 0x00007ffe38238000 	C:\WINDOWS\system32\PSAPI.DLL
0x00007ffe23db0000 - 0x00007ffe23db9000 	C:\WINDOWS\SYSTEM32\WSOCK32.dll
0x00007ffe37d60000 - 0x00007ffe37dcb000 	C:\WINDOWS\system32\WS2_32.dll
0x00007ffe33490000 - 0x00007ffe334b3000 	C:\WINDOWS\SYSTEM32\WINMM.dll
0x00007ffe2f060000 - 0x00007ffe2f06a000 	C:\WINDOWS\SYSTEM32\VERSION.dll
0x00007ffe33430000 - 0x00007ffe3345c000 	C:\WINDOWS\SYSTEM32\WINMMBASE.dll
0x00007ffe34ef0000 - 0x00007ffe34f33000 	C:\WINDOWS\system32\cfgmgr32.dll
0x00000000546a0000 - 0x00000000546af000 	C:\Program Files\Java\jdk1.8.0_65\jre\bin\verify.dll
0x0000000054670000 - 0x0000000054699000 	C:\Program Files\Java\jdk1.8.0_65\jre\bin\java.dll
0x0000000054650000 - 0x0000000054666000 	C:\Program Files\Java\jdk1.8.0_65\jre\bin\zip.dll
0x00007ffe36060000 - 0x00007ffe375bc000 	C:\WINDOWS\system32\SHELL32.dll
0x00007ffe35210000 - 0x00007ffe35855000 	C:\WINDOWS\system32\windows.storage.dll
0x00007ffe38020000 - 0x00007ffe38072000 	C:\WINDOWS\system32\shlwapi.dll
0x00007ffe34d90000 - 0x00007ffe34d9f000 	C:\WINDOWS\system32\kernel.appcore.dll
0x00007ffe35150000 - 0x00007ffe35205000 	C:\WINDOWS\system32\shcore.dll
0x00007ffe34db0000 - 0x00007ffe34dfb000 	C:\WINDOWS\system32\powrprof.dll
0x00007ffe34e00000 - 0x00007ffe34e14000 	C:\WINDOWS\system32\profapi.dll

VM Arguments:
jvm_args: -Djava.awt.headless=true -Xmx1024M -Dfile.encoding=GBK -Duser.country=CN -Duser.language=zh -Duser.variant 
java_command: com.android.dx.command.Main --dex --num-threads=4 --output C:\Users\Administrator\AndroidStudioProjects\DemoTest\app\build\intermediates\pre-dexed\debug\gson-2.2.4_752a4694a6e7953de1b9e1ac68ee96a302f761f3.jar C:\Users\Administrator\.gradle\caches\modules-2\files-2.1\com.google.code.gson\gson\2.2.4\a60a5e993c98c864010053cb901b7eab25306568\gson-2.2.4.jar
java_class_path (initial): E:\AndroidSDK\build-tools\23.0.2\lib\dx.jar
Launcher Type: SUN_STANDARD

Environment Variables:
JAVA_HOME=C:\Program Files\Java\jdk1.8.0_65
CLASSPATH=D:\apache-tomcat-7.0.70\lib\servlet-api.jar
PATH=C:\Program Files\Java\jdk1.8.0_65\bin;C:\ProgramData\Oracle\Java\javapath;C:\Program Files (x86)\Intel\iCLS Client\;C:\Program Files\Intel\iCLS Client\;C:\Windows\system32;C:\Windows;C:\Windows\System32\Wbem;C:\Windows\System32\WindowsPowerShell\v1.0\;C:\Program Files (x86)\Intel\Intel(R) Management Engine Components\DAL;C:\Program Files\Intel\Intel(R) Management Engine Components\DAL;C:\Program Files (x86)\Intel\Intel(R) Management Engine Components\IPT;C:\Program Files\Intel\Intel(R) Management Engine Components\IPT;C:\Program Files (x86)\NVIDIA Corporation\PhysX\Common;C:\WINDOWS\system32;C:\WINDOWS;C:\WINDOWS\System32\Wbem;C:\WINDOWS\System32\WindowsPowerShell\v1.0\;F:\xampps\perl\bin\;D:\TortoiseSVN\bin;E:\AndroidSDK\platform-tools;C:\Program Files (x86)\Windows Kits\8.1\Windows Performance Toolkit\;C:\Program Files\Microsoft SQL Server\110\Tools\Binn\;C:\Program Files\Microsoft\Web Platform Installer\;C:\Program Files\Intel\WiFi\bin\;C:\Program Files\Common Files\Intel\WirelessCommon\;D:\apache-tomcat-7.0.70\lib\servlet-api.jar;D:\maven\apache-maven-3.3.9\bin;F:\HashiCorp\Vagrant\bin;F:\Ruby22-x64\bin;F:\Ruby21-x64\bin;C:\Program Files\Java\jdk1.8.0_65/bin;C:\Program Files\Java\jdk1.8.0_65/jre/bin; ;C:\Users\Administrator\AppData\Local\atom\bin;C:\Program Files\Intel\WiFi\bin\;C:\Program Files\Common Files\Intel\WirelessCommon\
USERNAME=Administrator
OS=Windows_NT
PROCESSOR_IDENTIFIER=Intel64 Family 6 Model 78 Stepping 3, GenuineIntel



---------------  S Y S T E M  ---------------

OS: Windows 10.0 , 64 bit Build 10586 (10.0.10586.0)

CPU:total 4 (2 cores per cpu, 2 threads per core) family 6 model 78 stepping 3, cmov, cx8, fxsr, mmx, sse, sse2, sse3, ssse3, sse4.1, sse4.2, popcnt, avx, avx2, aes, clmul, erms, 3dnowpref, lzcnt, ht, tsc, tscinvbit, bmi1, bmi2, adx

Memory: 4k page, physical 8082820k(1172124k free), swap 8082820k(8088k free)

vm_info: Java HotSpot(TM) 64-Bit Server VM (25.65-b01) for windows-amd64 JRE (1.8.0_65-b17), built on Oct  6 2015 16:39:20 by "java_re" with MS VC++ 10.0 (VS2010)

time: Fri Aug 26 11:47:24 2016
elapsed time: 2 seconds (0d 0h 0m 2s)

