#
# There is insufficient memory for the Java Runtime Environment to continue.
# Native memory allocation (malloc) failed to allocate 32744 bytes for ChunkPool::allocate
# Possible reasons:
#   The system is out of physical RAM or swap space
#   In 32 bit mode, the process size limit was hit
# Possible solutions:
#   Reduce memory load on the system
#   Increase physical memory or swap space
#   Check if swap backing store is full
#   Use 64 bit Java on a 64 bit OS
#   Decrease Java heap size (-Xmx/-Xms)
#   Decrease number of Java threads
#   Decrease Java thread stack sizes (-Xss)
#   Set larger code cache with -XX:ReservedCodeCacheSize=
# This output file may be truncated or incomplete.
#
#  Out of Memory Error (allocation.cpp:273), pid=3680, tid=12680
#
# JRE version: Java(TM) SE Runtime Environment (8.0_65-b17) (build 1.8.0_65-b17)
# Java VM: Java HotSpot(TM) 64-Bit Server VM (25.65-b01 mixed mode windows-amd64 compressed oops)
# Failed to write core dump. Minidumps are not enabled by default on client versions of Windows
#

---------------  T H R E A D  ---------------

Current thread (0x00000000156bb000):  JavaThread "C2 CompilerThread0" daemon [_thread_in_vm, id=12680, stack(0x0000000016bc0000,0x0000000016cc0000)]

Stack: [0x0000000016bc0000,0x0000000016cc0000]
[error occurred during error reporting (printing stack bounds), id 0xc0000005]

Native frames: (J=compiled Java code, j=interpreted, Vv=VM code, C=native code)


---------------  P R O C E S S  ---------------

Java Threads: ( => current thread )
  0x0000000016d0c800 JavaThread "C1 CompilerThread2" daemon [_thread_blocked, id=1356, stack(0x00000000171c0000,0x00000000172c0000)]
  0x0000000016d01000 JavaThread "C2 CompilerThread1" daemon [_thread_blocked, id=6688, stack(0x00000000170c0000,0x00000000171c0000)]
=>0x00000000156bb000 JavaThread "C2 CompilerThread0" daemon [_thread_in_vm, id=12680, stack(0x0000000016bc0000,0x0000000016cc0000)]
  0x00000000156b9000 JavaThread "Attach Listener" daemon [_thread_blocked, id=10548, stack(0x0000000016ac0000,0x0000000016bc0000)]
  0x000000001566d800 JavaThread "Signal Dispatcher" daemon [_thread_blocked, id=4432, stack(0x00000000169c0000,0x0000000016ac0000)]
  0x0000000002f81000 JavaThread "Finalizer" daemon [_thread_blocked, id=11044, stack(0x00000000168c0000,0x00000000169c0000)]
  0x0000000002f7e800 JavaThread "Reference Handler" daemon [_thread_blocked, id=11696, stack(0x00000000167c0000,0x00000000168c0000)]
  0x0000000002e8e000 JavaThread "main" [_thread_in_vm, id=13104, stack(0x0000000002cd0000,0x0000000002dd0000)]

Other Threads:
  0x0000000015627800 VMThread [stack: 0x00000000166c0000,0x00000000167c0000] [id=12784]

VM state:not at safepoint (normal execution)

VM Mutex/Monitor currently owned by a thread: None

Heap:
 PSYoungGen      total 36864K, used 1269K [0x00000000eab00000, 0x00000000ed400000, 0x0000000100000000)
  eden space 31744K, 4% used [0x00000000eab00000,0x00000000eac3d7c0,0x00000000eca00000)
  from space 5120K, 0% used [0x00000000ecf00000,0x00000000ecf00000,0x00000000ed400000)
  to   space 5120K, 0% used [0x00000000eca00000,0x00000000eca00000,0x00000000ecf00000)
 ParOldGen       total 84992K, used 0K [0x00000000c0000000, 0x00000000c5300000, 0x00000000eab00000)
  object space 84992K, 0% used [0x00000000c0000000,0x00000000c0000000,0x00000000c5300000)
 Metaspace       used 2236K, capacity 4480K, committed 4480K, reserved 1056768K
  class space    used 242K, capacity 384K, committed 384K, reserved 1048576K

Card table byte_map: [0x0000000012350000,0x0000000012560000] byte_map_base: 0x0000000011d50000

Marking Bits: (ParMarkBitMap*) 0x0000000055b9a5b0
 Begin Bits: [0x0000000012ac0000, 0x0000000013ac0000)
 End Bits:   [0x0000000013ac0000, 0x0000000014ac0000)

Polling page: 0x0000000000de0000

CodeCache: size=245760Kb used=1024Kb max_used=1024Kb free=244735Kb
 bounds [0x0000000002f90000, 0x0000000003200000, 0x0000000011f90000]
 total_blobs=208 nmethods=0 adapters=137
 compilation: enabled

Compilation events (0 events):
No events

GC Heap History (0 events):
No events

Deoptimization events (0 events):
No events

Internal exceptions (2 events):
Event: 0.076 Thread 0x0000000002e8e000 Exception <a 'java/lang/NoSuchMethodError': Method sun.misc.Unsafe.defineClass(Ljava/lang/String;[BII)Ljava/lang/Class; name or signature does not match> (0x00000000eab130b0) thrown at [C:\workspace\8-2-build-windows-amd64-cygwin\jdk8u65\4987\hotspot\src\sàV]õ‘³?
Event: 0.076 Thread 0x0000000002e8e000 Exception <a 'java/lang/NoSuchMethodError': Method sun.misc.Unsafe.prefetchRead(Ljava/lang/Object;J)V name or signature does not match> (0x00000000eab13398) thrown at [C:\workspace\8-2-build-windows-amd64-cygwin\jdk8u65\4987\hotspot\src\share\vm\prims\jni.

Events (10 events):
Event: 0.146 loading class sun/misc/URLClassPath done
Event: 0.146 loading class sun/net/www/protocol/jar/Handler
Event: 0.146 loading class sun/net/www/protocol/jar/Handler done
Event: 0.147 loading class sun/misc/Launcher$AppClassLoader$1
Event: 0.147 loading class sun/misc/Launcher$AppClassLoader$1 done
Event: 0.148 loading class java/lang/SystemClassLoaderAction
Event: 0.148 loading class java/lang/SystemClassLoaderAction done
Event: 0.148 Thread 0x000000001566d800 Thread added: 0x000000001566d800
Event: 0.148 Thread 0x00000000156b9000 Thread added: 0x00000000156b9000
Event: 0.149 Thread 0x00000000156bb000 Thread added: 0x00000000156bb000


Dynamic libraries:
0x00007ff6106a0000 - 0x00007ff6106d7000 	C:\Program Files\Java\jdk1.8.0_65\bin\java.exe
0x00007ff8ea720000 - 0x00007ff8ea8e1000 	C:\WINDOWS\SYSTEM32\ntdll.dll
0x00007ff8e82d0000 - 0x00007ff8e837d000 	C:\WINDOWS\system32\KERNEL32.DLL
0x00007ff8e6f10000 - 0x00007ff8e70f8000 	C:\WINDOWS\system32\KERNELBASE.dll
0x00007ff8ea410000 - 0x00007ff8ea4b7000 	C:\WINDOWS\system32\ADVAPI32.dll
0x00007ff8e88c0000 - 0x00007ff8e895d000 	C:\WINDOWS\system32\msvcrt.dll
0x00007ff8ea6c0000 - 0x00007ff8ea71b000 	C:\WINDOWS\system32\sechost.dll
0x00007ff8e8730000 - 0x00007ff8e884c000 	C:\WINDOWS\system32\RPCRT4.dll
0x00007ff8e7e30000 - 0x00007ff8e7f86000 	C:\WINDOWS\system32\USER32.dll
0x00007ff8e85a0000 - 0x00007ff8e8726000 	C:\WINDOWS\system32\GDI32.dll
0x00007ff8dd9e0000 - 0x00007ff8ddc54000 	C:\WINDOWS\WinSxS\amd64_microsoft.windows.common-controls_6595b64144ccf1df_6.0.10586.589_none_a2ddb3caa539acce\COMCTL32.dll
0x00007ff8e7b20000 - 0x00007ff8e7d9d000 	C:\WINDOWS\system32\combase.dll
0x00007ff8e6df0000 - 0x00007ff8e6e5a000 	C:\WINDOWS\system32\bcryptPrimitives.dll
0x00007ff8ea670000 - 0x00007ff8ea6ab000 	C:\WINDOWS\system32\IMM32.DLL
0x0000000054a00000 - 0x0000000054ad2000 	C:\Program Files\Java\jdk1.8.0_65\jre\bin\msvcr100.dll
0x0000000055390000 - 0x0000000055c19000 	C:\Program Files\Java\jdk1.8.0_65\jre\bin\server\jvm.dll
0x00007ff8ea6b0000 - 0x00007ff8ea6b8000 	C:\WINDOWS\system32\PSAPI.DLL
0x00007ff8d54a0000 - 0x00007ff8d54a9000 	C:\WINDOWS\SYSTEM32\WSOCK32.dll
0x00007ff8e7da0000 - 0x00007ff8e7e0b000 	C:\WINDOWS\system32\WS2_32.dll
0x00007ff8e5470000 - 0x00007ff8e5493000 	C:\WINDOWS\SYSTEM32\WINMM.dll
0x00007ff8ddce0000 - 0x00007ff8ddcea000 	C:\WINDOWS\SYSTEM32\VERSION.dll
0x00007ff8e5410000 - 0x00007ff8e543c000 	C:\WINDOWS\SYSTEM32\WINMMBASE.dll
0x00007ff8e7a40000 - 0x00007ff8e7a83000 	C:\WINDOWS\system32\cfgmgr32.dll
0x0000000055df0000 - 0x0000000055dff000 	C:\Program Files\Java\jdk1.8.0_65\jre\bin\verify.dll
0x0000000055dc0000 - 0x0000000055de9000 	C:\Program Files\Java\jdk1.8.0_65\jre\bin\java.dll
0x0000000055da0000 - 0x0000000055db6000 	C:\Program Files\Java\jdk1.8.0_65\jre\bin\zip.dll
0x00007ff8e8eb0000 - 0x00007ff8ea40c000 	C:\WINDOWS\system32\SHELL32.dll
0x00007ff8e71c0000 - 0x00007ff8e7805000 	C:\WINDOWS\system32\windows.storage.dll
0x00007ff8e8270000 - 0x00007ff8e82c2000 	C:\WINDOWS\system32\shlwapi.dll
0x00007ff8e6dc0000 - 0x00007ff8e6dcf000 	C:\WINDOWS\system32\kernel.appcore.dll
0x00007ff8e7100000 - 0x00007ff8e71b5000 	C:\WINDOWS\system32\shcore.dll
0x00007ff8e6d60000 - 0x00007ff8e6dab000 	C:\WINDOWS\system32\powrprof.dll
0x00007ff8e6d40000 - 0x00007ff8e6d54000 	C:\WINDOWS\system32\profapi.dll

VM Arguments:
jvm_args: -Djava.awt.headless=true -Xmx1024M -Dfile.encoding=GBK -Duser.country=CN -Duser.language=zh -Duser.variant 
java_command: com.android.dx.command.Main --dex --num-threads=4 --output C:\Users\Administrator\AndroidStudioProjects\DemoTest\app\build\intermediates\pre-dexed\debug\glide-3.6.1_4020668c253519df8db009e7f815b6fcc7d18017.jar C:\Users\Administrator\.gradle\caches\modules-2\files-2.1\com.github.bumptech.glide\glide\3.6.1\86b122e640af09b0723e1fa44083c354ba6d9089\glide-3.6.1.jar
java_class_path (initial): E:\AndroidSDK\build-tools\23.0.2\lib\dx.jar
Launcher Type: SUN_STANDARD

Environment Variables:
JAVA_HOME=C:\Program Files\Java\jdk1.8.0_65
CLASSPATH=D:\apache-tomcat-7.0.70\lib\servlet-api.jar
PATH=C:\Program Files\Java\jdk1.8.0_65\bin;C:\ProgramData\Oracle\Java\javapath;C:\Program Files (x86)\Intel\iCLS Client\;C:\Program Files\Intel\iCLS Client\;C:\Windows\system32;C:\Windows;C:\Windows\System32\Wbem;C:\Windows\System32\WindowsPowerShell\v1.0\;C:\Program Files (x86)\Intel\Intel(R) Management Engine Components\DAL;C:\Program Files\Intel\Intel(R) Management Engine Components\DAL;C:\Program Files (x86)\Intel\Intel(R) Management Engine Components\IPT;C:\Program Files\Intel\Intel(R) Management Engine Components\IPT;C:\Program Files (x86)\NVIDIA Corporation\PhysX\Common;C:\WINDOWS\system32;C:\WINDOWS;C:\WINDOWS\System32\Wbem;C:\WINDOWS\System32\WindowsPowerShell\v1.0\;F:\xampps\perl\bin\;D:\TortoiseSVN\bin;E:\AndroidSDK\platform-tools;C:\Program Files (x86)\Windows Kits\8.1\Windows Performance Toolkit\;C:\Program Files\Microsoft SQL Server\110\Tools\Binn\;C:\Program Files\Microsoft\Web Platform Installer\;C:\Program Files\Intel\WiFi\bin\;C:\Program Files\Common Files\Intel\WirelessCommon\;D:\apache-tomcat-7.0.70\lib\servlet-api.jar;D:\maven\apache-maven-3.3.9\bin;F:\HashiCorp\Vagrant\bin;F:\Ruby22-x64\bin;F:\Ruby21-x64\bin;C:\Program Files\Java\jdk1.8.0_65/bin;C:\Program Files\Java\jdk1.8.0_65/jre/bin; ;C:\Users\Administrator\AppData\Local\atom\bin;C:\Program Files\Intel\WiFi\bin\;C:\Program Files\Common Files\Intel\WirelessCommon\
USERNAME=Administrator
OS=Windows_NT
PROCESSOR_IDENTIFIER=Intel64 Family 6 Model 78 Stepping 3, GenuineIntel



---------------  S Y S T E M  ---------------

OS: Windows 10.0 , 64 bit Build 10586 (10.0.10586.589)

CPU:total 4 (2 cores per cpu, 2 threads per core) family 6 model 78 stepping 3, cmov, cx8, fxsr, mmx, sse, sse2, sse3, ssse3, sse4.1, sse4.2, popcnt, avx, avx2, aes, clmul, erms, 3dnowpref, lzcnt, ht, tsc, tscinvbit, bmi1, bmi2, adx

Memory: 4k page, physical 8082820k(1544820k free), swap 8082820k(3608k free)

vm_info: Java HotSpot(TM) 64-Bit Server VM (25.65-b01) for windows-amd64 JRE (1.8.0_65-b17), built on Oct  6 2015 16:39:20 by "java_re" with MS VC++ 10.0 (VS2010)

time: Sat Oct 08 09:43:41 2016
elapsed time: 0 seconds (0d 0h 0m 0s)

