#
# A fatal error has been detected by the Java Runtime Environment:
#
#  Internal Error (0xc06d007e), pid=10636, tid=9924
#
# JRE version:  (8.0_65-b17) (build )
# Java VM: Java HotSpot(TM) 64-Bit Server VM (25.65-b01 mixed mode windows-amd64 compressed oops)
# Problematic frame:
# C  [KERNELBASE.dll+0x71f28]
#
# Failed to write core dump. Minidumps are not enabled by default on client versions of Windows
#
# If you would like to submit a bug report, please visit:
#   http://bugreport.java.com/bugreport/crash.jsp
# The crash happened outside the Java Virtual Machine in native code.
# See problematic frame for where to report the bug.
#

---------------  T H R E A D  ---------------

Current thread (0x00000000032de000):  JavaThread "main" [_thread_in_native, id=9924, stack(0x0000000003100000,0x0000000003200000)]

siginfo: ExceptionCode=0xc06d007e, ExceptionInformation=0x00000000031fee60 

Registers:
RAX=0x0000000000f802b4, RBX=0x0000000000000000, RCX=0x0000000000000001, RDX=0x0000000000000000
RSP=0x00000000031fed60, RBP=0x00000000031feeb8, RSI=0x0000000050fcd86c, RDI=0x0000000000000000
R8 =0x0000000000000000, R9 =0x000000000000000d, R10=0x0000000000000020, R11=0x0000000000000000
R12=0x0000000000000001, R13=0x0000000050fd5780, R14=0x0000000050fd5510, R15=0x0000000050fcd8f8
RIP=0x00007ffa141d1f28, EFLAGS=0x0000000000000202

Top of Stack: (sp=0x00000000031fed60)
0x00000000031fed60:   0000000000000000 0000000000000000
0x00000000031fed70:   0000000050fcd86c 0000000000000000
0x00000000031fed80:   00000000c06d007e 0000000000000000
0x00000000031fed90:   00007ffa141d1f28 00007ffa00000001
0x00000000031feda0:   00000000031fee60 00000000013d9060
0x00000000031fedb0:   0000000000000000 0000000000000000
0x00000000031fedc0:   0000000000000000 00007ffa141bfaff
0x00000000031fedd0:   0000000000000000 0000000050fcd86c
0x00000000031fede0:   0000000000000000 0000000000000000
0x00000000031fedf0:   0000000000000000 0000000000000000
0x00000000031fee00:   0000000050fccb40 00007ffa141bfaa9
0x00000000031fee10:   0000000000000000 0000000050bc4e7e
0x00000000031fee20:   00002894f06048ba 0000000050b95695
0x00000000031fee30:   0000000000000000 0000000050fc8867
0x00000000031fee40:   0000000000000000 0000000050fcd86c
0x00000000031fee50:   0000000000000001 0000000050bc38a8 

Instructions: (pc=0x00007ffa141d1f28)
0x00007ffa141d1f08:   49 8b d1 44 0f 47 c0 44 89 44 24 38 49 c1 e0 03
0x00007ffa141d1f18:   e8 27 b2 00 00 48 8d 4c 24 20 ff 15 c8 a7 05 00
0x00007ffa141d1f28:   48 8b 8c 24 c0 00 00 00 48 33 cc e8 98 7a 00 00
0x00007ffa141d1f38:   48 81 c4 d8 00 00 00 c3 83 64 24 38 00 eb d6 cc 


Register to memory mapping:

RAX=0x0000000000f802b4 is an unknown value
RBX=0x0000000000000000 is an unknown value
RCX=0x0000000000000001 is an unknown value
RDX=0x0000000000000000 is an unknown value
RSP=0x00000000031fed60 is pointing into the stack for thread: 0x00000000032de000
RBP=0x00000000031feeb8 is pointing into the stack for thread: 0x00000000032de000
RSI=0x0000000050fcd86c is an unknown value
RDI=0x0000000000000000 is an unknown value
R8 =0x0000000000000000 is an unknown value
R9 =0x000000000000000d is an unknown value
R10=0x0000000000000020 is an unknown value
R11=0x0000000000000000 is an unknown value
R12=0x0000000000000001 is an unknown value
R13=0x0000000050fd5780 is an unknown value
R14=0x0000000050fd5510 is an unknown value
R15=0x0000000050fcd8f8 is an unknown value


Stack: [0x0000000003100000,0x0000000003200000],  sp=0x00000000031fed60,  free space=1019k
Native frames: (J=compiled Java code, j=interpreted, Vv=VM code, C=native code)
C  [KERNELBASE.dll+0x71f28]
C  [java.dll+0x18867]
C  [java.dll+0x18693]
C  [java.dll+0xd26a]
C  [java.dll+0xd9a0]
C  [java.dll+0x66d8]
C  0x00000000033f5e34

Java frames: (J=compiled Java code, j=interpreted, Vv=VM code)
j  java.lang.System.initProperties(Ljava/util/Properties;)Ljava/util/Properties;+0
j  java.lang.System.initializeSystemClass()V+13
v  ~StubRoutines::call_stub

---------------  P R O C E S S  ---------------

Java Threads: ( => current thread )
  0x00000000033d0800 JavaThread "Finalizer" daemon [_thread_blocked, id=13276, stack(0x0000000016d10000,0x0000000016e10000)]
  0x00000000033cd800 JavaThread "Reference Handler" daemon [_thread_blocked, id=12812, stack(0x0000000016c10000,0x0000000016d10000)]
=>0x00000000032de000 JavaThread "main" [_thread_in_native, id=9924, stack(0x0000000003100000,0x0000000003200000)]

Other Threads:
  0x0000000015a78800 VMThread [stack: 0x0000000016b10000,0x0000000016c10000] [id=9156]

VM state:not at safepoint (normal execution)

VM Mutex/Monitor currently owned by a thread: None

Heap:
 PSYoungGen      total 36864K, used 1269K [0x00000000eab00000, 0x00000000ed400000, 0x0000000100000000)
  eden space 31744K, 4% used [0x00000000eab00000,0x00000000eac3d7c0,0x00000000eca00000)
  from space 5120K, 0% used [0x00000000ecf00000,0x00000000ecf00000,0x00000000ed400000)
  to   space 5120K, 0% used [0x00000000eca00000,0x00000000eca00000,0x00000000ecf00000)
 ParOldGen       total 84992K, used 0K [0x00000000c0000000, 0x00000000c5300000, 0x00000000eab00000)
  object space 84992K, 0% used [0x00000000c0000000,0x00000000c0000000,0x00000000c5300000)
 Metaspace       used 959K, capacity 4480K, committed 4480K, reserved 1056768K
  class space    used 99K, capacity 384K, committed 384K, reserved 1048576K

Card table byte_map: [0x00000000127a0000,0x00000000129b0000] byte_map_base: 0x00000000121a0000

Marking Bits: (ParMarkBitMap*) 0x00000000517fa5b0
 Begin Bits: [0x0000000012f10000, 0x0000000013f10000)
 End Bits:   [0x0000000013f10000, 0x0000000014f10000)

Polling page: 0x0000000000ff0000

CodeCache: size=245760Kb used=402Kb max_used=402Kb free=245357Kb
 bounds [0x00000000033e0000, 0x0000000003650000, 0x00000000123e0000]
 total_blobs=99 nmethods=0 adapters=73
 compilation: enabled

Compilation events (0 events):
No events

GC Heap History (0 events):
No events

Deoptimization events (0 events):
No events

Internal exceptions (0 events):
No events

Events (10 events):
Event: 0.117 loading class java/lang/ref/Finalizer$FinalizerThread done
Event: 0.117 Thread 0x00000000033d0800 Thread added: 0x00000000033d0800
Event: 0.117 loading class java/util/Hashtable$Entry
Event: 0.117 loading class java/util/Map$Entry
Event: 0.117 loading class java/util/Map$Entry done
Event: 0.117 loading class java/util/Hashtable$Entry done
Event: 0.117 loading class java/lang/Math
Event: 0.118 loading class java/lang/Math done
Event: 0.121 loading class sun/misc/VM
Event: 0.121 loading class sun/misc/VM done


Dynamic libraries:
0x00007ff642bd0000 - 0x00007ff642c07000 	C:\Program Files\Java\jdk1.8.0_65\bin\java.exe
0x00007ffa178d0000 - 0x00007ffa17a91000 	C:\WINDOWS\SYSTEM32\ntdll.dll
0x00007ffa14df0000 - 0x00007ffa14e9d000 	C:\WINDOWS\system32\KERNEL32.DLL
0x00007ffa14160000 - 0x00007ffa14348000 	C:\WINDOWS\system32\KERNELBASE.dll
0x00007ffa17440000 - 0x00007ffa174e7000 	C:\WINDOWS\system32\ADVAPI32.dll
0x00007ffa15550000 - 0x00007ffa155ed000 	C:\WINDOWS\system32\msvcrt.dll
0x00007ffa15cd0000 - 0x00007ffa15d2b000 	C:\WINDOWS\system32\sechost.dll
0x00007ffa174f0000 - 0x00007ffa1760c000 	C:\WINDOWS\system32\RPCRT4.dll
0x00007ffa14ea0000 - 0x00007ffa14ff6000 	C:\WINDOWS\system32\USER32.dll
0x00007ffa153c0000 - 0x00007ffa15546000 	C:\WINDOWS\system32\GDI32.dll
0x00007ffa0dd90000 - 0x00007ffa0e004000 	C:\WINDOWS\WinSxS\amd64_microsoft.windows.common-controls_6595b64144ccf1df_6.0.10586.589_none_a2ddb3caa539acce\COMCTL32.dll
0x00007ffa15140000 - 0x00007ffa153bd000 	C:\WINDOWS\system32\combase.dll
0x00007ffa13f80000 - 0x00007ffa13fea000 	C:\WINDOWS\system32\bcryptPrimitives.dll
0x00007ffa14d50000 - 0x00007ffa14d8b000 	C:\WINDOWS\system32\IMM32.DLL
0x0000000050b70000 - 0x0000000050c42000 	C:\Program Files\Java\jdk1.8.0_65\jre\bin\msvcr100.dll
0x0000000050ff0000 - 0x0000000051879000 	C:\Program Files\Java\jdk1.8.0_65\jre\bin\server\jvm.dll
0x00007ffa178c0000 - 0x00007ffa178c8000 	C:\WINDOWS\system32\PSAPI.DLL
0x00007ffa04010000 - 0x00007ffa04019000 	C:\WINDOWS\SYSTEM32\WSOCK32.dll
0x00007ffa176e0000 - 0x00007ffa1774b000 	C:\WINDOWS\system32\WS2_32.dll
0x00007ffa125f0000 - 0x00007ffa12613000 	C:\WINDOWS\SYSTEM32\WINMM.dll
0x00007ffa10c00000 - 0x00007ffa10c0a000 	C:\WINDOWS\SYSTEM32\VERSION.dll
0x00007ffa125a0000 - 0x00007ffa125cc000 	C:\WINDOWS\SYSTEM32\WINMMBASE.dll
0x00007ffa149c0000 - 0x00007ffa14a03000 	C:\WINDOWS\system32\cfgmgr32.dll
0x0000000050fe0000 - 0x0000000050fef000 	C:\Program Files\Java\jdk1.8.0_65\jre\bin\verify.dll
0x0000000050fb0000 - 0x0000000050fd9000 	C:\Program Files\Java\jdk1.8.0_65\jre\bin\java.dll
0x0000000050f90000 - 0x0000000050fa6000 	C:\Program Files\Java\jdk1.8.0_65\jre\bin\zip.dll
0x00007ffa04550000 - 0x00007ffa046dc000 	C:\WINDOWS\SYSTEM32\dbghelp.dll

VM Arguments:
jvm_args: -Djava.awt.headless=true -Xmx1024M -Dfile.encoding=GBK -Duser.country=CN -Duser.language=zh -Duser.variant 
java_command: com.android.dx.command.Main --dex --num-threads=4 --output C:\Users\Administrator\AndroidStudioProjects\DemoTest\app\build\intermediates\pre-dexed\debug\okhttp-urlconnection-2.2.0_ae36973fdb82907c5a92e4e212de0cabbe6265f3.jar C:\Users\Administrator\.gradle\caches\modules-2\files-2.1\com.squareup.okhttp\okhttp-urlconnection\2.2.0\cb20062e14c523637b7643295418097b48cccec2\okhttp-urlconnection-2.2.0.jar
java_class_path (initial): E:\AndroidSDK\build-tools\23.0.2\lib\dx.jar
Launcher Type: SUN_STANDARD

Environment Variables:
JAVA_HOME=C:\Program Files\Java\jdk1.8.0_65
CLASSPATH=D:\apache-tomcat-7.0.70\lib\servlet-api.jar
PATH=C:\Program Files\Java\jdk1.8.0_65\bin;C:\ProgramData\Oracle\Java\javapath;C:\Program Files (x86)\Intel\iCLS Client\;C:\Program Files\Intel\iCLS Client\;C:\Windows\system32;C:\Windows;C:\Windows\System32\Wbem;C:\Windows\System32\WindowsPowerShell\v1.0\;C:\Program Files (x86)\Intel\Intel(R) Management Engine Components\DAL;C:\Program Files\Intel\Intel(R) Management Engine Components\DAL;C:\Program Files (x86)\Intel\Intel(R) Management Engine Components\IPT;C:\Program Files\Intel\Intel(R) Management Engine Components\IPT;C:\Program Files (x86)\NVIDIA Corporation\PhysX\Common;C:\WINDOWS\system32;C:\WINDOWS;C:\WINDOWS\System32\Wbem;C:\WINDOWS\System32\WindowsPowerShell\v1.0\;F:\xampps\perl\bin\;D:\TortoiseSVN\bin;E:\AndroidSDK\platform-tools;C:\Program Files (x86)\Windows Kits\8.1\Windows Performance Toolkit\;C:\Program Files\Microsoft SQL Server\110\Tools\Binn\;C:\Program Files\Microsoft\Web Platform Installer\;C:\Program Files\Intel\WiFi\bin\;C:\Program Files\Common Files\Intel\WirelessCommon\;D:\apache-tomcat-7.0.70\lib\servlet-api.jar;D:\maven\apache-maven-3.3.9\bin;F:\HashiCorp\Vagrant\bin;F:\Ruby22-x64\bin;F:\Ruby21-x64\bin;C:\Program Files\Java\jdk1.8.0_65/bin;C:\Program Files\Java\jdk1.8.0_65/jre/bin; ;C:\Users\Administrator\AppData\Local\atom\bin;C:\Program Files\Intel\WiFi\bin\;C:\Program Files\Common Files\Intel\WirelessCommon\
USERNAME=Administrator
OS=Windows_NT
PROCESSOR_IDENTIFIER=Intel64 Family 6 Model 78 Stepping 3, GenuineIntel



---------------  S Y S T E M  ---------------

OS: Windows 10.0 , 64 bit Build 10586 (10.0.10586.589)

CPU:total 4 (2 cores per cpu, 2 threads per core) family 6 model 78 stepping 3, cmov, cx8, fxsr, mmx, sse, sse2, sse3, ssse3, sse4.1, sse4.2, popcnt, avx, avx2, aes, clmul, erms, 3dnowpref, lzcnt, ht, tsc, tscinvbit, bmi1, bmi2, adx

Memory: 4k page, physical 8082820k(1467616k free), swap 8082820k(393140k free)

vm_info: Java HotSpot(TM) 64-Bit Server VM (25.65-b01) for windows-amd64 JRE (1.8.0_65-b17), built on Oct  6 2015 16:39:20 by "java_re" with MS VC++ 10.0 (VS2010)

time: Wed Sep 21 14:33:49 2016
elapsed time: 0 seconds (0d 0h 0m 0s)

