#
# There is insufficient memory for the Java Runtime Environment to continue.
# Native memory allocation (malloc) failed to allocate 32744 bytes for ChunkPool::allocate
# Possible reasons:
#   The system is out of physical RAM or swap space
#   In 32 bit mode, the process size limit was hit
# Possible solutions:
#   Reduce memory load on the system
#   Increase physical memory or swap space
#   Check if swap backing store is full
#   Use 64 bit Java on a 64 bit OS
#   Decrease Java heap size (-Xmx/-Xms)
#   Decrease number of Java threads
#   Decrease Java thread stack sizes (-Xss)
#   Set larger code cache with -XX:ReservedCodeCacheSize=
# This output file may be truncated or incomplete.
#
#  Out of Memory Error (allocation.cpp:273), pid=7356, tid=11728
#
# JRE version: Java(TM) SE Runtime Environment (8.0_65-b17) (build 1.8.0_65-b17)
# Java VM: Java HotSpot(TM) 64-Bit Server VM (25.65-b01 mixed mode windows-amd64 compressed oops)
# Failed to write core dump. Minidumps are not enabled by default on client versions of Windows
#

---------------  T H R E A D  ---------------

Current thread (0x00000000154eb800):  JavaThread "C2 CompilerThread0" daemon [_thread_in_native, id=11728, stack(0x0000000016a10000,0x0000000016b10000)]

Stack: [0x0000000016a10000,0x0000000016b10000]
[error occurred during error reporting (printing stack bounds), id 0xc0000005]

Native frames: (J=compiled Java code, j=interpreted, Vv=VM code, C=native code)


Current CompileTask:
C2:    314  183       4       java.util.concurrent.ConcurrentHashMap::setTabAt (19 bytes)


---------------  P R O C E S S  ---------------

Java Threads: ( => current thread )
  0x0000000016c93800 JavaThread "pool-2-thread-1" [_thread_new, id=13044, stack(0x0000000000000000,0x0000000000000000)]
  0x0000000016c8d000 JavaThread "pool-1-thread-1" [_thread_in_vm, id=820, stack(0x0000000017310000,0x0000000017410000)]
  0x0000000016ba1800 JavaThread "Service Thread" daemon [_thread_blocked, id=12360, stack(0x0000000017110000,0x0000000017210000)]
  0x0000000016b6d800 JavaThread "C1 CompilerThread2" daemon [_thread_in_native, id=12548, stack(0x0000000017010000,0x0000000017110000)]
  0x0000000016b4e800 JavaThread "C2 CompilerThread1" daemon [_thread_blocked, id=13288, stack(0x0000000016f10000,0x0000000017010000)]
=>0x00000000154eb800 JavaThread "C2 CompilerThread0" daemon [_thread_in_native, id=11728, stack(0x0000000016a10000,0x0000000016b10000)]
  0x000000001549f800 JavaThread "Attach Listener" daemon [_thread_blocked, id=2540, stack(0x0000000016910000,0x0000000016a10000)]
  0x000000001549e800 JavaThread "Signal Dispatcher" daemon [_thread_blocked, id=13268, stack(0x0000000016810000,0x0000000016910000)]
  0x0000000002db1000 JavaThread "Finalizer" daemon [_thread_blocked, id=12584, stack(0x0000000016710000,0x0000000016810000)]
  0x0000000015459000 JavaThread "Reference Handler" daemon [_thread_blocked, id=1572, stack(0x0000000016610000,0x0000000016710000)]
  0x0000000002cbe000 JavaThread "main" [_thread_in_vm, id=8020, stack(0x0000000002b20000,0x0000000002c20000)]

Other Threads:
  0x0000000015457800 VMThread [stack: 0x0000000016510000,0x0000000016610000] [id=11720]
  0x0000000016bc6800 WatcherThread [stack: 0x0000000017210000,0x0000000017310000] [id=9688]

VM state:not at safepoint (normal execution)

VM Mutex/Monitor currently owned by a thread: None

Heap:
 PSYoungGen      total 36864K, used 5721K [0x00000000eab00000, 0x00000000ed400000, 0x0000000100000000)
  eden space 31744K, 18% used [0x00000000eab00000,0x00000000eb0966e0,0x00000000eca00000)
  from space 5120K, 0% used [0x00000000ecf00000,0x00000000ecf00000,0x00000000ed400000)
  to   space 5120K, 0% used [0x00000000eca00000,0x00000000eca00000,0x00000000ecf00000)
 ParOldGen       total 84992K, used 0K [0x00000000c0000000, 0x00000000c5300000, 0x00000000eab00000)
  object space 84992K, 0% used [0x00000000c0000000,0x00000000c0000000,0x00000000c5300000)
 Metaspace       used 3965K, capacity 5104K, committed 5376K, reserved 1056768K
  class space    used 448K, capacity 488K, committed 512K, reserved 1048576K

Card table byte_map: [0x0000000012180000,0x0000000012390000] byte_map_base: 0x0000000011b80000

Marking Bits: (ParMarkBitMap*) 0x0000000055b9a5b0
 Begin Bits: [0x00000000128f0000, 0x00000000138f0000)
 End Bits:   [0x00000000138f0000, 0x00000000148f0000)

Polling page: 0x0000000000d60000

CodeCache: size=245760Kb used=1401Kb max_used=1403Kb free=244358Kb
 bounds [0x0000000002dc0000, 0x0000000003030000, 0x0000000011dc0000]
 total_blobs=438 nmethods=178 adapters=173
 compilation: enabled

Compilation events (10 events):
Event: 0.310 Thread 0x0000000016b6d800  174       3       java.nio.charset.CharsetEncoder::maxBytesPerChar (5 bytes)
Event: 0.310 Thread 0x0000000016b6d800 nmethod 174 0x0000000002f1bfd0 code [0x0000000002f1c120, 0x0000000002f1c270]
Event: 0.310 Thread 0x0000000016b4e800  175       4       java.lang.Math::min (11 bytes)
Event: 0.310 Thread 0x0000000016b6d800  176   !   3       java.util.zip.InflaterInputStream::read (138 bytes)
Event: 0.310 Thread 0x0000000016b4e800 nmethod 175 0x0000000002f1ef10 code [0x0000000002f1f040, 0x0000000002f1f098]
Event: 0.312 Thread 0x0000000016b6d800 nmethod 176 0x0000000002f1d290 code [0x0000000002f1d500, 0x0000000002f1e608]
Event: 0.312 Thread 0x0000000016b6d800  177       3       java.util.zip.InflaterInputStream::ensureOpen (18 bytes)
Event: 0.312 Thread 0x0000000016b6d800 nmethod 177 0x0000000002f1cdd0 code [0x0000000002f1cf40, 0x0000000002f1d1a8]
Event: 0.312 Thread 0x0000000016b6d800  181   !   3       com.android.dx.cf.cst.ConstantPoolParser::parse0 (731 bytes)
Event: 0.313 Thread 0x00000000154eb800  183       4       java.util.concurrent.ConcurrentHashMap::setTabAt (19 bytes)

GC Heap History (0 events):
No events

Deoptimization events (0 events):
No events

Internal exceptions (2 events):
Event: 0.057 Thread 0x0000000002cbe000 Exception <a 'java/lang/NoSuchMethodError': Method sun.misc.Unsafe.defineClass(Ljava/lang/String;[BII)Ljava/lang/Class; name or signature does not match> (0x00000000eab130b0) thrown at [C:\workspace\8-2-build-windows-amd64-cygwin\jdk8u65\4987\hotspot\src\sÚ€ð)-­?
Event: 0.057 Thread 0x0000000002cbe000 Exception <a 'java/lang/NoSuchMethodError': Method sun.misc.Unsafe.prefetchRead(Ljava/lang/Object;J)V name or signature does not match> (0x00000000eab13398) thrown at [C:\workspace\8-2-build-windows-amd64-cygwin\jdk8u65\4987\hotspot\src\share\vm\prims\jni.

Events (10 events):
Event: 0.310 Thread 0x0000000016c8d000 Thread added: 0x0000000016c8d000
Event: 0.310 loading class com/android/dx/command/dexer/Main$ClassDefItemConsumer
Event: 0.310 loading class com/android/dx/command/dexer/Main$ClassDefItemConsumer done
Event: 0.310 loading class com/android/dx/dex/cf/CfTranslator
Event: 0.310 loading class com/android/dx/dex/cf/CfTranslator done
Event: 0.311 Thread 0x0000000016c93800 Thread added: 0x0000000016c93800
Event: 0.311 loading class com/android/dx/rop/cst/CstBoolean
Event: 0.311 loading class com/android/dx/rop/cst/CstBoolean done
Event: 0.313 loading class com/android/dx/cf/attrib/InnerClassList
Event: 0.313 loading class com/android/dx/cf/attrib/InnerClassList done


Dynamic libraries:
0x00007ff6106a0000 - 0x00007ff6106d7000 	C:\Program Files\Java\jdk1.8.0_65\bin\java.exe
0x00007ff8ea720000 - 0x00007ff8ea8e1000 	C:\WINDOWS\SYSTEM32\ntdll.dll
0x00007ff8e82d0000 - 0x00007ff8e837d000 	C:\WINDOWS\system32\KERNEL32.DLL
0x00007ff8e6f10000 - 0x00007ff8e70f8000 	C:\WINDOWS\system32\KERNELBASE.dll
0x00007ff8ea410000 - 0x00007ff8ea4b7000 	C:\WINDOWS\system32\ADVAPI32.dll
0x00007ff8e88c0000 - 0x00007ff8e895d000 	C:\WINDOWS\system32\msvcrt.dll
0x00007ff8ea6c0000 - 0x00007ff8ea71b000 	C:\WINDOWS\system32\sechost.dll
0x00007ff8e8730000 - 0x00007ff8e884c000 	C:\WINDOWS\system32\RPCRT4.dll
0x00007ff8e7e30000 - 0x00007ff8e7f86000 	C:\WINDOWS\system32\USER32.dll
0x00007ff8e85a0000 - 0x00007ff8e8726000 	C:\WINDOWS\system32\GDI32.dll
0x00007ff8dd9e0000 - 0x00007ff8ddc54000 	C:\WINDOWS\WinSxS\amd64_microsoft.windows.common-controls_6595b64144ccf1df_6.0.10586.589_none_a2ddb3caa539acce\COMCTL32.dll
0x00007ff8e7b20000 - 0x00007ff8e7d9d000 	C:\WINDOWS\system32\combase.dll
0x00007ff8e6df0000 - 0x00007ff8e6e5a000 	C:\WINDOWS\system32\bcryptPrimitives.dll
0x00007ff8ea670000 - 0x00007ff8ea6ab000 	C:\WINDOWS\system32\IMM32.DLL
0x0000000054a00000 - 0x0000000054ad2000 	C:\Program Files\Java\jdk1.8.0_65\jre\bin\msvcr100.dll
0x0000000055390000 - 0x0000000055c19000 	C:\Program Files\Java\jdk1.8.0_65\jre\bin\server\jvm.dll
0x00007ff8ea6b0000 - 0x00007ff8ea6b8000 	C:\WINDOWS\system32\PSAPI.DLL
0x00007ff8d54a0000 - 0x00007ff8d54a9000 	C:\WINDOWS\SYSTEM32\WSOCK32.dll
0x00007ff8e7da0000 - 0x00007ff8e7e0b000 	C:\WINDOWS\system32\WS2_32.dll
0x00007ff8e5470000 - 0x00007ff8e5493000 	C:\WINDOWS\SYSTEM32\WINMM.dll
0x00007ff8ddce0000 - 0x00007ff8ddcea000 	C:\WINDOWS\SYSTEM32\VERSION.dll
0x00007ff8e5410000 - 0x00007ff8e543c000 	C:\WINDOWS\SYSTEM32\WINMMBASE.dll
0x00007ff8e7a40000 - 0x00007ff8e7a83000 	C:\WINDOWS\system32\cfgmgr32.dll
0x0000000055df0000 - 0x0000000055dff000 	C:\Program Files\Java\jdk1.8.0_65\jre\bin\verify.dll
0x0000000055dc0000 - 0x0000000055de9000 	C:\Program Files\Java\jdk1.8.0_65\jre\bin\java.dll
0x0000000055da0000 - 0x0000000055db6000 	C:\Program Files\Java\jdk1.8.0_65\jre\bin\zip.dll
0x00007ff8e8eb0000 - 0x00007ff8ea40c000 	C:\WINDOWS\system32\SHELL32.dll
0x00007ff8e71c0000 - 0x00007ff8e7805000 	C:\WINDOWS\system32\windows.storage.dll
0x00007ff8e8270000 - 0x00007ff8e82c2000 	C:\WINDOWS\system32\shlwapi.dll
0x00007ff8e6dc0000 - 0x00007ff8e6dcf000 	C:\WINDOWS\system32\kernel.appcore.dll
0x00007ff8e7100000 - 0x00007ff8e71b5000 	C:\WINDOWS\system32\shcore.dll
0x00007ff8e6d60000 - 0x00007ff8e6dab000 	C:\WINDOWS\system32\powrprof.dll
0x00007ff8e6d40000 - 0x00007ff8e6d54000 	C:\WINDOWS\system32\profapi.dll

VM Arguments:
jvm_args: -Djava.awt.headless=true -Xmx1024M -Dfile.encoding=GBK -Duser.country=CN -Duser.language=zh -Duser.variant 
java_command: com.android.dx.command.Main --dex --num-threads=4 --output C:\Users\Administrator\AndroidStudioProjects\DemoTest\app\build\intermediates\pre-dexed\debug\alipayutdid_a95c9236361fbc6f2663292b325134f991aeb4e3.jar C:\Users\Administrator\AndroidStudioProjects\DemoTest\app\build\intermediates\exploded-aar\DemoTest\sdk\unspecified\jars\libs\alipayutdid.jar
java_class_path (initial): E:\AndroidSDK\build-tools\23.0.2\lib\dx.jar
Launcher Type: SUN_STANDARD

Environment Variables:
JAVA_HOME=C:\Program Files\Java\jdk1.8.0_65
CLASSPATH=D:\apache-tomcat-7.0.70\lib\servlet-api.jar
PATH=C:\Program Files\Java\jdk1.8.0_65\bin;C:\ProgramData\Oracle\Java\javapath;C:\Program Files (x86)\Intel\iCLS Client\;C:\Program Files\Intel\iCLS Client\;C:\Windows\system32;C:\Windows;C:\Windows\System32\Wbem;C:\Windows\System32\WindowsPowerShell\v1.0\;C:\Program Files (x86)\Intel\Intel(R) Management Engine Components\DAL;C:\Program Files\Intel\Intel(R) Management Engine Components\DAL;C:\Program Files (x86)\Intel\Intel(R) Management Engine Components\IPT;C:\Program Files\Intel\Intel(R) Management Engine Components\IPT;C:\Program Files (x86)\NVIDIA Corporation\PhysX\Common;C:\WINDOWS\system32;C:\WINDOWS;C:\WINDOWS\System32\Wbem;C:\WINDOWS\System32\WindowsPowerShell\v1.0\;F:\xampps\perl\bin\;D:\TortoiseSVN\bin;E:\AndroidSDK\platform-tools;C:\Program Files (x86)\Windows Kits\8.1\Windows Performance Toolkit\;C:\Program Files\Microsoft SQL Server\110\Tools\Binn\;C:\Program Files\Microsoft\Web Platform Installer\;C:\Program Files\Intel\WiFi\bin\;C:\Program Files\Common Files\Intel\WirelessCommon\;D:\apache-tomcat-7.0.70\lib\servlet-api.jar;D:\maven\apache-maven-3.3.9\bin;F:\HashiCorp\Vagrant\bin;F:\Ruby22-x64\bin;F:\Ruby21-x64\bin;C:\Program Files\Java\jdk1.8.0_65/bin;C:\Program Files\Java\jdk1.8.0_65/jre/bin; ;C:\Users\Administrator\AppData\Local\atom\bin;C:\Program Files\Intel\WiFi\bin\;C:\Program Files\Common Files\Intel\WirelessCommon\
USERNAME=Administrator
OS=Windows_NT
PROCESSOR_IDENTIFIER=Intel64 Family 6 Model 78 Stepping 3, GenuineIntel



---------------  S Y S T E M  ---------------

OS: Windows 10.0 , 64 bit Build 10586 (10.0.10586.589)

CPU:total 4 (2 cores per cpu, 2 threads per core) family 6 model 78 stepping 3, cmov, cx8, fxsr, mmx, sse, sse2, sse3, ssse3, sse4.1, sse4.2, popcnt, avx, avx2, aes, clmul, erms, 3dnowpref, lzcnt, ht, tsc, tscinvbit, bmi1, bmi2, adx

Memory: 4k page, physical 8082820k(1539804k free), swap 8082820k(2868k free)

vm_info: Java HotSpot(TM) 64-Bit Server VM (25.65-b01) for windows-amd64 JRE (1.8.0_65-b17), built on Oct  6 2015 16:39:20 by "java_re" with MS VC++ 10.0 (VS2010)

time: Sat Oct 08 09:43:41 2016
elapsed time: 0 seconds (0d 0h 0m 0s)

