#
# There is insufficient memory for the Java Runtime Environment to continue.
# Native memory allocation (malloc) failed to allocate 902096 bytes for Chunk::new
# Possible reasons:
#   The system is out of physical RAM or swap space
#   In 32 bit mode, the process size limit was hit
# Possible solutions:
#   Reduce memory load on the system
#   Increase physical memory or swap space
#   Check if swap backing store is full
#   Use 64 bit Java on a 64 bit OS
#   Decrease Java heap size (-Xmx/-Xms)
#   Decrease number of Java threads
#   Decrease Java thread stack sizes (-Xss)
#   Set larger code cache with -XX:ReservedCodeCacheSize=
# This output file may be truncated or incomplete.
#
#  Out of Memory Error (allocation.cpp:390), pid=13540, tid=3148
#
# JRE version: Java(TM) SE Runtime Environment (8.0_65-b17) (build 1.8.0_65-b17)
# Java VM: Java HotSpot(TM) 64-Bit Server VM (25.65-b01 mixed mode windows-amd64 compressed oops)
# Failed to write core dump. Minidumps are not enabled by default on client versions of Windows
#

---------------  T H R E A D  ---------------

Current thread (0x0000000016490800):  JavaThread "C2 CompilerThread1" daemon [_thread_in_native, id=3148, stack(0x0000000016890000,0x0000000016990000)]

Stack: [0x0000000016890000,0x0000000016990000]
[error occurred during error reporting (printing stack bounds), id 0xc0000005]

Native frames: (J=compiled Java code, j=interpreted, Vv=VM code, C=native code)


Current CompileTask:
C2:   6853 1828   !   4       com.android.dx.cf.code.RopperMachine::run (1550 bytes)


---------------  P R O C E S S  ---------------

Java Threads: ( => current thread )
  0x0000000016814800 JavaThread "pool-1-thread-4" [_thread_blocked, id=11884, stack(0x0000000017890000,0x0000000017990000)]
  0x0000000016814000 JavaThread "pool-1-thread-3" [_thread_blocked, id=12776, stack(0x0000000017790000,0x0000000017890000)]
  0x0000000016813000 JavaThread "pool-1-thread-2" [_thread_blocked, id=13912, stack(0x0000000017690000,0x0000000017790000)]
  0x00000000166f9800 JavaThread "pool-2-thread-1" [_thread_blocked, id=13712, stack(0x0000000017590000,0x0000000017690000)]
  0x00000000166f6800 JavaThread "pool-1-thread-1" [_thread_blocked, id=9388, stack(0x0000000017490000,0x0000000017590000)]
  0x00000000164ef800 JavaThread "Service Thread" daemon [_thread_blocked, id=13448, stack(0x0000000016a90000,0x0000000016b90000)]
  0x00000000164ed800 JavaThread "C1 CompilerThread2" daemon [_thread_blocked, id=13744, stack(0x0000000016990000,0x0000000016a90000)]
=>0x0000000016490800 JavaThread "C2 CompilerThread1" daemon [_thread_in_native, id=3148, stack(0x0000000016890000,0x0000000016990000)]
  0x0000000014e9b800 JavaThread "C2 CompilerThread0" daemon [_thread_in_native, id=13764, stack(0x0000000016390000,0x0000000016490000)]
  0x0000000014e4f800 JavaThread "Attach Listener" daemon [_thread_blocked, id=6156, stack(0x0000000016290000,0x0000000016390000)]
  0x0000000014e4e800 JavaThread "Signal Dispatcher" daemon [_thread_blocked, id=1296, stack(0x0000000016190000,0x0000000016290000)]
  0x0000000002761000 JavaThread "Finalizer" daemon [_thread_blocked, id=10400, stack(0x0000000016090000,0x0000000016190000)]
  0x000000000275e800 JavaThread "Reference Handler" daemon [_thread_blocked, id=4976, stack(0x0000000015f90000,0x0000000016090000)]
  0x000000000266e000 JavaThread "main" [_thread_in_Java, id=11068, stack(0x00000000024b0000,0x00000000025b0000)]

Other Threads:
  0x0000000014e07800 VMThread [stack: 0x0000000015e90000,0x0000000015f90000] [id=9472]
  0x000000001652e000 WatcherThread [stack: 0x0000000016b90000,0x0000000016c90000] [id=13096]

VM state:not at safepoint (normal execution)

VM Mutex/Monitor currently owned by a thread: None

Heap:
 PSYoungGen      total 140288K, used 69317K [0x00000000eab00000, 0x00000000fcb00000, 0x0000000100000000)
  eden space 126976K, 44% used [0x00000000eab00000,0x00000000ee1b2678,0x00000000f2700000)
  from space 13312K, 99% used [0x00000000f2700000,0x00000000f33fedd0,0x00000000f3400000)
  to   space 20480K, 0% used [0x00000000fb700000,0x00000000fb700000,0x00000000fcb00000)
 ParOldGen       total 84992K, used 36749K [0x00000000c0000000, 0x00000000c5300000, 0x00000000eab00000)
  object space 84992K, 43% used [0x00000000c0000000,0x00000000c23e35e0,0x00000000c5300000)
 Metaspace       used 6533K, capacity 7192K, committed 7424K, reserved 1056768K
  class space    used 624K, capacity 656K, committed 768K, reserved 1048576K

Card table byte_map: [0x0000000011b30000,0x0000000011d40000] byte_map_base: 0x0000000011530000

Marking Bits: (ParMarkBitMap*) 0x0000000054eba5b0
 Begin Bits: [0x00000000122a0000, 0x00000000132a0000)
 End Bits:   [0x00000000132a0000, 0x00000000142a0000)

Polling page: 0x0000000000970000

CodeCache: size=245760Kb used=8488Kb max_used=8507Kb free=237271Kb
 bounds [0x0000000002770000, 0x0000000002fd0000, 0x0000000011770000]
 total_blobs=2255 nmethods=1983 adapters=184
 compilation: enabled

Compilation events (10 events):
Event: 6.536 Thread 0x0000000016490800 nmethod 1970% 0x0000000002fad1d0 code [0x0000000002fad420, 0x0000000002faf7c8]
Event: 6.536 Thread 0x0000000016490800 1834       4       com.android.dx.cf.code.LineNumberList::pcToLine (73 bytes)
Event: 6.539 Thread 0x0000000016490800 nmethod 1834 0x0000000002fa9fd0 code [0x0000000002faa120, 0x0000000002faa298]
Event: 6.539 Thread 0x0000000016490800 1839       4       com.android.dx.cf.code.RopperMachine::jopToRopOpcode (1103 bytes)
Event: 6.558 Thread 0x0000000016490800 nmethod 1839 0x0000000002fab650 code [0x0000000002fabfc0, 0x0000000002fac8d8]
Event: 6.558 Thread 0x0000000016490800 1828   !   4       com.android.dx.cf.code.RopperMachine::run (1550 bytes)
Event: 6.637 Thread 0x0000000014e9b800 nmethod 2038 0x0000000002fc55d0 code [0x0000000002fc5960, 0x0000000002fc82c8]
Event: 6.637 Thread 0x0000000014e9b800 1842       4       com.android.dx.ssa.back.SsaToRop::convertInsns (53 bytes)
Event: 6.644 Thread 0x0000000014e9b800 nmethod 1842 0x0000000002faab90 code [0x0000000002faad00, 0x0000000002fab138]
Event: 6.644 Thread 0x0000000014e9b800 1830       4       com.android.dx.cf.code.ValueAwareMachine::run (1142 bytes)

GC Heap History (10 events):
Event: 3.404 GC heap before
{Heap before GC invocations=3 (full 0):
 PSYoungGen      total 36864K, used 36859K [0x00000000eab00000, 0x00000000ed400000, 0x0000000100000000)
  eden space 31744K, 100% used [0x00000000eab00000,0x00000000eca00000,0x00000000eca00000)
  from space 5120K, 99% used [0x00000000ecf00000,0x00000000ed3fecc0,0x00000000ed400000)
  to   space 5120K, 0% used [0x00000000eca00000,0x00000000eca00000,0x00000000ecf00000)
 ParOldGen       total 84992K, used 7610K [0x00000000c0000000, 0x00000000c5300000, 0x00000000eab00000)
  object space 84992K, 8% used [0x00000000c0000000,0x00000000c076eba0,0x00000000c5300000)
 Metaspace       used 6232K, capacity 7092K, committed 7296K, reserved 1056768K
  class space    used 603K, capacity 620K, committed 640K, reserved 1048576K
Event: 3.416 GC heap after
Heap after GC invocations=3 (full 0):
 PSYoungGen      total 36864K, used 5115K [0x00000000eab00000, 0x00000000ef300000, 0x0000000100000000)
  eden space 31744K, 0% used [0x00000000eab00000,0x00000000eab00000,0x00000000eca00000)
  from space 5120K, 99% used [0x00000000eca00000,0x00000000ecefecc0,0x00000000ecf00000)
  to   space 5120K, 0% used [0x00000000eee00000,0x00000000eee00000,0x00000000ef300000)
 ParOldGen       total 84992K, used 11809K [0x00000000c0000000, 0x00000000c5300000, 0x00000000eab00000)
  object space 84992K, 13% used [0x00000000c0000000,0x00000000c0b88470,0x00000000c5300000)
 Metaspace       used 6232K, capacity 7092K, committed 7296K, reserved 1056768K
  class space    used 603K, capacity 620K, committed 640K, reserved 1048576K
}
Event: 3.608 GC heap before
{Heap before GC invocations=4 (full 0):
 PSYoungGen      total 36864K, used 36859K [0x00000000eab00000, 0x00000000ef300000, 0x0000000100000000)
  eden space 31744K, 100% used [0x00000000eab00000,0x00000000eca00000,0x00000000eca00000)
  from space 5120K, 99% used [0x00000000eca00000,0x00000000ecefecc0,0x00000000ecf00000)
  to   space 5120K, 0% used [0x00000000eee00000,0x00000000eee00000,0x00000000ef300000)
 ParOldGen       total 84992K, used 11809K [0x00000000c0000000, 0x00000000c5300000, 0x00000000eab00000)
  object space 84992K, 13% used [0x00000000c0000000,0x00000000c0b88470,0x00000000c5300000)
 Metaspace       used 6264K, capacity 7092K, committed 7296K, reserved 1056768K
  class space    used 603K, capacity 620K, committed 640K, reserved 1048576K
Event: 3.649 GC heap after
Heap after GC invocations=4 (full 0):
 PSYoungGen      total 68608K, used 5096K [0x00000000eab00000, 0x00000000ef300000, 0x0000000100000000)
  eden space 63488K, 0% used [0x00000000eab00000,0x00000000eab00000,0x00000000ee900000)
  from space 5120K, 99% used [0x00000000eee00000,0x00000000ef2fa048,0x00000000ef300000)
  to   space 5120K, 0% used [0x00000000ee900000,0x00000000ee900000,0x00000000eee00000)
 ParOldGen       total 84992K, used 16129K [0x00000000c0000000, 0x00000000c5300000, 0x00000000eab00000)
  object space 84992K, 18% used [0x00000000c0000000,0x00000000c0fc0790,0x00000000c5300000)
 Metaspace       used 6264K, capacity 7092K, committed 7296K, reserved 1056768K
  class space    used 603K, capacity 620K, committed 640K, reserved 1048576K
}
Event: 4.483 GC heap before
{Heap before GC invocations=5 (full 0):
 PSYoungGen      total 68608K, used 68584K [0x00000000eab00000, 0x00000000ef300000, 0x0000000100000000)
  eden space 63488K, 100% used [0x00000000eab00000,0x00000000ee900000,0x00000000ee900000)
  from space 5120K, 99% used [0x00000000eee00000,0x00000000ef2fa048,0x00000000ef300000)
  to   space 5120K, 0% used [0x00000000ee900000,0x00000000ee900000,0x00000000eee00000)
 ParOldGen       total 84992K, used 16129K [0x00000000c0000000, 0x00000000c5300000, 0x00000000eab00000)
  object space 84992K, 18% used [0x00000000c0000000,0x00000000c0fc0790,0x00000000c5300000)
 Metaspace       used 6401K, capacity 7128K, committed 7424K, reserved 1056768K
  class space    used 623K, capacity 656K, committed 768K, reserved 1048576K
Event: 4.521 GC heap after
Heap after GC invocations=5 (full 0):
 PSYoungGen      total 68608K, used 5112K [0x00000000eab00000, 0x00000000f4100000, 0x0000000100000000)
  eden space 63488K, 0% used [0x00000000eab00000,0x00000000eab00000,0x00000000ee900000)
  from space 5120K, 99% used [0x00000000ee900000,0x00000000eedfe038,0x00000000eee00000)
  to   space 13312K, 0% used [0x00000000f3400000,0x00000000f3400000,0x00000000f4100000)
 ParOldGen       total 84992K, used 25118K [0x00000000c0000000, 0x00000000c5300000, 0x00000000eab00000)
  object space 84992K, 29% used [0x00000000c0000000,0x00000000c1887860,0x00000000c5300000)
 Metaspace       used 6401K, capacity 7128K, committed 7424K, reserved 1056768K
  class space    used 623K, capacity 656K, committed 768K, reserved 1048576K
}
Event: 5.121 GC heap before
{Heap before GC invocations=6 (full 0):
 PSYoungGen      total 68608K, used 68600K [0x00000000eab00000, 0x00000000f4100000, 0x0000000100000000)
  eden space 63488K, 100% used [0x00000000eab00000,0x00000000ee900000,0x00000000ee900000)
  from space 5120K, 99% used [0x00000000ee900000,0x00000000eedfe038,0x00000000eee00000)
  to   space 13312K, 0% used [0x00000000f3400000,0x00000000f3400000,0x00000000f4100000)
 ParOldGen       total 84992K, used 25118K [0x00000000c0000000, 0x00000000c5300000, 0x00000000eab00000)
  object space 84992K, 29% used [0x00000000c0000000,0x00000000c1887860,0x00000000c5300000)
 Metaspace       used 6412K, capacity 7128K, committed 7424K, reserved 1056768K
  class space    used 623K, capacity 656K, committed 768K, reserved 1048576K
Event: 5.152 GC heap after
Heap after GC invocations=6 (full 0):
 PSYoungGen      total 140288K, used 11018K [0x00000000eab00000, 0x00000000f4100000, 0x0000000100000000)
  eden space 126976K, 0% used [0x00000000eab00000,0x00000000eab00000,0x00000000f2700000)
  from space 13312K, 82% used [0x00000000f3400000,0x00000000f3ec28c8,0x00000000f4100000)
  to   space 13312K, 0% used [0x00000000f2700000,0x00000000f2700000,0x00000000f3400000)
 ParOldGen       total 84992K, used 25118K [0x00000000c0000000, 0x00000000c5300000, 0x00000000eab00000)
  object space 84992K, 29% used [0x00000000c0000000,0x00000000c1887860,0x00000000c5300000)
 Metaspace       used 6412K, capacity 7128K, committed 7424K, reserved 1056768K
  class space    used 623K, capacity 656K, committed 768K, reserved 1048576K
}
Event: 6.060 GC heap before
{Heap before GC invocations=7 (full 0):
 PSYoungGen      total 140288K, used 137994K [0x00000000eab00000, 0x00000000f4100000, 0x0000000100000000)
  eden space 126976K, 100% used [0x00000000eab00000,0x00000000f2700000,0x00000000f2700000)
  from space 13312K, 82% used [0x00000000f3400000,0x00000000f3ec28c8,0x00000000f4100000)
  to   space 13312K, 0% used [0x00000000f2700000,0x00000000f2700000,0x00000000f3400000)
 ParOldGen       total 84992K, used 25118K [0x00000000c0000000, 0x00000000c5300000, 0x00000000eab00000)
  object space 84992K, 29% used [0x00000000c0000000,0x00000000c1887860,0x00000000c5300000)
 Metaspace       used 6507K, capacity 7192K, committed 7424K, reserved 1056768K
  class space    used 623K, capacity 656K, committed 768K, reserved 1048576K
Event: 6.154 GC heap after
Heap after GC invocations=7 (full 0):
 PSYoungGen      total 140288K, used 13307K [0x00000000eab00000, 0x00000000fcb00000, 0x0000000100000000)
  eden space 126976K, 0% used [0x00000000eab00000,0x00000000eab00000,0x00000000f2700000)
  from space 13312K, 99% used [0x00000000f2700000,0x00000000f33fedd0,0x00000000f3400000)
  to   space 20480K, 0% used [0x00000000fb700000,0x00000000fb700000,0x00000000fcb00000)
 ParOldGen       total 84992K, used 36749K [0x00000000c0000000, 0x00000000c5300000, 0x00000000eab00000)
  object space 84992K, 43% used [0x00000000c0000000,0x00000000c23e35e0,0x00000000c5300000)
 Metaspace       used 6507K, capacity 7192K, committed 7424K, reserved 1056768K
  class space    used 623K, capacity 656K, committed 768K, reserved 1048576K
}

Deoptimization events (10 events):
Event: 4.047 Thread 0x0000000016813000 Uncommon trap: reason=bimorphic action=maybe_recompile pc=0x0000000002df962c method=com.android.dx.cf.code.BytecodeArray.parseInstruction(ILcom/android/dx/cf/code/BytecodeArray$Visitor;)I @ 2484
Event: 4.048 Thread 0x0000000016813000 Uncommon trap: reason=bimorphic action=maybe_recompile pc=0x0000000002df962c method=com.android.dx.cf.code.BytecodeArray.parseInstruction(ILcom/android/dx/cf/code/BytecodeArray$Visitor;)I @ 2484
Event: 4.340 Thread 0x000000000266e000 Uncommon trap: reason=unstable_if action=reinterpret pc=0x0000000002ba487c method=java.util.HashMap.putVal(ILjava/lang/Object;Ljava/lang/Object;ZZ)Ljava/lang/Object; @ 162
Event: 4.343 Thread 0x000000000266e000 Uncommon trap: reason=unstable_if action=reinterpret pc=0x0000000002dada04 method=java.util.HashMap.getNode(ILjava/lang/Object;)Ljava/util/HashMap$Node; @ 84
Event: 5.169 Thread 0x0000000016813000 Uncommon trap: reason=unstable_if action=reinterpret pc=0x0000000002e47614 method=com.android.dx.cf.code.Merger.mergeType(Lcom/android/dx/rop/type/TypeBearer;Lcom/android/dx/rop/type/TypeBearer;)Lcom/android/dx/rop/type/TypeBearer; @ 52
Event: 5.261 Thread 0x0000000016814800 Uncommon trap: reason=unstable_if action=reinterpret pc=0x0000000002dc7894 method=java.util.HashMap.resize()[Ljava/util/HashMap$Node; @ 206
Event: 5.786 Thread 0x00000000166f6800 Uncommon trap: reason=bimorphic action=maybe_recompile pc=0x0000000002e53f30 method=com.android.dx.cf.code.BytecodeArray.parseInstruction(ILcom/android/dx/cf/code/BytecodeArray$Visitor;)I @ 1327
Event: 5.786 Thread 0x00000000166f6800 Uncommon trap: reason=bimorphic action=maybe_recompile pc=0x0000000002e53f30 method=com.android.dx.cf.code.BytecodeArray.parseInstruction(ILcom/android/dx/cf/code/BytecodeArray$Visitor;)I @ 1327
Event: 5.798 Thread 0x0000000016814000 Uncommon trap: reason=unstable_if action=reinterpret pc=0x0000000002c2f0e0 method=com.android.dx.cf.code.Merger.mergeType(Lcom/android/dx/rop/type/TypeBearer;Lcom/android/dx/rop/type/TypeBearer;)Lcom/android/dx/rop/type/TypeBearer; @ 52
Event: 6.289 Thread 0x00000000166f6800 Uncommon trap: reason=unstable_if action=reinterpret pc=0x0000000002f12524 method=com.android.dx.cf.code.Ropper.processBlock(Lcom/android/dx/cf/code/ByteBlock;Lcom/android/dx/cf/code/Frame;[I)V @ 791

Internal exceptions (5 events):
Event: 0.335 Thread 0x000000000266e000 Exception <a 'java/lang/NoSuchMethodError': Method sun.misc.Unsafe.defineClass(Ljava/lang/String;[BII)Ljava/lang/Class; name or signature does not match> (0x00000000eab130b0) thrown at [C:\workspace\8-2-build-windows-amd64-cygwin\jdk8u65\4987\hotspot\src\s¥§Bnµu’?
Event: 0.335 Thread 0x000000000266e000 Exception <a 'java/lang/NoSuchMethodError': Method sun.misc.Unsafe.prefetchRead(Ljava/lang/Object;J)V name or signature does not match> (0x00000000eab13398) thrown at [C:\workspace\8-2-build-windows-amd64-cygwin\jdk8u65\4987\hotspot\src\share\vm\prims\jni.PÖS]@
Event: 4.341 Thread 0x000000000266e000 Exception <a 'java/lang/ArrayIndexOutOfBoundsException': 18> (0x00000000ee0531d8) thrown at [C:\workspace\8-2-build-windows-amd64-cygwin\jdk8u65\4987\hotspot\src\share\vm\interpreter\interpreterRuntime.cpp, line 366]
Event: 4.341 Thread 0x000000000266e000 Exception <a 'java/lang/ArrayIndexOutOfBoundsException': 145> (0x00000000ee054d58) thrown at [C:\workspace\8-2-build-windows-amd64-cygwin\jdk8u65\4987\hotspot\src\share\vm\interpreter\interpreterRuntime.cpp, line 366]
Event: 4.342 Thread 0x000000000266e000 Exception <a 'java/lang/ArrayIndexOutOfBoundsException'> (0x00000000ee056040) thrown at [C:\workspace\8-2-build-windows-amd64-cygwin\jdk8u65\4987\hotspot\src\share\vm\runtime\sharedRuntime.cpp, line 605]

Events (10 events):
Event: 6.369 Thread 0x0000000016814800 DEOPT PACKING pc=0x0000000002cf1263 sp=0x000000001798e520
Event: 6.369 Thread 0x0000000016814800 DEOPT UNPACKING pc=0x00000000027b787f sp=0x000000001798e270 mode 0
Event: 6.401 loading class com/android/dx/cf/attrib/AttRuntimeInvisibleAnnotations
Event: 6.401 loading class com/android/dx/cf/attrib/AttRuntimeInvisibleAnnotations done
Event: 6.406 Thread 0x000000000266e000 DEOPT PACKING pc=0x0000000002bf9649 sp=0x00000000025ae4e0
Event: 6.406 Thread 0x000000000266e000 DEOPT UNPACKING pc=0x00000000027b787f sp=0x00000000025ae310 mode 0
Event: 6.409 Thread 0x000000000266e000 DEOPT PACKING pc=0x0000000002b1acf8 sp=0x00000000025ae230
Event: 6.412 Thread 0x000000000266e000 DEOPT UNPACKING pc=0x00000000027b787f sp=0x00000000025adf58 mode 0
Event: 6.696 Thread 0x0000000016814800 DEOPT PACKING pc=0x0000000002b8322c sp=0x000000001798e510
Event: 6.696 Thread 0x0000000016814800 DEOPT UNPACKING pc=0x00000000027b787f sp=0x000000001798e290 mode 0


Dynamic libraries:
0x00007ff749fe0000 - 0x00007ff74a017000 	C:\Program Files\Java\jdk1.8.0_65\bin\java.exe
0x00007ffe38770000 - 0x00007ffe38931000 	C:\WINDOWS\SYSTEM32\ntdll.dll
0x00007ffe37ba0000 - 0x00007ffe37c4d000 	C:\WINDOWS\system32\KERNEL32.DLL
0x00007ffe34f60000 - 0x00007ffe35148000 	C:\WINDOWS\system32\KERNELBASE.dll
0x00007ffe37f70000 - 0x00007ffe38017000 	C:\WINDOWS\system32\ADVAPI32.dll
0x00007ffe382a0000 - 0x00007ffe3833d000 	C:\WINDOWS\system32\msvcrt.dll
0x00007ffe37910000 - 0x00007ffe3796b000 	C:\WINDOWS\system32\sechost.dll
0x00007ffe384a0000 - 0x00007ffe385bc000 	C:\WINDOWS\system32\RPCRT4.dll
0x00007ffe38340000 - 0x00007ffe38496000 	C:\WINDOWS\system32\USER32.dll
0x00007ffe385e0000 - 0x00007ffe38766000 	C:\WINDOWS\system32\GDI32.dll
0x00007ffe2ed40000 - 0x00007ffe2efb4000 	C:\WINDOWS\WinSxS\amd64_microsoft.windows.common-controls_6595b64144ccf1df_6.0.10586.494_none_a2d8b04ea53e3145\COMCTL32.dll
0x00007ffe375c0000 - 0x00007ffe3783d000 	C:\WINDOWS\system32\combase.dll
0x00007ffe34e20000 - 0x00007ffe34e8a000 	C:\WINDOWS\system32\bcryptPrimitives.dll
0x00007ffe37f30000 - 0x00007ffe37f6b000 	C:\WINDOWS\system32\IMM32.DLL
0x0000000054230000 - 0x0000000054302000 	C:\Program Files\Java\jdk1.8.0_65\jre\bin\msvcr100.dll
0x00000000546b0000 - 0x0000000054f39000 	C:\Program Files\Java\jdk1.8.0_65\jre\bin\server\jvm.dll
0x00007ffe38230000 - 0x00007ffe38238000 	C:\WINDOWS\system32\PSAPI.DLL
0x00007ffe23db0000 - 0x00007ffe23db9000 	C:\WINDOWS\SYSTEM32\WSOCK32.dll
0x00007ffe37d60000 - 0x00007ffe37dcb000 	C:\WINDOWS\system32\WS2_32.dll
0x00007ffe33490000 - 0x00007ffe334b3000 	C:\WINDOWS\SYSTEM32\WINMM.dll
0x00007ffe2f060000 - 0x00007ffe2f06a000 	C:\WINDOWS\SYSTEM32\VERSION.dll
0x00007ffe33430000 - 0x00007ffe3345c000 	C:\WINDOWS\SYSTEM32\WINMMBASE.dll
0x00007ffe34ef0000 - 0x00007ffe34f33000 	C:\WINDOWS\system32\cfgmgr32.dll
0x00000000546a0000 - 0x00000000546af000 	C:\Program Files\Java\jdk1.8.0_65\jre\bin\verify.dll
0x0000000054670000 - 0x0000000054699000 	C:\Program Files\Java\jdk1.8.0_65\jre\bin\java.dll
0x0000000054650000 - 0x0000000054666000 	C:\Program Files\Java\jdk1.8.0_65\jre\bin\zip.dll
0x00007ffe36060000 - 0x00007ffe375bc000 	C:\WINDOWS\system32\SHELL32.dll
0x00007ffe35210000 - 0x00007ffe35855000 	C:\WINDOWS\system32\windows.storage.dll
0x00007ffe38020000 - 0x00007ffe38072000 	C:\WINDOWS\system32\shlwapi.dll
0x00007ffe34d90000 - 0x00007ffe34d9f000 	C:\WINDOWS\system32\kernel.appcore.dll
0x00007ffe35150000 - 0x00007ffe35205000 	C:\WINDOWS\system32\shcore.dll
0x00007ffe34db0000 - 0x00007ffe34dfb000 	C:\WINDOWS\system32\powrprof.dll
0x00007ffe34e00000 - 0x00007ffe34e14000 	C:\WINDOWS\system32\profapi.dll

VM Arguments:
jvm_args: -Djava.awt.headless=true -Xmx1024M -Dfile.encoding=GBK -Duser.country=CN -Duser.language=zh -Duser.variant 
java_command: com.android.dx.command.Main --dex --num-threads=4 --output C:\Users\Administrator\AndroidStudioProjects\DemoTest\app\build\intermediates\pre-dexed\debug\BaiduLBS_Android_294cc0c85ae909fc020c7bf21579c77f3d9d3bd4.jar C:\Users\Administrator\AndroidStudioProjects\DemoTest\app\libs\BaiduLBS_Android.jar
java_class_path (initial): E:\AndroidSDK\build-tools\23.0.2\lib\dx.jar
Launcher Type: SUN_STANDARD

Environment Variables:
JAVA_HOME=C:\Program Files\Java\jdk1.8.0_65
CLASSPATH=D:\apache-tomcat-7.0.70\lib\servlet-api.jar
PATH=C:\Program Files\Java\jdk1.8.0_65\bin;C:\ProgramData\Oracle\Java\javapath;C:\Program Files (x86)\Intel\iCLS Client\;C:\Program Files\Intel\iCLS Client\;C:\Windows\system32;C:\Windows;C:\Windows\System32\Wbem;C:\Windows\System32\WindowsPowerShell\v1.0\;C:\Program Files (x86)\Intel\Intel(R) Management Engine Components\DAL;C:\Program Files\Intel\Intel(R) Management Engine Components\DAL;C:\Program Files (x86)\Intel\Intel(R) Management Engine Components\IPT;C:\Program Files\Intel\Intel(R) Management Engine Components\IPT;C:\Program Files (x86)\NVIDIA Corporation\PhysX\Common;C:\WINDOWS\system32;C:\WINDOWS;C:\WINDOWS\System32\Wbem;C:\WINDOWS\System32\WindowsPowerShell\v1.0\;F:\xampps\perl\bin\;D:\TortoiseSVN\bin;E:\AndroidSDK\platform-tools;C:\Program Files (x86)\Windows Kits\8.1\Windows Performance Toolkit\;C:\Program Files\Microsoft SQL Server\110\Tools\Binn\;C:\Program Files\Microsoft\Web Platform Installer\;C:\Program Files\Intel\WiFi\bin\;C:\Program Files\Common Files\Intel\WirelessCommon\;D:\apache-tomcat-7.0.70\lib\servlet-api.jar;D:\maven\apache-maven-3.3.9\bin;F:\HashiCorp\Vagrant\bin;F:\Ruby22-x64\bin;F:\Ruby21-x64\bin;C:\Program Files\Java\jdk1.8.0_65/bin;C:\Program Files\Java\jdk1.8.0_65/jre/bin; ;C:\Users\Administrator\AppData\Local\atom\bin;C:\Program Files\Intel\WiFi\bin\;C:\Program Files\Common Files\Intel\WirelessCommon\
USERNAME=Administrator
OS=Windows_NT
PROCESSOR_IDENTIFIER=Intel64 Family 6 Model 78 Stepping 3, GenuineIntel



---------------  S Y S T E M  ---------------

OS: Windows 10.0 , 64 bit Build 10586 (10.0.10586.0)

CPU:total 4 (2 cores per cpu, 2 threads per core) family 6 model 78 stepping 3, cmov, cx8, fxsr, mmx, sse, sse2, sse3, ssse3, sse4.1, sse4.2, popcnt, avx, avx2, aes, clmul, erms, 3dnowpref, lzcnt, ht, tsc, tscinvbit, bmi1, bmi2, adx

Memory: 4k page, physical 8082820k(1079828k free), swap 8082820k(5380k free)

vm_info: Java HotSpot(TM) 64-Bit Server VM (25.65-b01) for windows-amd64 JRE (1.8.0_65-b17), built on Oct  6 2015 16:39:20 by "java_re" with MS VC++ 10.0 (VS2010)

time: Fri Aug 26 11:47:39 2016
elapsed time: 6 seconds (0d 0h 0m 6s)

