#
# There is insufficient memory for the Java Runtime Environment to continue.
# Native memory allocation (malloc) failed to allocate 1792 bytes for AllocateHeap
# Possible reasons:
#   The system is out of physical RAM or swap space
#   In 32 bit mode, the process size limit was hit
# Possible solutions:
#   Reduce memory load on the system
#   Increase physical memory or swap space
#   Check if swap backing store is full
#   Use 64 bit Java on a 64 bit OS
#   Decrease Java heap size (-Xmx/-Xms)
#   Decrease number of Java threads
#   Decrease Java thread stack sizes (-Xss)
#   Set larger code cache with -XX:ReservedCodeCacheSize=
# This output file may be truncated or incomplete.
#
#  Out of Memory Error (memory/allocation.inline.hpp:61), pid=7424, tid=14256
#
# JRE version: Java(TM) SE Runtime Environment (8.0_65-b17) (build 1.8.0_65-b17)
# Java VM: Java HotSpot(TM) 64-Bit Server VM (25.65-b01 mixed mode windows-amd64 compressed oops)
# Failed to write core dump. Minidumps are not enabled by default on client versions of Windows
#

---------------  T H R E A D  ---------------

Current thread (0x0000000003148800):  GCTaskThread [stack: 0x0000000012a70000,0x0000000012b70000] [id=14256]

Stack: [0x0000000012a70000,0x0000000012b70000]
[error occurred during error reporting (printing stack bounds), id 0xc0000005]

Native frames: (J=compiled Java code, j=interpreted, Vv=VM code, C=native code)

JavaThread 0x000000000301e000 (nid = 12356) was being processed
Java frames: (J=compiled Java code, j=interpreted, Vv=VM code)
j  java.lang.ClassLoader.defineClass1(Ljava/lang/String;[BIILjava/security/ProtectionDomain;Ljava/lang/String;)Ljava/lang/Class;+0
j  java.lang.ClassLoader.defineClass(Ljava/lang/String;[BIILjava/security/ProtectionDomain;)Ljava/lang/Class;+27
j  java.security.SecureClassLoader.defineClass(Ljava/lang/String;[BIILjava/security/CodeSource;)Ljava/lang/Class;+12
j  java.net.URLClassLoader.defineClass(Ljava/lang/String;Lsun/misc/Resource;)Ljava/lang/Class;+138
j  java.net.URLClassLoader.access$100(Ljava/net/URLClassLoader;Ljava/lang/String;Lsun/misc/Resource;)Ljava/lang/Class;+3
j  java.net.URLClassLoader$1.run()Ljava/lang/Class;+43
j  java.net.URLClassLoader$1.run()Ljava/lang/Object;+1
v  ~StubRoutines::call_stub
j  java.security.AccessController.doPrivileged(Ljava/security/PrivilegedExceptionAction;Ljava/security/AccessControlContext;)Ljava/lang/Object;+0
j  java.net.URLClassLoader.findClass(Ljava/lang/String;)Ljava/lang/Class;+13
j  java.lang.ClassLoader.loadClass(Ljava/lang/String;Z)Ljava/lang/Class;+70
j  sun.misc.Launcher$AppClassLoader.loadClass(Ljava/lang/String;Z)Ljava/lang/Class;+81
j  java.lang.ClassLoader.loadClass(Ljava/lang/String;)Ljava/lang/Class;+3
j  sun.launcher.LauncherHelper.checkAndLoadMain(ZILjava/lang/String;)Ljava/lang/Class;+93
v  ~StubRoutines::call_stub

---------------  P R O C E S S  ---------------

Java Threads: ( => current thread )
  0x0000000017062800 JavaThread "Service Thread" daemon [_thread_blocked, id=12908, stack(0x0000000017600000,0x0000000017700000)]
  0x000000001705d800 JavaThread "C1 CompilerThread2" daemon [_thread_blocked, id=13068, stack(0x0000000017500000,0x0000000017600000)]
  0x0000000017056800 JavaThread "C2 CompilerThread1" daemon [_thread_blocked, id=13252, stack(0x0000000017400000,0x0000000017500000)]
  0x000000001598b800 JavaThread "C2 CompilerThread0" daemon [_thread_blocked, id=13424, stack(0x0000000016f00000,0x0000000017000000)]
  0x000000001593f800 JavaThread "Attach Listener" daemon [_thread_blocked, id=12744, stack(0x0000000016e00000,0x0000000016f00000)]
  0x000000001593e800 JavaThread "Signal Dispatcher" daemon [_thread_blocked, id=12624, stack(0x0000000016d00000,0x0000000016e00000)]
  0x0000000003221000 JavaThread "Finalizer" daemon [_thread_blocked, id=7084, stack(0x0000000016b90000,0x0000000016c90000)]
  0x00000000158f9800 JavaThread "Reference Handler" daemon [_thread_blocked, id=13176, stack(0x0000000016a90000,0x0000000016b90000)]
  0x000000000301e000 JavaThread "main" [_thread_blocked, id=12356, stack(0x0000000003020000,0x0000000003120000)]

Other Threads:
  0x00000000158f7800 VMThread [stack: 0x0000000016990000,0x0000000016a90000] [id=12292]
  0x00000000170c4000 WatcherThread [stack: 0x0000000017700000,0x0000000017800000] [id=11408]

=>0x0000000003148800 (exited) GCTaskThread [stack: 0x0000000012a70000,0x0000000012b70000] [id=14256]

VM state:at safepoint (normal execution)

VM Mutex/Monitor currently owned by a thread:  ([mutex/lock_event])
[0x000000000301c9d0] OopMapCacheAlloc_lock - owner thread: 0x0000000003148800
[0x000000000301d820] Threads_lock - owner thread: 0x00000000158f7800
[0x000000000301d5a0] Heap_lock - owner thread: 0x000000000301e000

Heap:
 PSYoungGen      total 36864K, used 2539K [0x00000000eab00000, 0x00000000ed400000, 0x0000000100000000)
  eden space 31744K, 8% used [0x00000000eab00000,0x00000000ead7af48,0x00000000eca00000)
  from space 5120K, 0% used [0x00000000ecf00000,0x00000000ecf00000,0x00000000ed400000)
  to   space 5120K, 12% used [0x00000000eca00000,0x00000000eca9e010,0x00000000ecf00000)
 ParOldGen       total 84992K, used 8K [0x00000000c0000000, 0x00000000c5300000, 0x00000000eab00000)
  object space 84992K, 0% used [0x00000000c0000000,0x00000000c0002000,0x00000000c5300000)
 Metaspace       used 2825K, capacity 4480K, committed 4480K, reserved 1062912K
  class space    used 304K, capacity 384K, committed 384K, reserved 1048576K

Card table byte_map: [0x0000000012600000,0x0000000012810000] byte_map_base: 0x0000000012000000

Marking Bits: (ParMarkBitMap*) 0x0000000054eba5b0
 Begin Bits: [0x0000000012d70000, 0x0000000013d70000)
 End Bits:   [0x0000000013d70000, 0x0000000014d70000)

Polling page: 0x0000000003000000

CodeCache: size=245760Kb used=1109Kb max_used=1129Kb free=244650Kb
 bounds [0x0000000003240000, 0x00000000034b0000, 0x0000000012240000]
 total_blobs=269 nmethods=32 adapters=151
 compilation: enabled

Compilation events (10 events):
Event: 0.182 Thread 0x000000001705d800   28       3       java.lang.StringBuilder::append (8 bytes)
Event: 0.182 Thread 0x000000001705d800 nmethod 28 0x0000000003354290 code [0x0000000003354400, 0x0000000003354588]
Event: 0.183 Thread 0x000000001705d800   29       3       java.util.jar.Attributes$Name::isValid (32 bytes)
Event: 0.183 Thread 0x000000001598b800   31       4       sun.misc.ASCIICaseInsensitiveComparator::toLower (16 bytes)
Event: 0.183 Thread 0x0000000017056800   32       4       sun.misc.ASCIICaseInsensitiveComparator::isUpper (18 bytes)
Event: 0.183 Thread 0x000000001705d800 nmethod 29 0x0000000003355b10 code [0x0000000003355ca0, 0x0000000003356130]
Event: 0.183 Thread 0x000000001705d800   30       3       java.util.jar.Attributes$Name::isAlpha (30 bytes)
Event: 0.183 Thread 0x0000000017056800 nmethod 32 0x000000000335a5d0 code [0x000000000335a700, 0x000000000335a758]
Event: 0.183 Thread 0x000000001598b800 nmethod 31 0x0000000003355910 code [0x0000000003355a40, 0x0000000003355a98]
Event: 0.183 Thread 0x000000001705d800 nmethod 30 0x0000000003355510 code [0x0000000003355680, 0x00000000033558b0]

GC Heap History (1 events):
Event: 0.187 GC heap before
{Heap before GC invocations=1 (full 0):
 PSYoungGen      total 36864K, used 2539K [0x00000000eab00000, 0x00000000ed400000, 0x0000000100000000)
  eden space 31744K, 8% used [0x00000000eab00000,0x00000000ead7af48,0x00000000eca00000)
  from space 5120K, 0% used [0x00000000ecf00000,0x00000000ecf00000,0x00000000ed400000)
  to   space 5120K, 0% used [0x00000000eca00000,0x00000000eca00000,0x00000000ecf00000)
 ParOldGen       total 84992K, used 0K [0x00000000c0000000, 0x00000000c5300000, 0x00000000eab00000)
  object space 84992K, 0% used [0x00000000c0000000,0x00000000c0000000,0x00000000c5300000)
 Metaspace       used 2825K, capacity 4480K, committed 4480K, reserved 1062912K
  class space    used 304K, capacity 384K, committed 384K, reserved 1048576K

Deoptimization events (0 events):
No events

Internal exceptions (2 events):
Event: 0.082 Thread 0x000000000301e000 Exception <a 'java/lang/NoSuchMethodError': Method sun.misc.Unsafe.defineClass(Ljava/lang/String;[BII)Ljava/lang/Class; name or signature does not match> (0x00000000eab130b0) thrown at [C:\workspace\8-2-build-windows-amd64-cygwin\jdk8u65\4987\hotspot\src\s"¿6l%µ?
Event: 0.083 Thread 0x000000000301e000 Exception <a 'java/lang/NoSuchMethodError': Method sun.misc.Unsafe.prefetchRead(Ljava/lang/Object;J)V name or signature does not match> (0x00000000eab13398) thrown at [C:\workspace\8-2-build-windows-amd64-cygwin\jdk8u65\4987\hotspot\src\share\vm\prims\jni.

Events (10 events):
Event: 0.186 loading class java/io/FilePermission$1 done
Event: 0.186 loading class java/io/FilePermissionCollection
Event: 0.186 loading class java/io/FilePermissionCollection done
Event: 0.186 loading class java/security/AllPermission
Event: 0.187 loading class java/security/AllPermission done
Event: 0.187 loading class java/security/UnresolvedPermission
Event: 0.187 loading class java/security/UnresolvedPermission done
Event: 0.187 loading class java/security/BasicPermissionCollection
Event: 0.187 loading class java/security/BasicPermissionCollection done
Event: 0.187 Executing VM operation: CollectForMetadataAllocation


Dynamic libraries:
0x00007ff749fe0000 - 0x00007ff74a017000 	C:\Program Files\Java\jdk1.8.0_65\bin\java.exe
0x00007ffe38770000 - 0x00007ffe38931000 	C:\WINDOWS\SYSTEM32\ntdll.dll
0x00007ffe37ba0000 - 0x00007ffe37c4d000 	C:\WINDOWS\system32\KERNEL32.DLL
0x00007ffe34f60000 - 0x00007ffe35148000 	C:\WINDOWS\system32\KERNELBASE.dll
0x00007ffe37f70000 - 0x00007ffe38017000 	C:\WINDOWS\system32\ADVAPI32.dll
0x00007ffe382a0000 - 0x00007ffe3833d000 	C:\WINDOWS\system32\msvcrt.dll
0x00007ffe37910000 - 0x00007ffe3796b000 	C:\WINDOWS\system32\sechost.dll
0x00007ffe384a0000 - 0x00007ffe385bc000 	C:\WINDOWS\system32\RPCRT4.dll
0x00007ffe38340000 - 0x00007ffe38496000 	C:\WINDOWS\system32\USER32.dll
0x00007ffe385e0000 - 0x00007ffe38766000 	C:\WINDOWS\system32\GDI32.dll
0x00007ffe2ed40000 - 0x00007ffe2efb4000 	C:\WINDOWS\WinSxS\amd64_microsoft.windows.common-controls_6595b64144ccf1df_6.0.10586.494_none_a2d8b04ea53e3145\COMCTL32.dll
0x00007ffe375c0000 - 0x00007ffe3783d000 	C:\WINDOWS\system32\combase.dll
0x00007ffe34e20000 - 0x00007ffe34e8a000 	C:\WINDOWS\system32\bcryptPrimitives.dll
0x00007ffe37f30000 - 0x00007ffe37f6b000 	C:\WINDOWS\system32\IMM32.DLL
0x0000000054230000 - 0x0000000054302000 	C:\Program Files\Java\jdk1.8.0_65\jre\bin\msvcr100.dll
0x00000000546b0000 - 0x0000000054f39000 	C:\Program Files\Java\jdk1.8.0_65\jre\bin\server\jvm.dll
0x00007ffe38230000 - 0x00007ffe38238000 	C:\WINDOWS\system32\PSAPI.DLL
0x00007ffe23db0000 - 0x00007ffe23db9000 	C:\WINDOWS\SYSTEM32\WSOCK32.dll
0x00007ffe33490000 - 0x00007ffe334b3000 	C:\WINDOWS\SYSTEM32\WINMM.dll
0x00007ffe37d60000 - 0x00007ffe37dcb000 	C:\WINDOWS\system32\WS2_32.dll
0x00007ffe2f060000 - 0x00007ffe2f06a000 	C:\WINDOWS\SYSTEM32\VERSION.dll
0x00007ffe33430000 - 0x00007ffe3345c000 	C:\WINDOWS\SYSTEM32\WINMMBASE.dll
0x00007ffe34ef0000 - 0x00007ffe34f33000 	C:\WINDOWS\system32\cfgmgr32.dll
0x00000000546a0000 - 0x00000000546af000 	C:\Program Files\Java\jdk1.8.0_65\jre\bin\verify.dll
0x0000000054670000 - 0x0000000054699000 	C:\Program Files\Java\jdk1.8.0_65\jre\bin\java.dll
0x0000000054650000 - 0x0000000054666000 	C:\Program Files\Java\jdk1.8.0_65\jre\bin\zip.dll
0x00007ffe36060000 - 0x00007ffe375bc000 	C:\WINDOWS\system32\SHELL32.dll
0x00007ffe35210000 - 0x00007ffe35855000 	C:\WINDOWS\system32\windows.storage.dll
0x00007ffe38020000 - 0x00007ffe38072000 	C:\WINDOWS\system32\shlwapi.dll
0x00007ffe34d90000 - 0x00007ffe34d9f000 	C:\WINDOWS\system32\kernel.appcore.dll
0x00007ffe35150000 - 0x00007ffe35205000 	C:\WINDOWS\system32\shcore.dll
0x00007ffe34db0000 - 0x00007ffe34dfb000 	C:\WINDOWS\system32\powrprof.dll
0x00007ffe34e00000 - 0x00007ffe34e14000 	C:\WINDOWS\system32\profapi.dll

VM Arguments:
jvm_args: -Djava.awt.headless=true -Xmx1024M -Dfile.encoding=GBK -Duser.country=CN -Duser.language=zh -Duser.variant 
java_command: com.android.dx.command.Main --dex --num-threads=4 --output C:\Users\Administrator\AndroidStudioProjects\DemoTest\app\build\intermediates\pre-dexed\debug\httpmime-4.1.2_29d62723c227a6e50434b1ecbb6d930ea44a1baf.jar C:\Users\Administrator\AndroidStudioProjects\DemoTest\app\libs\httpmime-4.1.2.jar
java_class_path (initial): E:\AndroidSDK\build-tools\23.0.2\lib\dx.jar
Launcher Type: SUN_STANDARD

Environment Variables:
JAVA_HOME=C:\Program Files\Java\jdk1.8.0_65
CLASSPATH=D:\apache-tomcat-7.0.70\lib\servlet-api.jar
PATH=C:\Program Files\Java\jdk1.8.0_65\bin;C:\ProgramData\Oracle\Java\javapath;C:\Program Files (x86)\Intel\iCLS Client\;C:\Program Files\Intel\iCLS Client\;C:\Windows\system32;C:\Windows;C:\Windows\System32\Wbem;C:\Windows\System32\WindowsPowerShell\v1.0\;C:\Program Files (x86)\Intel\Intel(R) Management Engine Components\DAL;C:\Program Files\Intel\Intel(R) Management Engine Components\DAL;C:\Program Files (x86)\Intel\Intel(R) Management Engine Components\IPT;C:\Program Files\Intel\Intel(R) Management Engine Components\IPT;C:\Program Files (x86)\NVIDIA Corporation\PhysX\Common;C:\WINDOWS\system32;C:\WINDOWS;C:\WINDOWS\System32\Wbem;C:\WINDOWS\System32\WindowsPowerShell\v1.0\;F:\xampps\perl\bin\;D:\TortoiseSVN\bin;E:\AndroidSDK\platform-tools;C:\Program Files (x86)\Windows Kits\8.1\Windows Performance Toolkit\;C:\Program Files\Microsoft SQL Server\110\Tools\Binn\;C:\Program Files\Microsoft\Web Platform Installer\;C:\Program Files\Intel\WiFi\bin\;C:\Program Files\Common Files\Intel\WirelessCommon\;D:\apache-tomcat-7.0.70\lib\servlet-api.jar;D:\maven\apache-maven-3.3.9\bin;F:\HashiCorp\Vagrant\bin;F:\Ruby22-x64\bin;F:\Ruby21-x64\bin;C:\Program Files\Java\jdk1.8.0_65/bin;C:\Program Files\Java\jdk1.8.0_65/jre/bin; ;C:\Users\Administrator\AppData\Local\atom\bin;C:\Program Files\Intel\WiFi\bin\;C:\Program Files\Common Files\Intel\WirelessCommon\
USERNAME=Administrator
OS=Windows_NT
PROCESSOR_IDENTIFIER=Intel64 Family 6 Model 78 Stepping 3, GenuineIntel



---------------  S Y S T E M  ---------------

OS: Windows 10.0 , 64 bit Build 10586 (10.0.10586.0)

CPU:total 4 (2 cores per cpu, 2 threads per core) family 6 model 78 stepping 3, cmov, cx8, fxsr, mmx, sse, sse2, sse3, ssse3, sse4.1, sse4.2, popcnt, avx, avx2, aes, clmul, erms, 3dnowpref, lzcnt, ht, tsc, tscinvbit, bmi1, bmi2, adx

Memory: 4k page, physical 8082820k(1344968k free), swap 8082820k(2372k free)

vm_info: Java HotSpot(TM) 64-Bit Server VM (25.65-b01) for windows-amd64 JRE (1.8.0_65-b17), built on Oct  6 2015 16:39:20 by "java_re" with MS VC++ 10.0 (VS2010)

time: Fri Aug 26 11:47:39 2016
elapsed time: 0 seconds (0d 0h 0m 0s)

