#
# There is insufficient memory for the Java Runtime Environment to continue.
# Native memory allocation (malloc) failed to allocate 624256 bytes for Chunk::new
# Possible reasons:
#   The system is out of physical RAM or swap space
#   In 32 bit mode, the process size limit was hit
# Possible solutions:
#   Reduce memory load on the system
#   Increase physical memory or swap space
#   Check if swap backing store is full
#   Use 64 bit Java on a 64 bit OS
#   Decrease Java heap size (-Xmx/-Xms)
#   Decrease number of Java threads
#   Decrease Java thread stack sizes (-Xss)
#   Set larger code cache with -XX:ReservedCodeCacheSize=
# This output file may be truncated or incomplete.
#
#  Out of Memory Error (allocation.cpp:390), pid=8904, tid=12916
#
# JRE version: Java(TM) SE Runtime Environment (8.0_65-b17) (build 1.8.0_65-b17)
# Java VM: Java HotSpot(TM) 64-Bit Server VM (25.65-b01 mixed mode windows-amd64 compressed oops)
# Failed to write core dump. Minidumps are not enabled by default on client versions of Windows
#

---------------  T H R E A D  ---------------

Current thread (0x0000000016f00800):  JavaThread "C2 CompilerThread1" daemon [_thread_in_native, id=12916, stack(0x0000000017300000,0x0000000017400000)]

Stack: [0x0000000017300000,0x0000000017400000]
[error occurred during error reporting (printing stack bounds), id 0xc0000005]

Native frames: (J=compiled Java code, j=interpreted, Vv=VM code, C=native code)


Current CompileTask:
C2:   2843 1246       4       com.android.dx.ssa.LocalVariableExtractor::processBlock (383 bytes)


---------------  P R O C E S S  ---------------

Java Threads: ( => current thread )
  0x0000000017177000 JavaThread "pool-1-thread-4" [_thread_blocked, id=6856, stack(0x0000000017b00000,0x0000000017c00000)]
  0x0000000017176000 JavaThread "pool-1-thread-3" [_thread_blocked, id=12448, stack(0x0000000017a00000,0x0000000017b00000)]
  0x0000000017142000 JavaThread "pool-1-thread-2" [_thread_in_vm, id=12944, stack(0x0000000017900000,0x0000000017a00000)]
  0x0000000017141000 JavaThread "pool-2-thread-1" [_thread_blocked, id=12804, stack(0x0000000017800000,0x0000000017900000)]
  0x000000001713e800 JavaThread "pool-1-thread-1" [_thread_blocked, id=12772, stack(0x0000000017700000,0x0000000017800000)]
  0x0000000016f5f800 JavaThread "Service Thread" daemon [_thread_blocked, id=2136, stack(0x0000000017500000,0x0000000017600000)]
  0x0000000016f5d800 JavaThread "C1 CompilerThread2" daemon [_thread_in_native, id=2444, stack(0x0000000017400000,0x0000000017500000)]
=>0x0000000016f00800 JavaThread "C2 CompilerThread1" daemon [_thread_in_native, id=12916, stack(0x0000000017300000,0x0000000017400000)]
  0x000000001590c000 JavaThread "C2 CompilerThread0" daemon [_thread_in_native, id=2224, stack(0x0000000016e00000,0x0000000016f00000)]
  0x000000001590a000 JavaThread "Attach Listener" daemon [_thread_blocked, id=880, stack(0x0000000016d00000,0x0000000016e00000)]
  0x00000000158bf000 JavaThread "Signal Dispatcher" daemon [_thread_blocked, id=6540, stack(0x0000000016c00000,0x0000000016d00000)]
  0x00000000031d1800 JavaThread "Finalizer" daemon [_thread_blocked, id=13108, stack(0x0000000016b00000,0x0000000016c00000)]
  0x00000000031ce800 JavaThread "Reference Handler" daemon [_thread_blocked, id=2588, stack(0x0000000016a00000,0x0000000016b00000)]
  0x0000000002fde000 JavaThread "main" [_thread_blocked, id=12696, stack(0x0000000002fe0000,0x00000000030e0000)]

Other Threads:
  0x0000000015878800 VMThread [stack: 0x0000000016900000,0x0000000016a00000] [id=12620]
  0x0000000016f7c800 WatcherThread [stack: 0x0000000017600000,0x0000000017700000] [id=4840]

VM state:not at safepoint (normal execution)

VM Mutex/Monitor currently owned by a thread: None

Heap:
 PSYoungGen      total 36864K, used 12426K [0x00000000eab00000, 0x00000000ed400000, 0x0000000100000000)
  eden space 31744K, 23% used [0x00000000eab00000,0x00000000eb2242e8,0x00000000eca00000)
  from space 5120K, 99% used [0x00000000eca00000,0x00000000ecefe690,0x00000000ecf00000)
  to   space 5120K, 0% used [0x00000000ecf00000,0x00000000ecf00000,0x00000000ed400000)
 ParOldGen       total 84992K, used 1152K [0x00000000c0000000, 0x00000000c5300000, 0x00000000eab00000)
  object space 84992K, 1% used [0x00000000c0000000,0x00000000c0120078,0x00000000c5300000)
 Metaspace       used 6018K, capacity 6900K, committed 7040K, reserved 1056768K
  class space    used 600K, capacity 620K, committed 640K, reserved 1048576K

Card table byte_map: [0x00000000125a0000,0x00000000127b0000] byte_map_base: 0x0000000011fa0000

Marking Bits: (ParMarkBitMap*) 0x0000000055b9a5b0
 Begin Bits: [0x0000000012d10000, 0x0000000013d10000)
 End Bits:   [0x0000000013d10000, 0x0000000014d10000)

Polling page: 0x0000000001370000

CodeCache: size=245760Kb used=5027Kb max_used=5027Kb free=240732Kb
 bounds [0x00000000031e0000, 0x00000000036d0000, 0x00000000121e0000]
 total_blobs=1530 nmethods=1258 adapters=184
 compilation: enabled

Compilation events (10 events):
Event: 2.812 Thread 0x0000000016f5d800 1256   !   3       com.android.dx.cf.direct.AttributeListParser::parse (323 bytes)
Event: 2.815 Thread 0x0000000016f5d800 nmethod 1256 0x00000000036b1b10 code [0x00000000036b2060, 0x00000000036b57a8]
Event: 2.827 Thread 0x0000000016f5d800 1257       3       com.android.dx.rop.annotation.Annotations::size (8 bytes)
Event: 2.828 Thread 0x0000000016f5d800 nmethod 1257 0x00000000036b1790 code [0x00000000036b18e0, 0x00000000036b1a70]
Event: 2.829 Thread 0x0000000016f5d800 1258       3       com.android.dx.rop.code.RopMethod::<init> (53 bytes)
Event: 2.830 Thread 0x0000000016f5d800 nmethod 1258 0x00000000036b10d0 code [0x00000000036b1260, 0x00000000036b1638]
Event: 2.832 Thread 0x0000000016f5d800 1259       3       com.android.dx.ssa.DeadCodeRemover::process (14 bytes)
Event: 2.832 Thread 0x0000000016f5d800 nmethod 1259 0x00000000036b0c90 code [0x00000000036b0e00, 0x00000000036b0ff8]
Event: 2.837 Thread 0x0000000016f5d800 1260       3       com.android.dx.cf.code.Ropper::getRopMethod (64 bytes)
Event: 2.838 Thread 0x0000000016f5d800 nmethod 1260 0x00000000036af3d0 code [0x00000000036af620, 0x00000000036b03b8]

GC Heap History (2 events):
Event: 2.029 GC heap before
{Heap before GC invocations=1 (full 0):
 PSYoungGen      total 36864K, used 31744K [0x00000000eab00000, 0x00000000ed400000, 0x0000000100000000)
  eden space 31744K, 100% used [0x00000000eab00000,0x00000000eca00000,0x00000000eca00000)
  from space 5120K, 0% used [0x00000000ecf00000,0x00000000ecf00000,0x00000000ed400000)
  to   space 5120K, 0% used [0x00000000eca00000,0x00000000eca00000,0x00000000ecf00000)
 ParOldGen       total 84992K, used 0K [0x00000000c0000000, 0x00000000c5300000, 0x00000000eab00000)
  object space 84992K, 0% used [0x00000000c0000000,0x00000000c0000000,0x00000000c5300000)
 Metaspace       used 5946K, capacity 6836K, committed 7040K, reserved 1056768K
  class space    used 600K, capacity 620K, committed 640K, reserved 1048576K
Event: 2.173 GC heap after
Heap after GC invocations=1 (full 0):
 PSYoungGen      total 36864K, used 5113K [0x00000000eab00000, 0x00000000ed400000, 0x0000000100000000)
  eden space 31744K, 0% used [0x00000000eab00000,0x00000000eab00000,0x00000000eca00000)
  from space 5120K, 99% used [0x00000000eca00000,0x00000000ecefe690,0x00000000ecf00000)
  to   space 5120K, 0% used [0x00000000ecf00000,0x00000000ecf00000,0x00000000ed400000)
 ParOldGen       total 84992K, used 1152K [0x00000000c0000000, 0x00000000c5300000, 0x00000000eab00000)
  object space 84992K, 1% used [0x00000000c0000000,0x00000000c0120078,0x00000000c5300000)
 Metaspace       used 5946K, capacity 6836K, committed 7040K, reserved 1056768K
  class space    used 600K, capacity 620K, committed 640K, reserved 1048576K
}

Deoptimization events (10 events):
Event: 0.883 Thread 0x0000000002fde000 Uncommon trap: reason=unstable_if action=reinterpret pc=0x00000000033e2fc4 method=java.util.HashMap.getNode(ILjava/lang/Object;)Ljava/util/HashMap$Node; @ 62
Event: 0.980 Thread 0x0000000017142000 Uncommon trap: reason=unstable_if action=reinterpret pc=0x000000000345fa5c method=java.util.HashMap.getNode(ILjava/lang/Object;)Ljava/util/HashMap$Node; @ 129
Event: 1.127 Thread 0x0000000017177000 Uncommon trap: reason=unstable_if action=reinterpret pc=0x000000000351b2c4 method=com.android.dx.ssa.SsaRenamer$BlockRenamer.addMapping(ILcom/android/dx/rop/code/RegisterSpec;)V @ 120
Event: 1.137 Thread 0x0000000002fde000 Uncommon trap: reason=unstable_if action=reinterpret pc=0x000000000337c12c method=java.lang.String.<init>([CII)V @ 18
Event: 1.141 Thread 0x0000000017177000 Uncommon trap: reason=class_check action=maybe_recompile pc=0x00000000034a19b0 method=com.android.dx.ssa.NormalSsaInsn.accept(Lcom/android/dx/ssa/SsaInsn$Visitor;)V @ 9
Event: 1.141 Thread 0x0000000017177000 Uncommon trap: reason=class_check action=maybe_recompile pc=0x000000000344c2b0 method=com.android.dx.ssa.NormalSsaInsn.accept(Lcom/android/dx/ssa/SsaInsn$Visitor;)V @ 9
Event: 1.141 Thread 0x0000000017177000 Uncommon trap: reason=class_check action=maybe_recompile pc=0x000000000344c2b0 method=com.android.dx.ssa.NormalSsaInsn.accept(Lcom/android/dx/ssa/SsaInsn$Visitor;)V @ 9
Event: 1.142 Thread 0x0000000017177000 Uncommon trap: reason=class_check action=maybe_recompile pc=0x00000000034a19b0 method=com.android.dx.ssa.NormalSsaInsn.accept(Lcom/android/dx/ssa/SsaInsn$Visitor;)V @ 9
Event: 1.142 Thread 0x0000000017177000 Uncommon trap: reason=class_check action=maybe_recompile pc=0x000000000344c2b0 method=com.android.dx.ssa.NormalSsaInsn.accept(Lcom/android/dx/ssa/SsaInsn$Visitor;)V @ 9
Event: 2.255 Thread 0x000000001713e800 Uncommon trap: reason=bimorphic action=maybe_recompile pc=0x0000000003612e04 method=java.util.HashMap.putVal(ILjava/lang/Object;Ljava/lang/Object;ZZ)Ljava/lang/Object; @ 91

Internal exceptions (2 events):
Event: 0.166 Thread 0x0000000002fde000 Exception <a 'java/lang/NoSuchMethodError': Method sun.misc.Unsafe.defineClass(Ljava/lang/String;[BII)Ljava/lang/Class; name or signature does not match> (0x00000000eab130b0) thrown at [C:\workspace\8-2-build-windows-amd64-cygwin\jdk8u65\4987\hotspot\src\sMÍœ’L≈?
Event: 0.166 Thread 0x0000000002fde000 Exception <a 'java/lang/NoSuchMethodError': Method sun.misc.Unsafe.prefetchRead(Ljava/lang/Object;J)V name or signature does not match> (0x00000000eab13398) thrown at [C:\workspace\8-2-build-windows-amd64-cygwin\jdk8u65\4987\hotspot\src\share\vm\prims\jni.

Events (10 events):
Event: 1.702 Executing VM operation: ForceSafepoint done
Event: 1.774 Executing VM operation: ParallelGCFailedAllocation
Event: 2.173 Executing VM operation: ParallelGCFailedAllocation done
Event: 2.222 Thread 0x0000000017177000 DEOPT PACKING pc=0x00000000034f7a61 sp=0x0000000017bfe910
Event: 2.222 Thread 0x0000000017177000 DEOPT UNPACKING pc=0x000000000322787f sp=0x0000000017bfe680 mode 0
Event: 2.255 Thread 0x000000001713e800 Uncommon trap: trap_request=0xffffffc6 fr.pc=0x0000000003612e04
Event: 2.255 Thread 0x000000001713e800 DEOPT PACKING pc=0x0000000003612e04 sp=0x00000000177fe7a0
Event: 2.255 Thread 0x000000001713e800 DEOPT UNPACKING pc=0x000000000322582a sp=0x00000000177fe6d8 mode 2
Event: 2.262 Thread 0x000000001713e800 DEOPT PACKING pc=0x000000000350006d sp=0x00000000177fe700
Event: 2.262 Thread 0x000000001713e800 DEOPT UNPACKING pc=0x000000000322787f sp=0x00000000177fe4e0 mode 0


Dynamic libraries:
0x00007ff6106a0000 - 0x00007ff6106d7000 	C:\Program Files\Java\jdk1.8.0_65\bin\java.exe
0x00007ff8ea720000 - 0x00007ff8ea8e1000 	C:\WINDOWS\SYSTEM32\ntdll.dll
0x00007ff8e82d0000 - 0x00007ff8e837d000 	C:\WINDOWS\system32\KERNEL32.DLL
0x00007ff8e6f10000 - 0x00007ff8e70f8000 	C:\WINDOWS\system32\KERNELBASE.dll
0x00007ff8ea410000 - 0x00007ff8ea4b7000 	C:\WINDOWS\system32\ADVAPI32.dll
0x00007ff8e88c0000 - 0x00007ff8e895d000 	C:\WINDOWS\system32\msvcrt.dll
0x00007ff8ea6c0000 - 0x00007ff8ea71b000 	C:\WINDOWS\system32\sechost.dll
0x00007ff8e8730000 - 0x00007ff8e884c000 	C:\WINDOWS\system32\RPCRT4.dll
0x00007ff8e7e30000 - 0x00007ff8e7f86000 	C:\WINDOWS\system32\USER32.dll
0x00007ff8e85a0000 - 0x00007ff8e8726000 	C:\WINDOWS\system32\GDI32.dll
0x00007ff8dd9e0000 - 0x00007ff8ddc54000 	C:\WINDOWS\WinSxS\amd64_microsoft.windows.common-controls_6595b64144ccf1df_6.0.10586.589_none_a2ddb3caa539acce\COMCTL32.dll
0x00007ff8e7b20000 - 0x00007ff8e7d9d000 	C:\WINDOWS\system32\combase.dll
0x00007ff8e6df0000 - 0x00007ff8e6e5a000 	C:\WINDOWS\system32\bcryptPrimitives.dll
0x00007ff8ea670000 - 0x00007ff8ea6ab000 	C:\WINDOWS\system32\IMM32.DLL
0x0000000054a00000 - 0x0000000054ad2000 	C:\Program Files\Java\jdk1.8.0_65\jre\bin\msvcr100.dll
0x0000000055390000 - 0x0000000055c19000 	C:\Program Files\Java\jdk1.8.0_65\jre\bin\server\jvm.dll
0x00007ff8ea6b0000 - 0x00007ff8ea6b8000 	C:\WINDOWS\system32\PSAPI.DLL
0x00007ff8d54a0000 - 0x00007ff8d54a9000 	C:\WINDOWS\SYSTEM32\WSOCK32.dll
0x00007ff8e7da0000 - 0x00007ff8e7e0b000 	C:\WINDOWS\system32\WS2_32.dll
0x00007ff8e5470000 - 0x00007ff8e5493000 	C:\WINDOWS\SYSTEM32\WINMM.dll
0x00007ff8ddce0000 - 0x00007ff8ddcea000 	C:\WINDOWS\SYSTEM32\VERSION.dll
0x00007ff8e5410000 - 0x00007ff8e543c000 	C:\WINDOWS\SYSTEM32\WINMMBASE.dll
0x00007ff8e7a40000 - 0x00007ff8e7a83000 	C:\WINDOWS\system32\cfgmgr32.dll
0x0000000055df0000 - 0x0000000055dff000 	C:\Program Files\Java\jdk1.8.0_65\jre\bin\verify.dll
0x0000000055dc0000 - 0x0000000055de9000 	C:\Program Files\Java\jdk1.8.0_65\jre\bin\java.dll
0x0000000055da0000 - 0x0000000055db6000 	C:\Program Files\Java\jdk1.8.0_65\jre\bin\zip.dll
0x00007ff8e8eb0000 - 0x00007ff8ea40c000 	C:\WINDOWS\system32\SHELL32.dll
0x00007ff8e71c0000 - 0x00007ff8e7805000 	C:\WINDOWS\system32\windows.storage.dll
0x00007ff8e8270000 - 0x00007ff8e82c2000 	C:\WINDOWS\system32\shlwapi.dll
0x00007ff8e6dc0000 - 0x00007ff8e6dcf000 	C:\WINDOWS\system32\kernel.appcore.dll
0x00007ff8e7100000 - 0x00007ff8e71b5000 	C:\WINDOWS\system32\shcore.dll
0x00007ff8e6d60000 - 0x00007ff8e6dab000 	C:\WINDOWS\system32\powrprof.dll
0x00007ff8e6d40000 - 0x00007ff8e6d54000 	C:\WINDOWS\system32\profapi.dll

VM Arguments:
jvm_args: -Djava.awt.headless=true -Xmx1024M -Dfile.encoding=GBK -Duser.country=CN -Duser.language=zh -Duser.variant 
java_command: com.android.dx.command.Main --dex --num-threads=4 --output C:\Users\Administrator\AndroidStudioProjects\DemoTest\app\build\intermediates\pre-dexed\debug\DemoTest-sdk-unspecified_88003abded0c74808c1707b8cc2ce7c58389ebd9.jar C:\Users\Administrator\AndroidStudioProjects\DemoTest\app\build\intermediates\exploded-aar\DemoTest\sdk\unspecified\jars\classes.jar
java_class_path (initial): E:\AndroidSDK\build-tools\23.0.2\lib\dx.jar
Launcher Type: SUN_STANDARD

Environment Variables:
JAVA_HOME=C:\Program Files\Java\jdk1.8.0_65
CLASSPATH=D:\apache-tomcat-7.0.70\lib\servlet-api.jar
PATH=C:\Program Files\Java\jdk1.8.0_65\bin;C:\ProgramData\Oracle\Java\javapath;C:\Program Files (x86)\Intel\iCLS Client\;C:\Program Files\Intel\iCLS Client\;C:\Windows\system32;C:\Windows;C:\Windows\System32\Wbem;C:\Windows\System32\WindowsPowerShell\v1.0\;C:\Program Files (x86)\Intel\Intel(R) Management Engine Components\DAL;C:\Program Files\Intel\Intel(R) Management Engine Components\DAL;C:\Program Files (x86)\Intel\Intel(R) Management Engine Components\IPT;C:\Program Files\Intel\Intel(R) Management Engine Components\IPT;C:\Program Files (x86)\NVIDIA Corporation\PhysX\Common;C:\WINDOWS\system32;C:\WINDOWS;C:\WINDOWS\System32\Wbem;C:\WINDOWS\System32\WindowsPowerShell\v1.0\;F:\xampps\perl\bin\;D:\TortoiseSVN\bin;E:\AndroidSDK\platform-tools;C:\Program Files (x86)\Windows Kits\8.1\Windows Performance Toolkit\;C:\Program Files\Microsoft SQL Server\110\Tools\Binn\;C:\Program Files\Microsoft\Web Platform Installer\;C:\Program Files\Intel\WiFi\bin\;C:\Program Files\Common Files\Intel\WirelessCommon\;D:\apache-tomcat-7.0.70\lib\servlet-api.jar;D:\maven\apache-maven-3.3.9\bin;F:\HashiCorp\Vagrant\bin;F:\Ruby22-x64\bin;F:\Ruby21-x64\bin;C:\Program Files\Java\jdk1.8.0_65/bin;C:\Program Files\Java\jdk1.8.0_65/jre/bin; ;C:\Users\Administrator\AppData\Local\atom\bin;C:\Program Files\Intel\WiFi\bin\;C:\Program Files\Common Files\Intel\WirelessCommon\
USERNAME=Administrator
OS=Windows_NT
PROCESSOR_IDENTIFIER=Intel64 Family 6 Model 78 Stepping 3, GenuineIntel



---------------  S Y S T E M  ---------------

OS: Windows 10.0 , 64 bit Build 10586 (10.0.10586.589)

CPU:total 4 (2 cores per cpu, 2 threads per core) family 6 model 78 stepping 3, cmov, cx8, fxsr, mmx, sse, sse2, sse3, ssse3, sse4.1, sse4.2, popcnt, avx, avx2, aes, clmul, erms, 3dnowpref, lzcnt, ht, tsc, tscinvbit, bmi1, bmi2, adx

Memory: 4k page, physical 8082820k(1487968k free), swap 8082820k(5632k free)

vm_info: Java HotSpot(TM) 64-Bit Server VM (25.65-b01) for windows-amd64 JRE (1.8.0_65-b17), built on Oct  6 2015 16:39:20 by "java_re" with MS VC++ 10.0 (VS2010)

time: Sat Oct 08 09:43:59 2016
elapsed time: 2 seconds (0d 0h 0m 2s)

